2025-03-01 11:07:53.416 [info] Extension host with pid 956 started
2025-03-01 11:07:53.459 [info] Lock '/home/achraf/.vscode-server/data/User/workspaceStorage/86d45550490db6ed81f978ae1aa2a9e1/vscode.lock': Lock acquired.
2025-03-01 11:07:53.902 [info] ExtensionService#_doActivateExtension vscode.emmet, startup: false, activationEvent: 'onLanguage'
2025-03-01 11:07:53.908 [info] ExtensionService#_doActivateExtension vscode.typescript-language-features, startup: false, activationEvent: 'onLanguage:javascript'
2025-03-01 11:07:54.962 [info] ExtensionService#_doActivateExtension vscode.git-base, startup: true, activationEvent: '*', root cause: vscode.git
2025-03-01 11:07:54.981 [info] ExtensionService#_doActivateExtension vscode.npm, startup: true, activationEvent: 'workspaceContains:package.json'
2025-03-01 11:07:55.290 [info] ExtensionService#_doActivateExtension vscode.git, startup: true, activationEvent: '*'
2025-03-01 11:07:55.291 [info] ExtensionService#_doActivateExtension vscode.github, startup: true, activationEvent: '*'
2025-03-01 11:07:55.919 [info] ExtensionService#_doActivateExtension NomicFoundation.hardhat-solidity, startup: true, activationEvent: 'workspaceContains:**/hardhat.config.{ts,js},**/foundry.toml,**/truffle-config.js,**/ape-config.yaml'
2025-03-01 11:07:58.178 [info] Eager extensions activated
2025-03-01 11:07:58.179 [info] ExtensionService#_doActivateExtension vscode.debug-auto-launch, startup: false, activationEvent: 'onStartupFinished'
2025-03-01 11:07:58.180 [info] ExtensionService#_doActivateExtension vscode.merge-conflict, startup: false, activationEvent: 'onStartupFinished'
2025-03-01 11:08:03.416 [info] ExtensionService#_doActivateExtension vscode.configuration-editing, startup: false, activationEvent: 'onLanguage:json'
2025-03-01 11:08:03.417 [info] ExtensionService#_doActivateExtension vscode.extension-editing, startup: false, activationEvent: 'onLanguage:json'
2025-03-01 11:08:03.418 [info] ExtensionService#_doActivateExtension vscode.json-language-features, startup: false, activationEvent: 'onLanguage:json'
2025-03-01 11:08:05.190 [warning] [Decorations] CAPPING events from decorations provider vscode.git 3456
2025-03-01 11:08:07.004 [warning] [Decorations] CAPPING events from decorations provider vscode.git 3458
2025-03-01 11:08:17.170 [warning] [Decorations] CAPPING events from decorations provider vscode.git 3457
2025-03-01 11:08:22.384 [warning] [Decorations] CAPPING events from decorations provider vscode.git 3457
2025-03-01 11:08:27.569 [warning] [Decorations] CAPPING events from decorations provider vscode.git 3457
2025-03-01 11:08:32.768 [warning] [Decorations] CAPPING events from decorations provider vscode.git 3457
2025-03-01 11:08:38.106 [warning] [Decorations] CAPPING events from decorations provider vscode.git 3457
2025-03-01 11:08:44.135 [warning] [Decorations] CAPPING events from decorations provider vscode.git 3457
2025-03-01 11:08:49.397 [warning] [Decorations] CAPPING events from decorations provider vscode.git 3457
2025-03-01 11:08:54.667 [warning] [Decorations] CAPPING events from decorations provider vscode.git 3457
2025-03-01 11:08:59.926 [warning] [Decorations] CAPPING events from decorations provider vscode.git 3457
2025-03-01 11:09:06.005 [warning] [Decorations] CAPPING events from decorations provider vscode.git 3457
2025-03-01 11:09:11.434 [warning] [Decorations] CAPPING events from decorations provider vscode.git 3457
2025-03-01 11:09:16.637 [warning] [Decorations] CAPPING events from decorations provider vscode.git 3457
2025-03-01 11:09:21.911 [warning] [Decorations] CAPPING events from decorations provider vscode.git 3457
2025-03-01 11:09:27.093 [warning] [Decorations] CAPPING events from decorations provider vscode.git 3457
2025-03-01 11:09:32.378 [warning] [Decorations] CAPPING events from decorations provider vscode.git 3457
2025-03-01 11:09:37.585 [warning] [Decorations] CAPPING events from decorations provider vscode.git 3457
2025-03-01 11:09:42.973 [warning] [Decorations] CAPPING events from decorations provider vscode.git 3457
2025-03-01 11:09:48.259 [warning] [Decorations] CAPPING events from decorations provider vscode.git 3457
2025-03-01 11:09:53.551 [warning] [Decorations] CAPPING events from decorations provider vscode.git 3457
2025-03-01 11:09:58.790 [warning] [Decorations] CAPPING events from decorations provider vscode.git 3457
2025-03-01 11:10:04.057 [warning] [Decorations] CAPPING events from decorations provider vscode.git 3457
2025-03-01 11:10:09.260 [warning] [Decorations] CAPPING events from decorations provider vscode.git 3457
2025-03-01 11:10:14.899 [warning] [Decorations] CAPPING events from decorations provider vscode.git 3457
2025-03-01 11:10:20.097 [warning] [Decorations] CAPPING events from decorations provider vscode.git 3457
2025-03-01 11:10:25.552 [warning] [Decorations] CAPPING events from decorations provider vscode.git 3457
2025-03-01 11:10:30.818 [warning] [Decorations] CAPPING events from decorations provider vscode.git 3457
2025-03-01 11:10:36.064 [warning] [Decorations] CAPPING events from decorations provider vscode.git 3457
2025-03-01 11:10:41.604 [warning] [Decorations] CAPPING events from decorations provider vscode.git 3457
2025-03-01 11:10:46.894 [warning] [Decorations] CAPPING events from decorations provider vscode.git 3457
2025-03-01 11:10:52.057 [warning] [Decorations] CAPPING events from decorations provider vscode.git 3457
2025-03-01 11:10:57.335 [warning] [Decorations] CAPPING events from decorations provider vscode.git 3457
2025-03-01 11:11:02.623 [warning] [Decorations] CAPPING events from decorations provider vscode.git 3457
2025-03-01 11:11:07.927 [warning] [Decorations] CAPPING events from decorations provider vscode.git 3457
2025-03-01 11:11:13.204 [warning] [Decorations] CAPPING events from decorations provider vscode.git 3457
2025-03-01 11:11:18.477 [warning] [Decorations] CAPPING events from decorations provider vscode.git 3457
2025-03-01 11:11:23.991 [warning] [Decorations] CAPPING events from decorations provider vscode.git 3457
2025-03-01 11:11:29.275 [warning] [Decorations] CAPPING events from decorations provider vscode.git 3457
2025-03-01 11:11:34.586 [warning] [Decorations] CAPPING events from decorations provider vscode.git 3457
2025-03-01 11:11:39.805 [warning] [Decorations] CAPPING events from decorations provider vscode.git 3457
2025-03-01 11:11:45.004 [warning] [Decorations] CAPPING events from decorations provider vscode.git 3457
2025-03-01 11:11:50.223 [warning] [Decorations] CAPPING events from decorations provider vscode.git 3457
2025-03-01 11:11:55.493 [warning] [Decorations] CAPPING events from decorations provider vscode.git 3457
2025-03-01 11:12:00.745 [warning] [Decorations] CAPPING events from decorations provider vscode.git 3457
2025-03-01 11:12:05.952 [warning] [Decorations] CAPPING events from decorations provider vscode.git 3457
2025-03-01 11:12:11.140 [warning] [Decorations] CAPPING events from decorations provider vscode.git 3457
2025-03-01 11:12:16.351 [warning] [Decorations] CAPPING events from decorations provider vscode.git 3457
2025-03-01 11:12:21.579 [warning] [Decorations] CAPPING events from decorations provider vscode.git 3457
2025-03-01 11:12:26.766 [warning] [Decorations] CAPPING events from decorations provider vscode.git 3457
2025-03-01 11:12:32.064 [warning] [Decorations] CAPPING events from decorations provider vscode.git 3457
2025-03-01 11:12:37.316 [warning] [Decorations] CAPPING events from decorations provider vscode.git 3457
2025-03-01 11:12:42.565 [warning] [Decorations] CAPPING events from decorations provider vscode.git 3457
2025-03-01 11:12:47.801 [warning] [Decorations] CAPPING events from decorations provider vscode.git 3457
2025-03-01 11:12:53.065 [warning] [Decorations] CAPPING events from decorations provider vscode.git 3457
2025-03-01 11:12:58.253 [warning] [Decorations] CAPPING events from decorations provider vscode.git 3457
2025-03-01 11:13:03.542 [warning] [Decorations] CAPPING events from decorations provider vscode.git 3457
2025-03-01 11:13:08.910 [warning] [Decorations] CAPPING events from decorations provider vscode.git 3457
2025-03-01 11:13:14.147 [warning] [Decorations] CAPPING events from decorations provider vscode.git 3457
2025-03-01 11:13:19.415 [warning] [Decorations] CAPPING events from decorations provider vscode.git 3457
2025-03-01 11:13:25.459 [warning] [Decorations] CAPPING events from decorations provider vscode.git 3457
2025-03-01 11:13:30.706 [warning] [Decorations] CAPPING events from decorations provider vscode.git 3457
2025-03-01 11:13:35.959 [warning] [Decorations] CAPPING events from decorations provider vscode.git 3457
2025-03-01 11:13:41.229 [warning] [Decorations] CAPPING events from decorations provider vscode.git 3457
2025-03-01 11:13:47.260 [warning] [Decorations] CAPPING events from decorations provider vscode.git 3457
2025-03-01 11:13:52.516 [warning] [Decorations] CAPPING events from decorations provider vscode.git 3457
2025-03-01 11:13:57.692 [warning] [Decorations] CAPPING events from decorations provider vscode.git 3457
2025-03-01 11:14:02.974 [warning] [Decorations] CAPPING events from decorations provider vscode.git 3457
2025-03-01 11:14:08.230 [warning] [Decorations] CAPPING events from decorations provider vscode.git 3457
2025-03-01 11:14:13.397 [warning] [Decorations] CAPPING events from decorations provider vscode.git 3457
2025-03-01 11:14:18.858 [warning] [Decorations] CAPPING events from decorations provider vscode.git 3457
2025-03-01 11:14:24.179 [warning] [Decorations] CAPPING events from decorations provider vscode.git 3457
2025-03-01 11:14:29.388 [warning] [Decorations] CAPPING events from decorations provider vscode.git 3457
2025-03-01 11:14:34.598 [warning] [Decorations] CAPPING events from decorations provider vscode.git 3457
2025-03-01 11:14:39.776 [warning] [Decorations] CAPPING events from decorations provider vscode.git 3457
2025-03-01 11:14:44.991 [warning] [Decorations] CAPPING events from decorations provider vscode.git 3457
2025-03-01 11:14:50.296 [warning] [Decorations] CAPPING events from decorations provider vscode.git 3457
2025-03-01 11:14:55.477 [warning] [Decorations] CAPPING events from decorations provider vscode.git 3457
2025-03-01 11:15:00.666 [warning] [Decorations] CAPPING events from decorations provider vscode.git 3457
2025-03-01 11:15:05.860 [warning] [Decorations] CAPPING events from decorations provider vscode.git 3457
2025-03-01 11:15:11.084 [warning] [Decorations] CAPPING events from decorations provider vscode.git 3457
2025-03-01 11:15:16.337 [warning] [Decorations] CAPPING events from decorations provider vscode.git 3457
2025-03-01 11:15:21.610 [warning] [Decorations] CAPPING events from decorations provider vscode.git 3457
2025-03-01 11:15:27.000 [warning] [Decorations] CAPPING events from decorations provider vscode.git 3457
2025-03-01 11:15:32.247 [warning] [Decorations] CAPPING events from decorations provider vscode.git 3457
2025-03-01 11:15:37.424 [warning] [Decorations] CAPPING events from decorations provider vscode.git 3457
2025-03-01 11:15:42.688 [warning] [Decorations] CAPPING events from decorations provider vscode.git 3457
2025-03-01 11:15:47.975 [warning] [Decorations] CAPPING events from decorations provider vscode.git 3457
2025-03-01 11:15:53.223 [warning] [Decorations] CAPPING events from decorations provider vscode.git 3457
2025-03-01 11:15:59.185 [warning] [Decorations] CAPPING events from decorations provider vscode.git 3457
2025-03-01 11:16:04.377 [warning] [Decorations] CAPPING events from decorations provider vscode.git 3457
2025-03-01 11:16:09.688 [warning] [Decorations] CAPPING events from decorations provider vscode.git 3457
2025-03-01 11:16:14.940 [warning] [Decorations] CAPPING events from decorations provider vscode.git 3458
2025-03-01 11:16:20.203 [warning] [Decorations] CAPPING events from decorations provider vscode.git 3458
2025-03-01 11:16:25.542 [warning] [Decorations] CAPPING events from decorations provider vscode.git 3458
2025-03-01 11:16:30.800 [warning] [Decorations] CAPPING events from decorations provider vscode.git 3458
2025-03-01 11:16:36.042 [warning] [Decorations] CAPPING events from decorations provider vscode.git 3458
2025-03-01 11:16:52.162 [warning] [Decorations] CAPPING events from decorations provider vscode.git 3459
2025-03-01 11:16:57.504 [warning] [Decorations] CAPPING events from decorations provider vscode.git 3459
2025-03-01 11:17:02.823 [warning] [Decorations] CAPPING events from decorations provider vscode.git 3459
2025-03-01 11:17:15.548 [warning] [Decorations] CAPPING events from decorations provider vscode.git 3460
2025-03-01 11:17:20.788 [warning] [Decorations] CAPPING events from decorations provider vscode.git 3460
2025-03-01 11:17:25.994 [warning] [Decorations] CAPPING events from decorations provider vscode.git 3460
2025-03-01 11:17:31.340 [warning] [Decorations] CAPPING events from decorations provider vscode.git 3460
2025-03-01 11:17:36.599 [warning] [Decorations] CAPPING events from decorations provider vscode.git 3460
2025-03-01 11:17:41.759 [warning] [Decorations] CAPPING events from decorations provider vscode.git 3460
2025-03-01 11:17:47.083 [warning] [Decorations] CAPPING events from decorations provider vscode.git 3460
2025-03-01 11:17:52.382 [warning] [Decorations] CAPPING events from decorations provider vscode.git 3460
2025-03-01 11:17:57.615 [warning] [Decorations] CAPPING events from decorations provider vscode.git 3460
2025-03-01 11:18:02.968 [warning] [Decorations] CAPPING events from decorations provider vscode.git 3460
2025-03-01 11:18:08.165 [warning] [Decorations] CAPPING events from decorations provider vscode.git 3460
2025-03-01 11:18:13.336 [warning] [Decorations] CAPPING events from decorations provider vscode.git 3460
2025-03-01 11:18:18.562 [warning] [Decorations] CAPPING events from decorations provider vscode.git 3461
2025-03-01 11:18:24.043 [warning] [Decorations] CAPPING events from decorations provider vscode.git 3461
2025-03-01 11:18:29.297 [warning] [Decorations] CAPPING events from decorations provider vscode.git 3461
2025-03-01 11:18:34.470 [warning] [Decorations] CAPPING events from decorations provider vscode.git 3461
2025-03-01 11:18:39.781 [warning] [Decorations] CAPPING events from decorations provider vscode.git 3461
2025-03-01 11:18:45.063 [warning] [Decorations] CAPPING events from decorations provider vscode.git 3461
2025-03-01 11:18:50.485 [warning] [Decorations] CAPPING events from decorations provider vscode.git 3461
2025-03-01 11:18:55.770 [warning] [Decorations] CAPPING events from decorations provider vscode.git 3462
2025-03-01 11:19:01.018 [warning] [Decorations] CAPPING events from decorations provider vscode.git 3462
2025-03-01 11:19:06.206 [warning] [Decorations] CAPPING events from decorations provider vscode.git 3462
2025-03-01 11:19:11.487 [warning] [Decorations] CAPPING events from decorations provider vscode.git 3462
2025-03-01 11:19:16.768 [warning] [Decorations] CAPPING events from decorations provider vscode.git 3462
2025-03-01 11:19:22.021 [warning] [Decorations] CAPPING events from decorations provider vscode.git 3462
2025-03-01 11:19:27.259 [warning] [Decorations] CAPPING events from decorations provider vscode.git 3462
2025-03-01 11:19:32.434 [warning] [Decorations] CAPPING events from decorations provider vscode.git 3462
2025-03-01 11:19:37.683 [warning] [Decorations] CAPPING events from decorations provider vscode.git 3462
2025-03-01 11:19:42.880 [warning] [Decorations] CAPPING events from decorations provider vscode.git 3462
2025-03-01 11:19:48.127 [warning] [Decorations] CAPPING events from decorations provider vscode.git 3462
2025-03-01 11:20:24.869 [warning] [Decorations] CAPPING events from decorations provider vscode.git 3463
2025-03-01 11:20:30.130 [warning] [Decorations] CAPPING events from decorations provider vscode.git 3463
2025-03-01 11:20:35.323 [warning] [Decorations] CAPPING events from decorations provider vscode.git 3463
2025-03-01 11:20:40.565 [warning] [Decorations] CAPPING events from decorations provider vscode.git 3464
2025-03-01 11:20:45.788 [warning] [Decorations] CAPPING events from decorations provider vscode.git 3464
2025-03-01 11:20:51.049 [warning] [Decorations] CAPPING events from decorations provider vscode.git 3464
2025-03-01 11:20:56.315 [warning] [Decorations] CAPPING events from decorations provider vscode.git 3464
2025-03-01 11:21:02.470 [warning] [Decorations] CAPPING events from decorations provider vscode.git 3465
2025-03-01 11:21:07.711 [warning] [Decorations] CAPPING events from decorations provider vscode.git 3465
2025-03-01 11:21:13.014 [warning] [Decorations] CAPPING events from decorations provider vscode.git 3465
2025-03-01 11:21:18.337 [warning] [Decorations] CAPPING events from decorations provider vscode.git 3465
2025-03-01 11:21:25.402 [warning] [Decorations] CAPPING events from decorations provider vscode.git 3466
2025-03-01 11:21:30.610 [warning] [Decorations] CAPPING events from decorations provider vscode.git 3466
2025-03-01 11:21:35.800 [warning] [Decorations] CAPPING events from decorations provider vscode.git 3467
2025-03-01 11:21:41.094 [warning] [Decorations] CAPPING events from decorations provider vscode.git 3467
2025-03-01 11:21:46.405 [warning] [Decorations] CAPPING events from decorations provider vscode.git 3467
2025-03-01 11:21:53.729 [warning] [Decorations] CAPPING events from decorations provider vscode.git 3468
2025-03-01 11:21:59.054 [warning] [Decorations] CAPPING events from decorations provider vscode.git 3468
2025-03-01 11:22:05.492 [warning] [Decorations] CAPPING events from decorations provider vscode.git 3469
2025-03-01 11:22:10.730 [warning] [Decorations] CAPPING events from decorations provider vscode.git 3469
2025-03-01 11:22:16.017 [warning] [Decorations] CAPPING events from decorations provider vscode.git 3469
2025-03-01 11:22:21.309 [warning] [Decorations] CAPPING events from decorations provider vscode.git 3469
2025-03-01 11:22:28.547 [warning] [Decorations] CAPPING events from decorations provider vscode.git 3470
2025-03-01 11:22:33.753 [warning] [Decorations] CAPPING events from decorations provider vscode.git 3470
2025-03-01 11:22:39.055 [warning] [Decorations] CAPPING events from decorations provider vscode.git 3470
2025-03-01 11:22:44.266 [warning] [Decorations] CAPPING events from decorations provider vscode.git 3470
2025-03-01 11:22:49.480 [warning] [Decorations] CAPPING events from decorations provider vscode.git 3471
2025-03-01 11:22:54.696 [warning] [Decorations] CAPPING events from decorations provider vscode.git 3470
2025-03-01 11:23:00.366 [warning] [Decorations] CAPPING events from decorations provider vscode.git 3470
2025-03-01 11:23:05.568 [warning] [Decorations] CAPPING events from decorations provider vscode.git 3470
2025-03-01 11:23:10.836 [warning] [Decorations] CAPPING events from decorations provider vscode.git 3470
2025-03-01 11:23:16.132 [warning] [Decorations] CAPPING events from decorations provider vscode.git 3471
2025-03-01 11:23:21.380 [warning] [Decorations] CAPPING events from decorations provider vscode.git 3470
2025-03-01 11:23:26.600 [warning] [Decorations] CAPPING events from decorations provider vscode.git 3470
2025-03-01 11:23:35.208 [warning] [Decorations] CAPPING events from decorations provider vscode.git 3470
2025-03-01 11:23:40.548 [warning] [Decorations] CAPPING events from decorations provider vscode.git 3470
2025-03-01 11:23:45.757 [warning] [Decorations] CAPPING events from decorations provider vscode.git 3470
2025-03-01 11:23:51.032 [warning] [Decorations] CAPPING events from decorations provider vscode.git 3470
2025-03-01 11:23:56.306 [warning] [Decorations] CAPPING events from decorations provider vscode.git 3470
2025-03-01 11:24:02.888 [warning] [Decorations] CAPPING events from decorations provider vscode.git 3471
2025-03-01 11:24:08.185 [warning] [Decorations] CAPPING events from decorations provider vscode.git 3470
2025-03-01 11:24:13.344 [warning] [Decorations] CAPPING events from decorations provider vscode.git 3470
2025-03-01 11:24:18.660 [warning] [Decorations] CAPPING events from decorations provider vscode.git 3470
2025-03-01 11:24:49.904 [warning] [Decorations] CAPPING events from decorations provider vscode.git 3470
2025-03-01 11:24:55.136 [warning] [Decorations] CAPPING events from decorations provider vscode.git 3470
2025-03-01 11:25:00.396 [warning] [Decorations] CAPPING events from decorations provider vscode.git 3470
2025-03-01 11:25:05.648 [warning] [Decorations] CAPPING events from decorations provider vscode.git 3470
2025-03-01 11:25:10.865 [warning] [Decorations] CAPPING events from decorations provider vscode.git 3470
2025-03-01 11:25:16.085 [warning] [Decorations] CAPPING events from decorations provider vscode.git 3470
2025-03-01 11:25:21.516 [warning] [Decorations] CAPPING events from decorations provider vscode.git 3470
2025-03-01 11:25:29.647 [warning] [Decorations] CAPPING events from decorations provider vscode.git 3471
2025-03-01 11:25:34.974 [warning] [Decorations] CAPPING events from decorations provider vscode.git 3470
2025-03-01 11:25:43.209 [warning] [Decorations] CAPPING events from decorations provider vscode.git 3471
2025-03-01 11:25:48.622 [warning] [Decorations] CAPPING events from decorations provider vscode.git 3470
2025-03-01 11:25:54.740 [warning] [Decorations] CAPPING events from decorations provider vscode.git 3471
2025-03-01 11:26:00.065 [warning] [Decorations] CAPPING events from decorations provider vscode.git 3470
2025-03-01 11:26:07.771 [warning] [Decorations] CAPPING events from decorations provider vscode.git 3471
2025-03-01 11:26:13.000 [warning] [Decorations] CAPPING events from decorations provider vscode.git 3470
2025-03-01 11:26:22.293 [warning] [Decorations] CAPPING events from decorations provider vscode.git 3471
2025-03-01 11:26:27.696 [warning] [Decorations] CAPPING events from decorations provider vscode.git 3470
2025-03-01 11:28:46.792 [warning] [Decorations] CAPPING events from decorations provider vscode.git 3475
2025-03-01 11:28:52.112 [warning] [Decorations] CAPPING events from decorations provider vscode.git 3470
2025-03-01 11:28:57.337 [warning] [Decorations] CAPPING events from decorations provider vscode.git 3470
2025-03-01 11:29:02.592 [warning] [Decorations] CAPPING events from decorations provider vscode.git 3470
2025-03-01 11:29:07.811 [warning] [Decorations] CAPPING events from decorations provider vscode.git 3470
2025-03-01 11:29:13.162 [warning] [Decorations] CAPPING events from decorations provider vscode.git 3470
2025-03-01 11:29:18.434 [warning] [Decorations] CAPPING events from decorations provider vscode.git 3470
2025-03-01 11:29:23.908 [warning] [Decorations] CAPPING events from decorations provider vscode.git 3470
2025-03-01 11:29:29.197 [warning] [Decorations] CAPPING events from decorations provider vscode.git 3470
2025-03-01 11:29:34.373 [warning] [Decorations] CAPPING events from decorations provider vscode.git 3470
2025-03-01 11:29:39.712 [warning] [Decorations] CAPPING events from decorations provider vscode.git 3470
2025-03-01 11:29:44.910 [warning] [Decorations] CAPPING events from decorations provider vscode.git 3470
2025-03-01 11:29:50.248 [warning] [Decorations] CAPPING events from decorations provider vscode.git 3470
2025-03-01 11:29:55.418 [warning] [Decorations] CAPPING events from decorations provider vscode.git 3470
2025-03-01 11:30:00.733 [warning] [Decorations] CAPPING events from decorations provider vscode.git 3470
2025-03-01 11:30:06.046 [warning] [Decorations] CAPPING events from decorations provider vscode.git 3471
2025-03-01 11:30:11.280 [warning] [Decorations] CAPPING events from decorations provider vscode.git 3470
2025-03-01 11:30:16.578 [warning] [Decorations] CAPPING events from decorations provider vscode.git 3470
2025-03-01 11:30:24.949 [warning] [Decorations] CAPPING events from decorations provider vscode.git 3471
2025-03-01 11:30:30.144 [warning] [Decorations] CAPPING events from decorations provider vscode.git 3470
2025-03-01 11:30:35.375 [warning] [Decorations] CAPPING events from decorations provider vscode.git 3470
2025-03-01 11:30:40.633 [warning] [Decorations] CAPPING events from decorations provider vscode.git 3470
2025-03-01 11:30:45.861 [warning] [Decorations] CAPPING events from decorations provider vscode.git 3470
2025-03-01 11:30:51.035 [warning] [Decorations] CAPPING events from decorations provider vscode.git 3471
2025-03-01 11:30:56.357 [warning] [Decorations] CAPPING events from decorations provider vscode.git 3470
2025-03-01 11:31:01.539 [warning] [Decorations] CAPPING events from decorations provider vscode.git 3470
2025-03-01 11:31:06.829 [warning] [Decorations] CAPPING events from decorations provider vscode.git 3470
2025-03-01 11:31:12.055 [warning] [Decorations] CAPPING events from decorations provider vscode.git 3470
2025-03-01 11:31:17.265 [warning] [Decorations] CAPPING events from decorations provider vscode.git 3470
2025-03-01 11:31:22.580 [warning] [Decorations] CAPPING events from decorations provider vscode.git 3470
2025-03-01 11:31:27.852 [warning] [Decorations] CAPPING events from decorations provider vscode.git 3470
2025-03-01 11:31:33.089 [warning] [Decorations] CAPPING events from decorations provider vscode.git 3470
2025-03-01 11:31:38.297 [warning] [Decorations] CAPPING events from decorations provider vscode.git 3470
2025-03-01 11:31:43.612 [warning] [Decorations] CAPPING events from decorations provider vscode.git 3470
2025-03-01 11:31:48.892 [warning] [Decorations] CAPPING events from decorations provider vscode.git 3470
2025-03-01 11:31:54.318 [warning] [Decorations] CAPPING events from decorations provider vscode.git 3470
2025-03-01 11:31:59.735 [warning] [Decorations] CAPPING events from decorations provider vscode.git 3471
2025-03-01 11:32:04.971 [warning] [Decorations] CAPPING events from decorations provider vscode.git 3470
2025-03-01 11:32:10.380 [warning] [Decorations] CAPPING events from decorations provider vscode.git 3470
2025-03-01 11:32:15.642 [warning] [Decorations] CAPPING events from decorations provider vscode.git 3471
2025-03-01 11:32:21.795 [warning] [Decorations] CAPPING events from decorations provider vscode.git 3471
2025-03-01 11:32:27.006 [warning] [Decorations] CAPPING events from decorations provider vscode.git 3470
2025-03-01 11:32:32.411 [warning] [Decorations] CAPPING events from decorations provider vscode.git 3470
2025-03-01 11:32:37.686 [warning] [Decorations] CAPPING events from decorations provider vscode.git 3470
2025-03-01 11:32:42.879 [warning] [Decorations] CAPPING events from decorations provider vscode.git 3470
2025-03-01 11:32:48.194 [warning] [Decorations] CAPPING events from decorations provider vscode.git 3470
2025-03-01 11:32:53.510 [warning] [Decorations] CAPPING events from decorations provider vscode.git 3470
2025-03-01 11:32:58.766 [warning] [Decorations] CAPPING events from decorations provider vscode.git 3470
2025-03-01 11:33:04.108 [warning] [Decorations] CAPPING events from decorations provider vscode.git 3470
2025-03-01 11:34:20.013 [warning] [Decorations] CAPPING events from decorations provider vscode.git 3470
2025-03-01 11:34:25.218 [warning] [Decorations] CAPPING events from decorations provider vscode.git 3470
2025-03-01 11:34:30.476 [warning] [Decorations] CAPPING events from decorations provider vscode.git 3470
2025-03-01 11:34:45.797 [warning] [Decorations] CAPPING events from decorations provider vscode.git 3471
2025-03-01 11:34:51.126 [warning] [Decorations] CAPPING events from decorations provider vscode.git 3471
2025-03-01 11:35:03.179 [warning] [Decorations] CAPPING events from decorations provider vscode.git 3471
2025-03-01 11:35:08.392 [warning] [Decorations] CAPPING events from decorations provider vscode.git 3470
2025-03-01 11:35:13.631 [warning] [Decorations] CAPPING events from decorations provider vscode.git 3470
2025-03-01 11:35:18.949 [warning] [Decorations] CAPPING events from decorations provider vscode.git 3470
2025-03-01 11:35:32.242 [warning] [Decorations] CAPPING events from decorations provider vscode.git 3470
2025-03-01 11:35:37.628 [warning] [Decorations] CAPPING events from decorations provider vscode.git 3470
2025-03-01 11:35:42.883 [warning] [Decorations] CAPPING events from decorations provider vscode.git 3471
2025-03-01 11:35:48.076 [warning] [Decorations] CAPPING events from decorations provider vscode.git 3471
2025-03-01 11:35:53.257 [warning] [Decorations] CAPPING events from decorations provider vscode.git 3470
2025-03-01 11:35:58.568 [warning] [Decorations] CAPPING events from decorations provider vscode.git 3470
2025-03-01 11:36:03.773 [warning] [Decorations] CAPPING events from decorations provider vscode.git 3470
2025-03-01 11:36:08.983 [warning] [Decorations] CAPPING events from decorations provider vscode.git 3470
2025-03-01 11:36:14.219 [warning] [Decorations] CAPPING events from decorations provider vscode.git 3470
2025-03-01 11:36:19.410 [warning] [Decorations] CAPPING events from decorations provider vscode.git 3471
2025-03-01 11:36:24.821 [warning] [Decorations] CAPPING events from decorations provider vscode.git 3471
2025-03-01 11:36:30.014 [warning] [Decorations] CAPPING events from decorations provider vscode.git 3470
2025-03-01 11:36:35.245 [warning] [Decorations] CAPPING events from decorations provider vscode.git 3470
2025-03-01 11:36:40.550 [warning] [Decorations] CAPPING events from decorations provider vscode.git 3470
2025-03-01 11:36:45.849 [warning] [Decorations] CAPPING events from decorations provider vscode.git 3470
2025-03-01 11:37:07.176 [warning] [Decorations] CAPPING events from decorations provider vscode.git 3470
2025-03-01 11:37:12.493 [warning] [Decorations] CAPPING events from decorations provider vscode.git 3470
2025-03-01 11:37:50.450 [warning] [Decorations] CAPPING events from decorations provider vscode.git 3470
2025-03-01 11:37:55.693 [warning] [Decorations] CAPPING events from decorations provider vscode.git 3470
2025-03-01 11:38:01.032 [warning] [Decorations] CAPPING events from decorations provider vscode.git 3470
2025-03-01 11:38:06.288 [warning] [Decorations] CAPPING events from decorations provider vscode.git 3471
2025-03-01 11:38:11.576 [warning] [Decorations] CAPPING events from decorations provider vscode.git 3470
2025-03-01 11:38:16.983 [warning] [Decorations] CAPPING events from decorations provider vscode.git 3470
2025-03-01 11:38:30.977 [warning] [Decorations] CAPPING events from decorations provider vscode.git 3472
2025-03-01 11:38:36.341 [warning] [Decorations] CAPPING events from decorations provider vscode.git 3470
2025-03-01 11:39:45.223 [warning] [Decorations] CAPPING events from decorations provider vscode.git 3470
2025-03-01 11:39:50.440 [warning] [Decorations] CAPPING events from decorations provider vscode.git 3470
2025-03-01 11:39:56.386 [warning] [Decorations] CAPPING events from decorations provider vscode.git 3470
2025-03-01 11:40:01.621 [warning] [Decorations] CAPPING events from decorations provider vscode.git 3470
2025-03-01 11:40:11.806 [warning] [Decorations] CAPPING events from decorations provider vscode.git 3470
2025-03-01 11:40:17.078 [warning] [Decorations] CAPPING events from decorations provider vscode.git 3470
2025-03-01 11:40:22.329 [warning] [Decorations] CAPPING events from decorations provider vscode.git 3470
2025-03-01 11:40:27.628 [warning] [Decorations] CAPPING events from decorations provider vscode.git 3470
2025-03-01 11:40:34.008 [warning] [Decorations] CAPPING events from decorations provider vscode.git 3471
2025-03-01 11:40:39.605 [warning] [Decorations] CAPPING events from decorations provider vscode.git 3471
2025-03-01 11:40:44.842 [warning] [Decorations] CAPPING events from decorations provider vscode.git 3471
2025-03-01 11:40:50.080 [warning] [Decorations] CAPPING events from decorations provider vscode.git 3472
2025-03-01 11:40:55.319 [warning] [Decorations] CAPPING events from decorations provider vscode.git 3472
2025-03-01 11:41:08.229 [warning] [Decorations] CAPPING events from decorations provider vscode.git 3473
2025-03-01 11:41:13.442 [warning] [Decorations] CAPPING events from decorations provider vscode.git 3472
2025-03-01 11:41:18.735 [warning] [Decorations] CAPPING events from decorations provider vscode.git 3472
2025-03-01 11:41:24.474 [warning] [Decorations] CAPPING events from decorations provider vscode.git 3472
2025-03-01 11:41:29.684 [warning] [Decorations] CAPPING events from decorations provider vscode.git 3472
2025-03-01 11:41:34.990 [warning] [Decorations] CAPPING events from decorations provider vscode.git 3472
2025-03-01 11:41:40.306 [warning] [Decorations] CAPPING events from decorations provider vscode.git 3472
2025-03-01 11:41:45.536 [warning] [Decorations] CAPPING events from decorations provider vscode.git 3472
2025-03-01 11:41:50.746 [warning] [Decorations] CAPPING events from decorations provider vscode.git 3472
2025-03-01 11:41:55.972 [warning] [Decorations] CAPPING events from decorations provider vscode.git 3472
2025-03-01 11:42:01.294 [warning] [Decorations] CAPPING events from decorations provider vscode.git 3473
2025-03-01 11:42:07.140 [warning] [Decorations] CAPPING events from decorations provider vscode.git 3472
2025-03-01 11:42:13.522 [warning] [Decorations] CAPPING events from decorations provider vscode.git 3472
2025-03-01 11:42:18.876 [warning] [Decorations] CAPPING events from decorations provider vscode.git 3472
2025-03-01 11:42:24.484 [warning] [Decorations] CAPPING events from decorations provider vscode.git 3472
2025-03-01 11:42:29.817 [warning] [Decorations] CAPPING events from decorations provider vscode.git 3472
2025-03-01 11:42:35.070 [warning] [Decorations] CAPPING events from decorations provider vscode.git 3472
2025-03-01 11:42:40.305 [warning] [Decorations] CAPPING events from decorations provider vscode.git 3472
2025-03-01 11:42:45.691 [warning] [Decorations] CAPPING events from decorations provider vscode.git 3472
2025-03-01 11:42:51.000 [warning] [Decorations] CAPPING events from decorations provider vscode.git 3472
2025-03-01 11:42:56.256 [warning] [Decorations] CAPPING events from decorations provider vscode.git 3472
2025-03-01 11:43:01.579 [warning] [Decorations] CAPPING events from decorations provider vscode.git 3472
2025-03-01 11:43:06.915 [warning] [Decorations] CAPPING events from decorations provider vscode.git 3472
2025-03-01 11:43:12.273 [warning] [Decorations] CAPPING events from decorations provider vscode.git 3472
2025-03-01 11:43:19.225 [warning] [Decorations] CAPPING events from decorations provider vscode.git 3472
2025-03-01 11:43:24.514 [warning] [Decorations] CAPPING events from decorations provider vscode.git 3472
2025-03-01 11:43:31.557 [warning] [Decorations] CAPPING events from decorations provider vscode.git 3473
2025-03-01 11:43:36.768 [warning] [Decorations] CAPPING events from decorations provider vscode.git 3472
2025-03-01 11:43:42.002 [warning] [Decorations] CAPPING events from decorations provider vscode.git 3472
2025-03-01 11:43:48.939 [warning] [Decorations] CAPPING events from decorations provider vscode.git 3473
2025-03-01 11:43:54.175 [warning] [Decorations] CAPPING events from decorations provider vscode.git 3472
2025-03-01 11:43:59.357 [warning] [Decorations] CAPPING events from decorations provider vscode.git 3472
2025-03-01 11:44:04.646 [warning] [Decorations] CAPPING events from decorations provider vscode.git 3472
2025-03-01 11:44:09.910 [warning] [Decorations] CAPPING events from decorations provider vscode.git 3472
2025-03-01 11:44:15.421 [warning] [Decorations] CAPPING events from decorations provider vscode.git 3473
2025-03-01 11:44:20.592 [warning] [Decorations] CAPPING events from decorations provider vscode.git 3472
2025-03-01 11:44:25.828 [warning] [Decorations] CAPPING events from decorations provider vscode.git 3472
2025-03-01 11:44:31.141 [warning] [Decorations] CAPPING events from decorations provider vscode.git 3472
2025-03-01 11:44:36.309 [warning] [Decorations] CAPPING events from decorations provider vscode.git 3473
2025-03-01 11:44:41.613 [warning] [Decorations] CAPPING events from decorations provider vscode.git 3472
2025-03-01 11:44:46.836 [warning] [Decorations] CAPPING events from decorations provider vscode.git 3472
2025-03-01 11:44:52.045 [warning] [Decorations] CAPPING events from decorations provider vscode.git 3472
2025-03-01 11:44:57.290 [warning] [Decorations] CAPPING events from decorations provider vscode.git 3472
2025-03-01 11:45:02.534 [warning] [Decorations] CAPPING events from decorations provider vscode.git 3472
2025-03-01 11:45:07.874 [warning] [Decorations] CAPPING events from decorations provider vscode.git 3472
2025-03-01 11:45:13.079 [warning] [Decorations] CAPPING events from decorations provider vscode.git 3472
2025-03-01 11:45:18.507 [warning] [Decorations] CAPPING events from decorations provider vscode.git 3472
2025-03-01 11:45:23.979 [warning] [Decorations] CAPPING events from decorations provider vscode.git 3472
2025-03-01 11:45:29.225 [warning] [Decorations] CAPPING events from decorations provider vscode.git 3472
2025-03-01 11:46:07.546 [warning] [Decorations] CAPPING events from decorations provider vscode.git 3473
2025-03-01 11:46:12.848 [warning] [Decorations] CAPPING events from decorations provider vscode.git 3472
2025-03-01 11:46:18.148 [warning] [Decorations] CAPPING events from decorations provider vscode.git 3472
2025-03-01 11:46:29.539 [warning] [Decorations] CAPPING events from decorations provider vscode.git 3473
2025-03-01 11:46:34.784 [warning] [Decorations] CAPPING events from decorations provider vscode.git 3472
2025-03-01 11:46:40.087 [warning] [Decorations] CAPPING events from decorations provider vscode.git 3472
2025-03-01 11:46:45.281 [warning] [Decorations] CAPPING events from decorations provider vscode.git 3472
2025-03-01 11:46:50.534 [warning] [Decorations] CAPPING events from decorations provider vscode.git 3472
2025-03-01 11:46:55.757 [warning] [Decorations] CAPPING events from decorations provider vscode.git 3472
2025-03-01 11:47:01.028 [warning] [Decorations] CAPPING events from decorations provider vscode.git 3473
2025-03-01 11:47:06.313 [warning] [Decorations] CAPPING events from decorations provider vscode.git 3472
2025-03-01 11:47:11.600 [warning] [Decorations] CAPPING events from decorations provider vscode.git 3472
2025-03-01 11:47:16.935 [warning] [Decorations] CAPPING events from decorations provider vscode.git 3472
2025-03-01 11:47:22.239 [warning] [Decorations] CAPPING events from decorations provider vscode.git 3472
2025-03-01 11:47:27.529 [warning] [Decorations] CAPPING events from decorations provider vscode.git 3472
2025-03-01 11:47:32.842 [warning] [Decorations] CAPPING events from decorations provider vscode.git 3472
2025-03-01 11:47:38.183 [warning] [Decorations] CAPPING events from decorations provider vscode.git 3472
2025-03-01 11:47:43.421 [warning] [Decorations] CAPPING events from decorations provider vscode.git 3472
2025-03-01 11:47:48.707 [warning] [Decorations] CAPPING events from decorations provider vscode.git 3473
2025-03-01 11:47:59.839 [warning] [Decorations] CAPPING events from decorations provider vscode.git 3473
2025-03-01 11:48:06.131 [warning] [Decorations] CAPPING events from decorations provider vscode.git 3472
2025-03-01 11:48:11.371 [warning] [Decorations] CAPPING events from decorations provider vscode.git 3472
2025-03-01 11:48:16.647 [warning] [Decorations] CAPPING events from decorations provider vscode.git 3472
2025-03-01 11:48:21.796 [warning] [Decorations] CAPPING events from decorations provider vscode.git 3472
2025-03-01 11:48:27.006 [warning] [Decorations] CAPPING events from decorations provider vscode.git 3472
2025-03-01 11:48:32.257 [warning] [Decorations] CAPPING events from decorations provider vscode.git 3472
2025-03-01 11:53:54.303 [warning] [Decorations] CAPPING events from decorations provider vscode.git 3472
2025-03-01 11:53:59.579 [warning] [Decorations] CAPPING events from decorations provider vscode.git 3472
2025-03-01 11:54:04.904 [warning] [Decorations] CAPPING events from decorations provider vscode.git 3474
2025-03-01 11:54:10.279 [warning] [Decorations] CAPPING events from decorations provider vscode.git 3472
2025-03-01 11:54:15.547 [warning] [Decorations] CAPPING events from decorations provider vscode.git 3472
2025-03-01 11:54:23.629 [warning] [Decorations] CAPPING events from decorations provider vscode.git 3474
2025-03-01 11:54:28.863 [warning] [Decorations] CAPPING events from decorations provider vscode.git 3472
2025-03-01 11:54:34.183 [warning] [Decorations] CAPPING events from decorations provider vscode.git 3472
2025-03-01 11:54:39.443 [warning] [Decorations] CAPPING events from decorations provider vscode.git 3472
2025-03-01 11:55:15.309 [warning] [Decorations] CAPPING events from decorations provider vscode.git 3473
2025-03-01 11:55:28.385 [warning] [Decorations] CAPPING events from decorations provider vscode.git 3472
2025-03-01 11:55:33.618 [warning] [Decorations] CAPPING events from decorations provider vscode.git 3472
2025-03-01 11:55:38.889 [warning] [Decorations] CAPPING events from decorations provider vscode.git 3473
2025-03-01 11:55:44.138 [warning] [Decorations] CAPPING events from decorations provider vscode.git 3472
2025-03-01 11:55:49.397 [warning] [Decorations] CAPPING events from decorations provider vscode.git 3472
2025-03-01 11:55:54.616 [warning] [Decorations] CAPPING events from decorations provider vscode.git 3472
2025-03-01 11:55:59.867 [warning] [Decorations] CAPPING events from decorations provider vscode.git 3472
2025-03-01 11:56:05.177 [warning] [Decorations] CAPPING events from decorations provider vscode.git 3472
2025-03-01 11:56:10.435 [warning] [Decorations] CAPPING events from decorations provider vscode.git 3472
2025-03-01 11:56:15.782 [warning] [Decorations] CAPPING events from decorations provider vscode.git 3473
2025-03-01 11:56:21.008 [warning] [Decorations] CAPPING events from decorations provider vscode.git 3472
2025-03-01 11:56:26.230 [warning] [Decorations] CAPPING events from decorations provider vscode.git 3472
2025-03-01 11:56:31.506 [warning] [Decorations] CAPPING events from decorations provider vscode.git 3472
2025-03-01 11:56:36.716 [warning] [Decorations] CAPPING events from decorations provider vscode.git 3473
2025-03-01 11:56:42.056 [warning] [Decorations] CAPPING events from decorations provider vscode.git 3472
2025-03-01 11:57:00.634 [warning] [Decorations] CAPPING events from decorations provider vscode.git 3472
2025-03-01 11:57:05.885 [warning] [Decorations] CAPPING events from decorations provider vscode.git 3472
2025-03-01 11:57:11.157 [warning] [Decorations] CAPPING events from decorations provider vscode.git 3472
2025-03-01 11:57:16.491 [warning] [Decorations] CAPPING events from decorations provider vscode.git 3472
2025-03-01 11:57:21.743 [warning] [Decorations] CAPPING events from decorations provider vscode.git 3472
2025-03-01 11:57:27.112 [warning] [Decorations] CAPPING events from decorations provider vscode.git 3472
2025-03-01 11:57:33.570 [warning] [Decorations] CAPPING events from decorations provider vscode.git 3473
2025-03-01 11:57:38.949 [warning] [Decorations] CAPPING events from decorations provider vscode.git 3472
2025-03-01 11:57:44.238 [warning] [Decorations] CAPPING events from decorations provider vscode.git 3472
2025-03-01 11:57:49.512 [warning] [Decorations] CAPPING events from decorations provider vscode.git 3472
2025-03-01 11:57:54.909 [warning] [Decorations] CAPPING events from decorations provider vscode.git 3473
2025-03-01 11:58:00.179 [warning] [Decorations] CAPPING events from decorations provider vscode.git 3473
2025-03-01 11:58:05.399 [warning] [Decorations] CAPPING events from decorations provider vscode.git 3472
2025-03-01 11:58:10.744 [warning] [Decorations] CAPPING events from decorations provider vscode.git 3472
2025-03-01 11:58:15.934 [warning] [Decorations] CAPPING events from decorations provider vscode.git 3473
2025-03-01 11:58:21.271 [warning] [Decorations] CAPPING events from decorations provider vscode.git 3472
2025-03-01 11:58:26.555 [warning] [Decorations] CAPPING events from decorations provider vscode.git 3472
2025-03-01 11:58:31.842 [warning] [Decorations] CAPPING events from decorations provider vscode.git 3472
2025-03-01 11:58:37.181 [warning] [Decorations] CAPPING events from decorations provider vscode.git 3472
2025-03-01 11:58:42.375 [warning] [Decorations] CAPPING events from decorations provider vscode.git 3472
2025-03-01 11:58:47.648 [warning] [Decorations] CAPPING events from decorations provider vscode.git 3472
2025-03-01 11:58:52.873 [warning] [Decorations] CAPPING events from decorations provider vscode.git 3472
2025-03-01 11:58:58.141 [warning] [Decorations] CAPPING events from decorations provider vscode.git 3472
2025-03-01 11:59:03.329 [warning] [Decorations] CAPPING events from decorations provider vscode.git 3472
2025-03-01 11:59:08.676 [warning] [Decorations] CAPPING events from decorations provider vscode.git 3472
2025-03-01 11:59:13.854 [warning] [Decorations] CAPPING events from decorations provider vscode.git 3472
2025-03-01 11:59:19.120 [warning] [Decorations] CAPPING events from decorations provider vscode.git 3472
2025-03-01 11:59:24.382 [warning] [Decorations] CAPPING events from decorations provider vscode.git 3473
2025-03-01 11:59:29.602 [warning] [Decorations] CAPPING events from decorations provider vscode.git 3472
2025-03-01 11:59:34.818 [warning] [Decorations] CAPPING events from decorations provider vscode.git 3472
2025-03-01 11:59:40.067 [warning] [Decorations] CAPPING events from decorations provider vscode.git 3472
2025-03-01 11:59:45.362 [warning] [Decorations] CAPPING events from decorations provider vscode.git 3472
2025-03-01 11:59:51.416 [warning] [Decorations] CAPPING events from decorations provider vscode.git 3472
2025-03-01 12:00:01.563 [warning] [Decorations] CAPPING events from decorations provider vscode.git 3474
2025-03-01 12:00:12.726 [warning] [Decorations] CAPPING events from decorations provider vscode.git 3474
2025-03-01 12:00:17.914 [warning] [Decorations] CAPPING events from decorations provider vscode.git 3472
2025-03-01 12:00:28.896 [warning] [Decorations] CAPPING events from decorations provider vscode.git 3474
2025-03-01 12:00:34.095 [warning] [Decorations] CAPPING events from decorations provider vscode.git 3472
2025-03-01 12:00:49.122 [warning] [Decorations] CAPPING events from decorations provider vscode.git 3473
2025-03-01 12:00:54.346 [warning] [Decorations] CAPPING events from decorations provider vscode.git 3472
2025-03-01 12:00:59.540 [warning] [Decorations] CAPPING events from decorations provider vscode.git 3472
2025-03-01 12:01:04.814 [warning] [Decorations] CAPPING events from decorations provider vscode.git 3472
2025-03-01 12:01:10.080 [warning] [Decorations] CAPPING events from decorations provider vscode.git 3472
2025-03-01 12:01:15.286 [warning] [Decorations] CAPPING events from decorations provider vscode.git 3472
2025-03-01 12:01:20.505 [warning] [Decorations] CAPPING events from decorations provider vscode.git 3472
2025-03-01 12:01:25.677 [warning] [Decorations] CAPPING events from decorations provider vscode.git 3472
2025-03-01 12:01:30.918 [warning] [Decorations] CAPPING events from decorations provider vscode.git 3472
2025-03-01 12:01:36.112 [warning] [Decorations] CAPPING events from decorations provider vscode.git 3472
2025-03-01 12:01:41.402 [warning] [Decorations] CAPPING events from decorations provider vscode.git 3472
2025-03-01 12:01:46.601 [warning] [Decorations] CAPPING events from decorations provider vscode.git 3472
2025-03-01 12:01:51.852 [warning] [Decorations] CAPPING events from decorations provider vscode.git 3472
2025-03-01 12:01:57.176 [warning] [Decorations] CAPPING events from decorations provider vscode.git 3472
2025-03-01 12:02:02.423 [warning] [Decorations] CAPPING events from decorations provider vscode.git 3473
2025-03-01 12:02:07.668 [warning] [Decorations] CAPPING events from decorations provider vscode.git 3472
2025-03-01 12:02:12.886 [warning] [Decorations] CAPPING events from decorations provider vscode.git 3472
2025-03-01 12:02:18.129 [warning] [Decorations] CAPPING events from decorations provider vscode.git 3473
2025-03-01 12:02:25.018 [warning] [Decorations] CAPPING events from decorations provider vscode.git 3473
2025-03-01 12:02:30.296 [warning] [Decorations] CAPPING events from decorations provider vscode.git 3472
2025-03-01 12:02:35.461 [warning] [Decorations] CAPPING events from decorations provider vscode.git 3472
2025-03-01 12:02:40.801 [warning] [Decorations] CAPPING events from decorations provider vscode.git 3472
2025-03-01 12:02:46.037 [warning] [Decorations] CAPPING events from decorations provider vscode.git 3472
2025-03-01 12:02:51.236 [warning] [Decorations] CAPPING events from decorations provider vscode.git 3472
2025-03-01 12:02:56.476 [warning] [Decorations] CAPPING events from decorations provider vscode.git 3472
2025-03-01 12:03:01.716 [warning] [Decorations] CAPPING events from decorations provider vscode.git 3472
2025-03-01 12:03:06.900 [warning] [Decorations] CAPPING events from decorations provider vscode.git 3472
2025-03-01 12:03:12.215 [warning] [Decorations] CAPPING events from decorations provider vscode.git 3472
2025-03-01 12:03:17.414 [warning] [Decorations] CAPPING events from decorations provider vscode.git 3472
2025-03-01 12:03:25.383 [warning] [Decorations] CAPPING events from decorations provider vscode.git 3472
2025-03-01 12:03:30.706 [warning] [Decorations] CAPPING events from decorations provider vscode.git 3472
2025-03-01 12:03:36.709 [warning] [Decorations] CAPPING events from decorations provider vscode.git 3472
2025-03-01 12:03:41.968 [warning] [Decorations] CAPPING events from decorations provider vscode.git 3472
2025-03-01 12:03:47.147 [warning] [Decorations] CAPPING events from decorations provider vscode.git 3472
2025-03-01 12:03:52.314 [warning] [Decorations] CAPPING events from decorations provider vscode.git 3472
2025-03-01 12:03:57.492 [warning] [Decorations] CAPPING events from decorations provider vscode.git 3472
2025-03-01 12:04:02.722 [warning] [Decorations] CAPPING events from decorations provider vscode.git 3472
2025-03-01 12:04:07.917 [warning] [Decorations] CAPPING events from decorations provider vscode.git 3472
2025-03-01 12:04:13.105 [warning] [Decorations] CAPPING events from decorations provider vscode.git 3472
2025-03-01 12:04:18.333 [warning] [Decorations] CAPPING events from decorations provider vscode.git 3472
2025-03-01 12:04:23.523 [warning] [Decorations] CAPPING events from decorations provider vscode.git 3472
2025-03-01 12:04:28.761 [warning] [Decorations] CAPPING events from decorations provider vscode.git 3472
2025-03-01 12:04:33.934 [warning] [Decorations] CAPPING events from decorations provider vscode.git 3472
2025-03-01 12:04:39.213 [warning] [Decorations] CAPPING events from decorations provider vscode.git 3472
2025-03-01 12:04:44.478 [warning] [Decorations] CAPPING events from decorations provider vscode.git 3472
2025-03-01 12:04:49.692 [warning] [Decorations] CAPPING events from decorations provider vscode.git 3472
2025-03-01 12:04:54.931 [warning] [Decorations] CAPPING events from decorations provider vscode.git 3472
2025-03-01 12:05:00.158 [warning] [Decorations] CAPPING events from decorations provider vscode.git 3472
2025-03-01 12:05:05.335 [warning] [Decorations] CAPPING events from decorations provider vscode.git 3472
2025-03-01 12:05:10.602 [warning] [Decorations] CAPPING events from decorations provider vscode.git 3472
2025-03-01 12:05:15.822 [warning] [Decorations] CAPPING events from decorations provider vscode.git 3472
2025-03-01 12:05:21.070 [warning] [Decorations] CAPPING events from decorations provider vscode.git 3472
2025-03-01 12:05:26.275 [warning] [Decorations] CAPPING events from decorations provider vscode.git 3472
2025-03-01 12:05:31.456 [warning] [Decorations] CAPPING events from decorations provider vscode.git 3472
2025-03-01 12:05:36.629 [warning] [Decorations] CAPPING events from decorations provider vscode.git 3472
2025-03-01 12:05:41.858 [warning] [Decorations] CAPPING events from decorations provider vscode.git 3472
2025-03-01 12:05:47.098 [warning] [Decorations] CAPPING events from decorations provider vscode.git 3472
2025-03-01 12:05:52.294 [warning] [Decorations] CAPPING events from decorations provider vscode.git 3472
2025-03-01 12:05:57.436 [warning] [Decorations] CAPPING events from decorations provider vscode.git 3472
2025-03-01 12:06:02.684 [warning] [Decorations] CAPPING events from decorations provider vscode.git 3472
2025-03-01 12:06:07.931 [warning] [Decorations] CAPPING events from decorations provider vscode.git 3472
2025-03-01 12:06:13.150 [warning] [Decorations] CAPPING events from decorations provider vscode.git 3472
2025-03-01 12:06:18.351 [warning] [Decorations] CAPPING events from decorations provider vscode.git 3472
2025-03-01 12:06:23.540 [warning] [Decorations] CAPPING events from decorations provider vscode.git 3472
2025-03-01 12:06:29.109 [warning] [Decorations] CAPPING events from decorations provider vscode.git 3472
2025-03-01 12:06:34.284 [warning] [Decorations] CAPPING events from decorations provider vscode.git 3472
2025-03-01 12:06:39.516 [warning] [Decorations] CAPPING events from decorations provider vscode.git 3472
2025-03-01 12:06:44.806 [warning] [Decorations] CAPPING events from decorations provider vscode.git 3472
2025-03-01 12:06:49.952 [warning] [Decorations] CAPPING events from decorations provider vscode.git 3472
2025-03-01 12:06:55.168 [warning] [Decorations] CAPPING events from decorations provider vscode.git 3472
2025-03-01 12:07:00.475 [warning] [Decorations] CAPPING events from decorations provider vscode.git 3472
2025-03-01 12:07:05.669 [warning] [Decorations] CAPPING events from decorations provider vscode.git 3472
2025-03-01 12:07:10.892 [warning] [Decorations] CAPPING events from decorations provider vscode.git 3472
2025-03-01 12:07:16.090 [warning] [Decorations] CAPPING events from decorations provider vscode.git 3472
2025-03-01 12:07:21.269 [warning] [Decorations] CAPPING events from decorations provider vscode.git 3472
2025-03-01 12:07:26.541 [warning] [Decorations] CAPPING events from decorations provider vscode.git 3472
2025-03-01 12:07:31.752 [warning] [Decorations] CAPPING events from decorations provider vscode.git 3472
2025-03-01 12:07:36.995 [warning] [Decorations] CAPPING events from decorations provider vscode.git 3472
2025-03-01 12:09:55.450 [warning] [Decorations] CAPPING events from decorations provider vscode.git 3472
2025-03-01 12:10:00.612 [warning] [Decorations] CAPPING events from decorations provider vscode.git 3472
2025-03-01 12:10:05.804 [warning] [Decorations] CAPPING events from decorations provider vscode.git 3472
2025-03-01 12:10:11.047 [warning] [Decorations] CAPPING events from decorations provider vscode.git 3472
2025-03-01 12:25:56.337 [warning] [Decorations] CAPPING events from decorations provider vscode.git 3472
2025-03-01 12:26:01.544 [warning] [Decorations] CAPPING events from decorations provider vscode.git 3472
2025-03-01 12:26:08.497 [warning] [Decorations] CAPPING events from decorations provider vscode.git 3473
2025-03-01 12:26:13.664 [warning] [Decorations] CAPPING events from decorations provider vscode.git 3473
2025-03-01 12:26:18.885 [warning] [Decorations] CAPPING events from decorations provider vscode.git 3473
2025-03-01 12:26:24.102 [warning] [Decorations] CAPPING events from decorations provider vscode.git 3473
2025-03-01 12:26:29.278 [warning] [Decorations] CAPPING events from decorations provider vscode.git 3473
2025-03-01 12:26:34.482 [warning] [Decorations] CAPPING events from decorations provider vscode.git 3473
2025-03-01 12:26:39.635 [warning] [Decorations] CAPPING events from decorations provider vscode.git 3473
2025-03-01 12:26:44.785 [warning] [Decorations] CAPPING events from decorations provider vscode.git 3473
2025-03-01 12:26:49.947 [warning] [Decorations] CAPPING events from decorations provider vscode.git 3473
2025-03-01 12:26:55.141 [warning] [Decorations] CAPPING events from decorations provider vscode.git 3473
2025-03-01 12:27:00.311 [warning] [Decorations] CAPPING events from decorations provider vscode.git 3473
2025-03-01 12:27:05.468 [warning] [Decorations] CAPPING events from decorations provider vscode.git 3474
2025-03-01 12:27:10.629 [warning] [Decorations] CAPPING events from decorations provider vscode.git 3473
2025-03-01 12:27:15.789 [warning] [Decorations] CAPPING events from decorations provider vscode.git 3473
2025-03-01 12:27:20.935 [warning] [Decorations] CAPPING events from decorations provider vscode.git 3473
2025-03-01 12:27:26.103 [warning] [Decorations] CAPPING events from decorations provider vscode.git 3473
2025-03-01 12:27:31.922 [warning] [Decorations] CAPPING events from decorations provider vscode.git 3473
2025-03-01 12:27:37.153 [warning] [Decorations] CAPPING events from decorations provider vscode.git 3473
2025-03-01 12:27:42.326 [warning] [Decorations] CAPPING events from decorations provider vscode.git 3473
2025-03-01 12:27:47.503 [warning] [Decorations] CAPPING events from decorations provider vscode.git 3473
2025-03-01 12:27:52.645 [warning] [Decorations] CAPPING events from decorations provider vscode.git 3473
2025-03-01 12:27:57.813 [warning] [Decorations] CAPPING events from decorations provider vscode.git 3473
2025-03-01 12:28:02.983 [warning] [Decorations] CAPPING events from decorations provider vscode.git 3473
2025-03-01 12:28:08.144 [warning] [Decorations] CAPPING events from decorations provider vscode.git 3473
2025-03-01 12:28:13.292 [warning] [Decorations] CAPPING events from decorations provider vscode.git 3473
2025-03-01 12:28:26.388 [warning] [Decorations] CAPPING events from decorations provider vscode.git 3473
2025-03-01 12:28:31.694 [warning] [Decorations] CAPPING events from decorations provider vscode.git 3473
2025-03-01 12:28:37.085 [warning] [Decorations] CAPPING events from decorations provider vscode.git 3473
2025-03-01 12:28:42.254 [warning] [Decorations] CAPPING events from decorations provider vscode.git 3473
2025-03-01 12:28:47.403 [warning] [Decorations] CAPPING events from decorations provider vscode.git 3473
2025-03-01 12:28:52.562 [warning] [Decorations] CAPPING events from decorations provider vscode.git 3473
2025-03-01 12:28:57.740 [warning] [Decorations] CAPPING events from decorations provider vscode.git 3473
2025-03-01 12:29:02.879 [warning] [Decorations] CAPPING events from decorations provider vscode.git 3474
2025-03-01 12:29:08.032 [warning] [Decorations] CAPPING events from decorations provider vscode.git 3473
2025-03-01 12:29:13.175 [warning] [Decorations] CAPPING events from decorations provider vscode.git 3473
2025-03-01 12:29:18.363 [warning] [Decorations] CAPPING events from decorations provider vscode.git 3473
2025-03-01 12:29:23.525 [warning] [Decorations] CAPPING events from decorations provider vscode.git 3473
2025-03-01 12:29:31.916 [warning] [Decorations] CAPPING events from decorations provider vscode.git 3474
2025-03-01 12:29:37.113 [warning] [Decorations] CAPPING events from decorations provider vscode.git 3473
2025-03-01 12:29:42.341 [warning] [Decorations] CAPPING events from decorations provider vscode.git 3473
2025-03-01 12:29:47.526 [warning] [Decorations] CAPPING events from decorations provider vscode.git 3473
2025-03-01 12:29:52.697 [warning] [Decorations] CAPPING events from decorations provider vscode.git 3473
2025-03-01 12:29:57.886 [warning] [Decorations] CAPPING events from decorations provider vscode.git 3473
2025-03-01 12:30:03.130 [warning] [Decorations] CAPPING events from decorations provider vscode.git 3474
2025-03-01 12:30:08.296 [warning] [Decorations] CAPPING events from decorations provider vscode.git 3473
2025-03-01 12:30:13.436 [warning] [Decorations] CAPPING events from decorations provider vscode.git 3473
2025-03-01 12:30:18.597 [warning] [Decorations] CAPPING events from decorations provider vscode.git 3473
2025-03-01 12:30:23.998 [warning] [Decorations] CAPPING events from decorations provider vscode.git 3473
2025-03-01 12:30:29.222 [warning] [Decorations] CAPPING events from decorations provider vscode.git 3473
2025-03-01 12:30:34.372 [warning] [Decorations] CAPPING events from decorations provider vscode.git 3473
2025-03-01 12:30:39.562 [warning] [Decorations] CAPPING events from decorations provider vscode.git 3473
2025-03-01 12:30:44.760 [warning] [Decorations] CAPPING events from decorations provider vscode.git 3473
2025-03-01 12:30:49.924 [warning] [Decorations] CAPPING events from decorations provider vscode.git 3474
2025-03-01 12:30:55.083 [warning] [Decorations] CAPPING events from decorations provider vscode.git 3473
2025-03-01 12:31:00.286 [warning] [Decorations] CAPPING events from decorations provider vscode.git 3473
2025-03-01 12:31:05.456 [warning] [Decorations] CAPPING events from decorations provider vscode.git 3474
2025-03-01 12:31:10.835 [warning] [Decorations] CAPPING events from decorations provider vscode.git 3473
2025-03-01 12:31:16.027 [warning] [Decorations] CAPPING events from decorations provider vscode.git 3473
2025-03-01 12:31:21.194 [warning] [Decorations] CAPPING events from decorations provider vscode.git 3473
2025-03-01 12:31:26.357 [warning] [Decorations] CAPPING events from decorations provider vscode.git 3473
2025-03-01 12:31:31.505 [warning] [Decorations] CAPPING events from decorations provider vscode.git 3473
2025-03-01 12:31:36.764 [warning] [Decorations] CAPPING events from decorations provider vscode.git 3474
2025-03-01 12:31:41.990 [warning] [Decorations] CAPPING events from decorations provider vscode.git 3473
2025-03-01 12:31:47.168 [warning] [Decorations] CAPPING events from decorations provider vscode.git 3473
2025-03-01 12:31:52.333 [warning] [Decorations] CAPPING events from decorations provider vscode.git 3473
2025-03-01 12:31:57.501 [warning] [Decorations] CAPPING events from decorations provider vscode.git 3474
2025-03-01 12:32:02.677 [warning] [Decorations] CAPPING events from decorations provider vscode.git 3473
2025-03-01 12:32:07.856 [warning] [Decorations] CAPPING events from decorations provider vscode.git 3473
2025-03-01 12:32:12.997 [warning] [Decorations] CAPPING events from decorations provider vscode.git 3473
2025-03-01 12:32:18.150 [warning] [Decorations] CAPPING events from decorations provider vscode.git 3473
2025-03-01 12:32:23.336 [warning] [Decorations] CAPPING events from decorations provider vscode.git 3473
2025-03-01 12:32:28.546 [warning] [Decorations] CAPPING events from decorations provider vscode.git 3474
2025-03-01 12:32:33.717 [warning] [Decorations] CAPPING events from decorations provider vscode.git 3473
2025-03-01 12:32:38.867 [warning] [Decorations] CAPPING events from decorations provider vscode.git 3473
2025-03-01 12:32:44.023 [warning] [Decorations] CAPPING events from decorations provider vscode.git 3473
2025-03-01 12:32:49.175 [warning] [Decorations] CAPPING events from decorations provider vscode.git 3473
2025-03-01 12:33:29.491 [warning] [Decorations] CAPPING events from decorations provider vscode.git 3474
2025-03-01 12:33:34.649 [warning] [Decorations] CAPPING events from decorations provider vscode.git 3473
2025-03-01 12:33:45.366 [warning] [Decorations] CAPPING events from decorations provider vscode.git 3474
2025-03-01 12:33:50.569 [warning] [Decorations] CAPPING events from decorations provider vscode.git 3474
2025-03-01 12:33:55.723 [warning] [Decorations] CAPPING events from decorations provider vscode.git 3474
2025-03-01 12:34:03.650 [warning] [Decorations] CAPPING events from decorations provider vscode.git 3475
2025-03-01 12:34:08.804 [warning] [Decorations] CAPPING events from decorations provider vscode.git 3474
2025-03-01 12:34:14.039 [warning] [Decorations] CAPPING events from decorations provider vscode.git 3474
2025-03-01 12:34:19.216 [warning] [Decorations] CAPPING events from decorations provider vscode.git 3474
2025-03-01 12:34:24.447 [warning] [Decorations] CAPPING events from decorations provider vscode.git 3475
2025-03-01 12:34:29.597 [warning] [Decorations] CAPPING events from decorations provider vscode.git 3474
2025-03-01 12:34:34.741 [warning] [Decorations] CAPPING events from decorations provider vscode.git 3475
2025-03-01 12:34:40.046 [warning] [Decorations] CAPPING events from decorations provider vscode.git 3474
2025-03-01 12:34:45.221 [warning] [Decorations] CAPPING events from decorations provider vscode.git 3474
2025-03-01 12:34:50.376 [warning] [Decorations] CAPPING events from decorations provider vscode.git 3474
2025-03-01 12:34:55.590 [warning] [Decorations] CAPPING events from decorations provider vscode.git 3475
2025-03-01 12:35:00.745 [warning] [Decorations] CAPPING events from decorations provider vscode.git 3474
2025-03-01 12:35:05.920 [warning] [Decorations] CAPPING events from decorations provider vscode.git 3475
2025-03-01 12:35:11.101 [warning] [Decorations] CAPPING events from decorations provider vscode.git 3474
2025-03-01 12:35:16.249 [warning] [Decorations] CAPPING events from decorations provider vscode.git 3474
2025-03-01 12:35:21.407 [warning] [Decorations] CAPPING events from decorations provider vscode.git 3474
2025-03-01 12:35:26.587 [warning] [Decorations] CAPPING events from decorations provider vscode.git 3474
2025-03-01 12:35:31.734 [warning] [Decorations] CAPPING events from decorations provider vscode.git 3474
2025-03-01 12:35:36.854 [warning] [Decorations] CAPPING events from decorations provider vscode.git 3474
2025-03-01 12:35:51.432 [warning] [Decorations] CAPPING events from decorations provider vscode.git 3474
2025-03-01 12:35:56.583 [warning] [Decorations] CAPPING events from decorations provider vscode.git 3474
2025-03-01 12:36:01.761 [warning] [Decorations] CAPPING events from decorations provider vscode.git 3474
2025-03-01 12:36:06.910 [warning] [Decorations] CAPPING events from decorations provider vscode.git 3474
2025-03-01 12:36:12.066 [warning] [Decorations] CAPPING events from decorations provider vscode.git 3474
2025-03-01 12:36:17.816 [warning] [Decorations] CAPPING events from decorations provider vscode.git 3474
2025-03-01 12:36:22.969 [warning] [Decorations] CAPPING events from decorations provider vscode.git 3474
2025-03-01 12:36:28.132 [warning] [Decorations] CAPPING events from decorations provider vscode.git 3474
2025-03-01 12:36:33.299 [warning] [Decorations] CAPPING events from decorations provider vscode.git 3474
2025-03-01 12:37:21.753 [warning] [Decorations] CAPPING events from decorations provider vscode.git 3474
2025-03-01 12:37:26.925 [warning] [Decorations] CAPPING events from decorations provider vscode.git 3474
2025-03-01 12:37:32.103 [warning] [Decorations] CAPPING events from decorations provider vscode.git 3474
2025-03-01 12:37:37.358 [warning] [Decorations] CAPPING events from decorations provider vscode.git 3475
2025-03-01 12:37:42.513 [warning] [Decorations] CAPPING events from decorations provider vscode.git 3475
2025-03-01 12:37:47.678 [warning] [Decorations] CAPPING events from decorations provider vscode.git 3474
2025-03-01 12:37:52.830 [warning] [Decorations] CAPPING events from decorations provider vscode.git 3474
2025-03-01 12:37:58.034 [warning] [Decorations] CAPPING events from decorations provider vscode.git 3474
