2025-02-27 11:53:58.006 [info] Extension host with pid 965 started
2025-02-27 11:53:58.079 [info] Lock '/home/achraf/.vscode-server/data/User/workspaceStorage/86d45550490db6ed81f978ae1aa2a9e1/vscode.lock': Lock acquired.
2025-02-27 11:53:58.195 [info] ExtensionService#_doActivateExtension vscode.emmet, startup: false, activationEvent: 'onLanguage'
2025-02-27 11:53:58.329 [info] ExtensionService#_doActivateExtension vscode.git-base, startup: true, activationEvent: '*', root cause: vscode.git
2025-02-27 11:53:58.359 [info] ExtensionService#_doActivateExtension vscode.git, startup: true, activationEvent: '*'
2025-02-27 11:53:58.360 [info] ExtensionService#_doActivateExtension vscode.github, startup: true, activationEvent: '*'
2025-02-27 11:53:58.874 [info] Eager extensions activated
2025-02-27 11:53:58.875 [info] ExtensionService#_doActivateExtension vscode.debug-auto-launch, startup: false, activationEvent: 'onStartupFinished'
2025-02-27 11:53:58.876 [info] ExtensionService#_doActivateExtension vscode.merge-conflict, startup: false, activationEvent: 'onStartupFinished'
2025-02-27 11:55:23.191 [info] ExtensionService#_doActivateExtension vscode.typescript-language-features, startup: false, activationEvent: 'onLanguage:javascript'
2025-02-27 11:57:24.330 [info] ExtensionService#_doActivateExtension vscode.npm, startup: false, activationEvent: 'onTerminalQuickFixRequest:ms-vscode.npm-command'
2025-02-27 11:58:41.421 [info] ExtensionService#_doActivateExtension vscode.debug-server-ready, startup: false, activationEvent: 'onDebugResolve'
2025-02-27 11:58:41.422 [info] ExtensionService#_doActivateExtension ms-vscode.js-debug, startup: false, activationEvent: 'onDebugResolve:pwa-node'
2025-02-27 13:16:08.584 [info] ExtensionService#_doActivateExtension vscode.tunnel-forwarding, startup: false, activationEvent: 'onTunnel'
2025-02-27 13:18:02.255 [info] ExtensionService#_doActivateExtension vscode.configuration-editing, startup: false, activationEvent: 'onLanguage:jsonc'
2025-02-27 13:18:02.256 [info] ExtensionService#_doActivateExtension vscode.json-language-features, startup: false, activationEvent: 'onLanguage:jsonc'
2025-02-27 13:18:10.641 [warning] [Decorations] CAPPING events from decorations provider vscode.git 2247
2025-02-27 13:18:11.569 [warning] [Decorations] CAPPING events from decorations provider vscode.git 2247
2025-02-27 13:18:20.546 [warning] [Decorations] CAPPING events from decorations provider vscode.git 2248
2025-02-27 13:18:26.491 [warning] [Decorations] CAPPING events from decorations provider vscode.git 2247
2025-02-27 13:18:31.626 [warning] [Decorations] CAPPING events from decorations provider vscode.git 2247
2025-02-27 13:18:36.749 [warning] [Decorations] CAPPING events from decorations provider vscode.git 2247
2025-02-27 13:18:41.894 [warning] [Decorations] CAPPING events from decorations provider vscode.git 2247
2025-02-27 13:18:47.035 [warning] [Decorations] CAPPING events from decorations provider vscode.git 2248
2025-02-27 13:18:52.177 [warning] [Decorations] CAPPING events from decorations provider vscode.git 2247
2025-02-27 13:18:57.297 [warning] [Decorations] CAPPING events from decorations provider vscode.git 2247
2025-02-27 13:19:02.531 [warning] [Decorations] CAPPING events from decorations provider vscode.git 2248
2025-02-27 13:19:07.681 [warning] [Decorations] CAPPING events from decorations provider vscode.git 2247
2025-02-27 13:19:12.815 [warning] [Decorations] CAPPING events from decorations provider vscode.git 2247
2025-02-27 13:19:17.336 [warning] [Decorations] CAPPING events from decorations provider vscode.git 2247
2025-02-27 13:19:22.442 [warning] [Decorations] CAPPING events from decorations provider vscode.git 2247
2025-02-27 13:19:27.585 [warning] [Decorations] CAPPING events from decorations provider vscode.git 2247
2025-02-27 13:19:32.706 [warning] [Decorations] CAPPING events from decorations provider vscode.git 2247
2025-02-27 13:19:37.858 [warning] [Decorations] CAPPING events from decorations provider vscode.git 2247
2025-02-27 13:21:53.777 [warning] [Decorations] CAPPING events from decorations provider vscode.git 2247
2025-02-27 13:21:58.909 [warning] [Decorations] CAPPING events from decorations provider vscode.git 2248
2025-02-27 13:22:04.029 [warning] [Decorations] CAPPING events from decorations provider vscode.git 2247
2025-02-27 13:22:09.166 [warning] [Decorations] CAPPING events from decorations provider vscode.git 2247
2025-02-27 13:22:14.291 [warning] [Decorations] CAPPING events from decorations provider vscode.git 2247
2025-02-27 13:22:19.477 [warning] [Decorations] CAPPING events from decorations provider vscode.git 2247
2025-02-27 13:22:24.600 [warning] [Decorations] CAPPING events from decorations provider vscode.git 2247
2025-02-27 13:22:29.720 [warning] [Decorations] CAPPING events from decorations provider vscode.git 2247
2025-02-27 13:22:34.846 [warning] [Decorations] CAPPING events from decorations provider vscode.git 2247
2025-02-27 13:22:40.014 [warning] [Decorations] CAPPING events from decorations provider vscode.git 2247
2025-02-27 13:22:44.452 [warning] [Decorations] CAPPING events from decorations provider vscode.git 2247
2025-02-27 13:22:49.622 [warning] [Decorations] CAPPING events from decorations provider vscode.git 2247
2025-02-27 13:22:54.780 [warning] [Decorations] CAPPING events from decorations provider vscode.git 2247
2025-02-27 13:22:59.882 [warning] [Decorations] CAPPING events from decorations provider vscode.git 2247
2025-02-27 13:23:05.501 [warning] [Decorations] CAPPING events from decorations provider vscode.git 2248
2025-02-27 13:23:10.607 [warning] [Decorations] CAPPING events from decorations provider vscode.git 2247
2025-02-27 13:23:15.767 [warning] [Decorations] CAPPING events from decorations provider vscode.git 2247
2025-02-27 13:23:40.458 [warning] [Decorations] CAPPING events from decorations provider vscode.git 2247
2025-02-27 20:16:09.988 [warning] [Decorations] CAPPING events from decorations provider vscode.git 2247
2025-02-27 20:16:15.241 [warning] [Decorations] CAPPING events from decorations provider vscode.git 2247
2025-02-27 20:16:20.474 [warning] [Decorations] CAPPING events from decorations provider vscode.git 2247
2025-02-27 20:18:45.497 [warning] [Decorations] CAPPING events from decorations provider vscode.git 2247
2025-02-27 21:13:04.011 [warning] [Decorations] CAPPING events from decorations provider vscode.git 2247
2025-02-27 21:13:09.227 [warning] [Decorations] CAPPING events from decorations provider vscode.git 2247
2025-02-27 21:13:14.406 [warning] [Decorations] CAPPING events from decorations provider vscode.git 2247
2025-02-27 21:13:19.566 [warning] [Decorations] CAPPING events from decorations provider vscode.git 2247
2025-02-27 21:13:24.810 [warning] [Decorations] CAPPING events from decorations provider vscode.git 2247
2025-02-27 21:13:30.037 [warning] [Decorations] CAPPING events from decorations provider vscode.git 2247
2025-02-27 21:13:35.242 [warning] [Decorations] CAPPING events from decorations provider vscode.git 2247
2025-02-27 21:13:40.463 [warning] [Decorations] CAPPING events from decorations provider vscode.git 2247
2025-02-27 21:13:45.758 [warning] [Decorations] CAPPING events from decorations provider vscode.git 2247
2025-02-27 21:13:51.036 [warning] [Decorations] CAPPING events from decorations provider vscode.git 2247
2025-02-27 21:13:56.301 [warning] [Decorations] CAPPING events from decorations provider vscode.git 2247
2025-02-27 21:14:01.519 [warning] [Decorations] CAPPING events from decorations provider vscode.git 2247
2025-02-27 21:14:06.684 [warning] [Decorations] CAPPING events from decorations provider vscode.git 2247
2025-02-27 21:14:11.823 [warning] [Decorations] CAPPING events from decorations provider vscode.git 2247
2025-02-27 21:14:17.033 [warning] [Decorations] CAPPING events from decorations provider vscode.git 2247
2025-02-27 21:14:22.226 [warning] [Decorations] CAPPING events from decorations provider vscode.git 2247
2025-02-27 21:14:27.522 [warning] [Decorations] CAPPING events from decorations provider vscode.git 2247
2025-02-27 21:14:32.649 [warning] [Decorations] CAPPING events from decorations provider vscode.git 2247
2025-02-27 21:14:37.891 [warning] [Decorations] CAPPING events from decorations provider vscode.git 2247
2025-02-27 21:14:43.020 [warning] [Decorations] CAPPING events from decorations provider vscode.git 2247
2025-02-27 21:14:48.218 [warning] [Decorations] CAPPING events from decorations provider vscode.git 2247
2025-02-27 21:14:53.380 [warning] [Decorations] CAPPING events from decorations provider vscode.git 2247
2025-02-27 21:14:58.598 [warning] [Decorations] CAPPING events from decorations provider vscode.git 2247
2025-02-27 21:15:03.777 [warning] [Decorations] CAPPING events from decorations provider vscode.git 2247
2025-02-27 21:15:09.005 [warning] [Decorations] CAPPING events from decorations provider vscode.git 2247
2025-02-27 21:15:14.205 [warning] [Decorations] CAPPING events from decorations provider vscode.git 2247
2025-02-27 21:15:19.338 [warning] [Decorations] CAPPING events from decorations provider vscode.git 2247
2025-02-27 21:15:24.621 [warning] [Decorations] CAPPING events from decorations provider vscode.git 2247
2025-02-27 21:15:29.855 [warning] [Decorations] CAPPING events from decorations provider vscode.git 2247
2025-02-27 21:15:34.998 [warning] [Decorations] CAPPING events from decorations provider vscode.git 2247
2025-02-27 21:15:40.289 [warning] [Decorations] CAPPING events from decorations provider vscode.git 2247
2025-02-27 21:15:45.410 [warning] [Decorations] CAPPING events from decorations provider vscode.git 2247
2025-02-27 21:15:50.552 [warning] [Decorations] CAPPING events from decorations provider vscode.git 2247
2025-02-27 21:15:55.707 [warning] [Decorations] CAPPING events from decorations provider vscode.git 2247
2025-02-27 21:16:00.892 [warning] [Decorations] CAPPING events from decorations provider vscode.git 2247
2025-02-27 21:16:06.091 [warning] [Decorations] CAPPING events from decorations provider vscode.git 2247
2025-02-27 21:16:11.396 [warning] [Decorations] CAPPING events from decorations provider vscode.git 2247
2025-02-27 21:16:16.591 [warning] [Decorations] CAPPING events from decorations provider vscode.git 2247
2025-02-27 21:16:21.845 [warning] [Decorations] CAPPING events from decorations provider vscode.git 2247
2025-02-27 21:16:27.015 [warning] [Decorations] CAPPING events from decorations provider vscode.git 2247
2025-02-27 21:16:32.367 [warning] [Decorations] CAPPING events from decorations provider vscode.git 2247
2025-02-27 21:16:37.549 [warning] [Decorations] CAPPING events from decorations provider vscode.git 2247
2025-02-27 21:16:42.789 [warning] [Decorations] CAPPING events from decorations provider vscode.git 2247
2025-02-27 21:16:47.978 [warning] [Decorations] CAPPING events from decorations provider vscode.git 2247
2025-02-27 21:16:53.128 [warning] [Decorations] CAPPING events from decorations provider vscode.git 2247
2025-02-27 21:16:58.303 [warning] [Decorations] CAPPING events from decorations provider vscode.git 2247
2025-02-27 21:17:03.649 [warning] [Decorations] CAPPING events from decorations provider vscode.git 2247
2025-02-27 21:17:08.947 [warning] [Decorations] CAPPING events from decorations provider vscode.git 2247
2025-02-27 21:17:14.174 [warning] [Decorations] CAPPING events from decorations provider vscode.git 2247
2025-02-27 21:17:19.305 [warning] [Decorations] CAPPING events from decorations provider vscode.git 2247
2025-02-27 21:17:24.610 [warning] [Decorations] CAPPING events from decorations provider vscode.git 2247
2025-02-27 21:17:29.838 [warning] [Decorations] CAPPING events from decorations provider vscode.git 2247
2025-02-27 21:17:35.084 [warning] [Decorations] CAPPING events from decorations provider vscode.git 2247
2025-02-27 21:17:40.243 [warning] [Decorations] CAPPING events from decorations provider vscode.git 2247
2025-02-27 21:17:45.383 [warning] [Decorations] CAPPING events from decorations provider vscode.git 2247
2025-02-27 21:17:52.108 [warning] [Decorations] CAPPING events from decorations provider vscode.git 2247
2025-02-27 21:17:57.381 [warning] [Decorations] CAPPING events from decorations provider vscode.git 2247
2025-02-27 21:18:02.591 [warning] [Decorations] CAPPING events from decorations provider vscode.git 2247
2025-02-27 21:18:07.899 [warning] [Decorations] CAPPING events from decorations provider vscode.git 2247
2025-02-27 21:18:13.095 [warning] [Decorations] CAPPING events from decorations provider vscode.git 2247
2025-02-27 21:18:18.327 [warning] [Decorations] CAPPING events from decorations provider vscode.git 2247
2025-02-27 21:18:23.462 [warning] [Decorations] CAPPING events from decorations provider vscode.git 2247
2025-02-27 21:18:28.620 [warning] [Decorations] CAPPING events from decorations provider vscode.git 2247
2025-02-27 21:18:33.933 [warning] [Decorations] CAPPING events from decorations provider vscode.git 2247
2025-02-27 21:18:39.164 [warning] [Decorations] CAPPING events from decorations provider vscode.git 2247
2025-02-27 21:18:44.422 [warning] [Decorations] CAPPING events from decorations provider vscode.git 2247
2025-02-27 21:18:49.634 [warning] [Decorations] CAPPING events from decorations provider vscode.git 2247
2025-02-27 21:18:54.861 [warning] [Decorations] CAPPING events from decorations provider vscode.git 2247
2025-02-27 21:19:00.097 [warning] [Decorations] CAPPING events from decorations provider vscode.git 2247
2025-02-27 21:19:05.264 [warning] [Decorations] CAPPING events from decorations provider vscode.git 2247
2025-02-27 21:19:10.431 [warning] [Decorations] CAPPING events from decorations provider vscode.git 2247
2025-02-27 21:19:15.895 [warning] [Decorations] CAPPING events from decorations provider vscode.git 2247
2025-02-27 21:20:06.251 [warning] [Decorations] CAPPING events from decorations provider vscode.git 2247
2025-02-27 21:20:09.089 [info] Extension host terminating: received terminate message from renderer
2025-02-27 21:20:09.091 [info] Lock '/home/achraf/.vscode-server/data/User/workspaceStorage/86d45550490db6ed81f978ae1aa2a9e1/vscode.lock': Marking the lockfile as scheduled to be released in 6000 ms.
2025-02-27 21:20:10.150 [error] Canceled: Canceled
	at new XT (file:///home/achraf/.vscode-server/bin/e249dada235c2083c83813bd65b7f4707fb97b76/out/vs/workbench/api/node/extensionHostProcess.js:29:153701)
	at Uy.U (file:///home/achraf/.vscode-server/bin/e249dada235c2083c83813bd65b7f4707fb97b76/out/vs/workbench/api/node/extensionHostProcess.js:29:158311)
	at s.<computed>.n.charCodeAt.s.<computed> (file:///home/achraf/.vscode-server/bin/e249dada235c2083c83813bd65b7f4707fb97b76/out/vs/workbench/api/node/extensionHostProcess.js:29:155805)
	at mw.g (file:///home/achraf/.vscode-server/bin/e249dada235c2083c83813bd65b7f4707fb97b76/out/vs/workbench/api/node/extensionHostProcess.js:112:32221)
	at mw.executeCommand (file:///home/achraf/.vscode-server/bin/e249dada235c2083c83813bd65b7f4707fb97b76/out/vs/workbench/api/node/extensionHostProcess.js:112:31725)
	at r.registerCommand.description (file:///home/achraf/.vscode-server/bin/e249dada235c2083c83813bd65b7f4707fb97b76/out/vs/workbench/api/node/extensionHostProcess.js:112:31055)
	at mw.h (file:///home/achraf/.vscode-server/bin/e249dada235c2083c83813bd65b7f4707fb97b76/out/vs/workbench/api/node/extensionHostProcess.js:112:32741)
	at mw.g (file:///home/achraf/.vscode-server/bin/e249dada235c2083c83813bd65b7f4707fb97b76/out/vs/workbench/api/node/extensionHostProcess.js:112:31818)
	at mw.executeCommand (file:///home/achraf/.vscode-server/bin/e249dada235c2083c83813bd65b7f4707fb97b76/out/vs/workbench/api/node/extensionHostProcess.js:112:31725)
	at Object.executeCommand (file:///home/achraf/.vscode-server/bin/e249dada235c2083c83813bd65b7f4707fb97b76/out/vs/workbench/api/node/extensionHostProcess.js:172:37254)
	at Ah.L [as value] (/home/achraf/.vscode-server/bin/e249dada235c2083c83813bd65b7f4707fb97b76/extensions/git/dist/main.js:2:997602)
	at D.B (file:///home/achraf/.vscode-server/bin/e249dada235c2083c83813bd65b7f4707fb97b76/out/vs/workbench/api/node/extensionHostProcess.js:27:2373)
	at D.C (file:///home/achraf/.vscode-server/bin/e249dada235c2083c83813bd65b7f4707fb97b76/out/vs/workbench/api/node/extensionHostProcess.js:27:2443)
	at D.fire (file:///home/achraf/.vscode-server/bin/e249dada235c2083c83813bd65b7f4707fb97b76/out/vs/workbench/api/node/extensionHostProcess.js:27:2660)
	at Object.p [as dispose] (/home/achraf/.vscode-server/bin/e249dada235c2083c83813bd65b7f4707fb97b76/extensions/git/dist/main.js:2:1020242)
	at /home/achraf/.vscode-server/bin/e249dada235c2083c83813bd65b7f4707fb97b76/extensions/git/dist/main.js:2:1026621
	at Array.forEach (<anonymous>)
	at b.dispose (/home/achraf/.vscode-server/bin/e249dada235c2083c83813bd65b7f4707fb97b76/extensions/git/dist/main.js:2:1026607)
	at cv.<anonymous> (file:///home/achraf/.vscode-server/bin/e249dada235c2083c83813bd65b7f4707fb97b76/out/vs/workbench/api/node/extensionHostProcess.js:106:20084)
	at cv.dispose (file:///home/achraf/.vscode-server/bin/e249dada235c2083c83813bd65b7f4707fb97b76/out/vs/workbench/api/node/extensionHostProcess.js:106:20180)
	at cv.<anonymous> (/home/achraf/.vscode-server/bin/e249dada235c2083c83813bd65b7f4707fb97b76/extensions/git/dist/main.js:2:1000086)
	at cv.dispose (file:///home/achraf/.vscode-server/bin/e249dada235c2083c83813bd65b7f4707fb97b76/out/vs/workbench/api/node/extensionHostProcess.js:106:20180)
	at ui (file:///home/achraf/.vscode-server/bin/e249dada235c2083c83813bd65b7f4707fb97b76/out/vs/workbench/api/node/extensionHostProcess.js:25:699)
	at file:///home/achraf/.vscode-server/bin/e249dada235c2083c83813bd65b7f4707fb97b76/out/vs/workbench/api/node/extensionHostProcess.js:116:14992
	at file:///home/achraf/.vscode-server/bin/e249dada235c2083c83813bd65b7f4707fb97b76/out/vs/workbench/api/node/extensionHostProcess.js:25:1009
	at Object.dispose (file:///home/achraf/.vscode-server/bin/e249dada235c2083c83813bd65b7f4707fb97b76/out/vs/workbench/api/node/extensionHostProcess.js:8:705)
	at PW.eb (file:///home/achraf/.vscode-server/bin/e249dada235c2083c83813bd65b7f4707fb97b76/out/vs/workbench/api/node/extensionHostProcess.js:116:11919)
	at file:///home/achraf/.vscode-server/bin/e249dada235c2083c83813bd65b7f4707fb97b76/out/vs/workbench/api/node/extensionHostProcess.js:116:9874
	at Array.map (<anonymous>)
	at PW.$ (file:///home/achraf/.vscode-server/bin/e249dada235c2083c83813bd65b7f4707fb97b76/out/vs/workbench/api/node/extensionHostProcess.js:116:9862)
	at PW.terminate (file:///home/achraf/.vscode-server/bin/e249dada235c2083c83813bd65b7f4707fb97b76/out/vs/workbench/api/node/extensionHostProcess.js:116:10105)
	at wC.terminate (file:///home/achraf/.vscode-server/bin/e249dada235c2083c83813bd65b7f4707fb97b76/out/vs/workbench/api/node/extensionHostProcess.js:117:1434)
	at ts (file:///home/achraf/.vscode-server/bin/e249dada235c2083c83813bd65b7f4707fb97b76/out/vs/workbench/api/node/extensionHostProcess.js:190:15080)
	at Ah.value (file:///home/achraf/.vscode-server/bin/e249dada235c2083c83813bd65b7f4707fb97b76/out/vs/workbench/api/node/extensionHostProcess.js:190:13241)
	at D.B (file:///home/achraf/.vscode-server/bin/e249dada235c2083c83813bd65b7f4707fb97b76/out/vs/workbench/api/node/extensionHostProcess.js:27:2373)
	at D.fire (file:///home/achraf/.vscode-server/bin/e249dada235c2083c83813bd65b7f4707fb97b76/out/vs/workbench/api/node/extensionHostProcess.js:27:2591)
	at Xn.fire (file:///home/achraf/.vscode-server/bin/e249dada235c2083c83813bd65b7f4707fb97b76/out/vs/workbench/api/node/extensionHostProcess.js:29:9458)
	at Gm.A (file:///home/achraf/.vscode-server/bin/e249dada235c2083c83813bd65b7f4707fb97b76/out/vs/workbench/api/node/extensionHostProcess.js:29:12574)
	at Ah.value (file:///home/achraf/.vscode-server/bin/e249dada235c2083c83813bd65b7f4707fb97b76/out/vs/workbench/api/node/extensionHostProcess.js:29:11975)
	at D.B (file:///home/achraf/.vscode-server/bin/e249dada235c2083c83813bd65b7f4707fb97b76/out/vs/workbench/api/node/extensionHostProcess.js:27:2373)
	at D.fire (file:///home/achraf/.vscode-server/bin/e249dada235c2083c83813bd65b7f4707fb97b76/out/vs/workbench/api/node/extensionHostProcess.js:27:2591)
	at m6.acceptChunk (file:///home/achraf/.vscode-server/bin/e249dada235c2083c83813bd65b7f4707fb97b76/out/vs/workbench/api/node/extensionHostProcess.js:29:7941)
	at Ah.value (file:///home/achraf/.vscode-server/bin/e249dada235c2083c83813bd65b7f4707fb97b76/out/vs/workbench/api/node/extensionHostProcess.js:29:7227)
	at D.B (file:///home/achraf/.vscode-server/bin/e249dada235c2083c83813bd65b7f4707fb97b76/out/vs/workbench/api/node/extensionHostProcess.js:27:2373)
	at D.fire (file:///home/achraf/.vscode-server/bin/e249dada235c2083c83813bd65b7f4707fb97b76/out/vs/workbench/api/node/extensionHostProcess.js:27:2591)
	at BA.z (file:///home/achraf/.vscode-server/bin/e249dada235c2083c83813bd65b7f4707fb97b76/out/vs/workbench/api/node/extensionHostProcess.js:29:21254)
	at BA.acceptFrame (file:///home/achraf/.vscode-server/bin/e249dada235c2083c83813bd65b7f4707fb97b76/out/vs/workbench/api/node/extensionHostProcess.js:29:21060)
	at jA.n (file:///home/achraf/.vscode-server/bin/e249dada235c2083c83813bd65b7f4707fb97b76/out/vs/workbench/api/node/extensionHostProcess.js:29:19588)
	at file:///home/achraf/.vscode-server/bin/e249dada235c2083c83813bd65b7f4707fb97b76/out/vs/workbench/api/node/extensionHostProcess.js:29:16820
	at Socket.t (file:///home/achraf/.vscode-server/bin/e249dada235c2083c83813bd65b7f4707fb97b76/out/vs/workbench/api/node/extensionHostProcess.js:29:14761)
	at Socket.emit (node:events:518:28)
	at addChunk (node:internal/streams/readable:561:12)
	at readableAddChunkPushByteMode (node:internal/streams/readable:512:3)
	at Readable.push (node:internal/streams/readable:392:5)
	at TCP.onStreamRead (node:internal/stream_base_commons:191:23) setContext undefined
2025-02-27 21:20:10.162 [error] Canceled: Canceled
	at new XT (file:///home/achraf/.vscode-server/bin/e249dada235c2083c83813bd65b7f4707fb97b76/out/vs/workbench/api/node/extensionHostProcess.js:29:153701)
	at Uy.U (file:///home/achraf/.vscode-server/bin/e249dada235c2083c83813bd65b7f4707fb97b76/out/vs/workbench/api/node/extensionHostProcess.js:29:158311)
	at s.<computed>.n.charCodeAt.s.<computed> (file:///home/achraf/.vscode-server/bin/e249dada235c2083c83813bd65b7f4707fb97b76/out/vs/workbench/api/node/extensionHostProcess.js:29:155805)
	at mw.g (file:///home/achraf/.vscode-server/bin/e249dada235c2083c83813bd65b7f4707fb97b76/out/vs/workbench/api/node/extensionHostProcess.js:112:32221)
	at mw.executeCommand (file:///home/achraf/.vscode-server/bin/e249dada235c2083c83813bd65b7f4707fb97b76/out/vs/workbench/api/node/extensionHostProcess.js:112:31725)
	at r.registerCommand.description (file:///home/achraf/.vscode-server/bin/e249dada235c2083c83813bd65b7f4707fb97b76/out/vs/workbench/api/node/extensionHostProcess.js:112:31055)
	at mw.h (file:///home/achraf/.vscode-server/bin/e249dada235c2083c83813bd65b7f4707fb97b76/out/vs/workbench/api/node/extensionHostProcess.js:112:32741)
	at mw.g (file:///home/achraf/.vscode-server/bin/e249dada235c2083c83813bd65b7f4707fb97b76/out/vs/workbench/api/node/extensionHostProcess.js:112:31818)
	at mw.executeCommand (file:///home/achraf/.vscode-server/bin/e249dada235c2083c83813bd65b7f4707fb97b76/out/vs/workbench/api/node/extensionHostProcess.js:112:31725)
	at Object.executeCommand (file:///home/achraf/.vscode-server/bin/e249dada235c2083c83813bd65b7f4707fb97b76/out/vs/workbench/api/node/extensionHostProcess.js:172:37254)
	at set hasGitHubRepositories [as hasGitHubRepositories] (/home/achraf/.vscode-server/bin/e249dada235c2083c83813bd65b7f4707fb97b76/extensions/github/dist/extension.js:2:344164)
	at /home/achraf/.vscode-server/bin/e249dada235c2083c83813bd65b7f4707fb97b76/extensions/github/dist/extension.js:2:345123
	at Ah.value (/home/achraf/.vscode-server/bin/e249dada235c2083c83813bd65b7f4707fb97b76/extensions/git/dist/main.js:2:1117802)
	at D.B (file:///home/achraf/.vscode-server/bin/e249dada235c2083c83813bd65b7f4707fb97b76/out/vs/workbench/api/node/extensionHostProcess.js:27:2373)
	at D.C (file:///home/achraf/.vscode-server/bin/e249dada235c2083c83813bd65b7f4707fb97b76/out/vs/workbench/api/node/extensionHostProcess.js:27:2443)
	at D.fire (file:///home/achraf/.vscode-server/bin/e249dada235c2083c83813bd65b7f4707fb97b76/out/vs/workbench/api/node/extensionHostProcess.js:27:2660)
	at Object.p [as dispose] (/home/achraf/.vscode-server/bin/e249dada235c2083c83813bd65b7f4707fb97b76/extensions/git/dist/main.js:2:1020242)
	at /home/achraf/.vscode-server/bin/e249dada235c2083c83813bd65b7f4707fb97b76/extensions/git/dist/main.js:2:1026621
	at Array.forEach (<anonymous>)
	at b.dispose (/home/achraf/.vscode-server/bin/e249dada235c2083c83813bd65b7f4707fb97b76/extensions/git/dist/main.js:2:1026607)
	at cv.<anonymous> (file:///home/achraf/.vscode-server/bin/e249dada235c2083c83813bd65b7f4707fb97b76/out/vs/workbench/api/node/extensionHostProcess.js:106:20084)
	at cv.dispose (file:///home/achraf/.vscode-server/bin/e249dada235c2083c83813bd65b7f4707fb97b76/out/vs/workbench/api/node/extensionHostProcess.js:106:20180)
	at cv.<anonymous> (/home/achraf/.vscode-server/bin/e249dada235c2083c83813bd65b7f4707fb97b76/extensions/git/dist/main.js:2:1000086)
	at cv.dispose (file:///home/achraf/.vscode-server/bin/e249dada235c2083c83813bd65b7f4707fb97b76/out/vs/workbench/api/node/extensionHostProcess.js:106:20180)
	at ui (file:///home/achraf/.vscode-server/bin/e249dada235c2083c83813bd65b7f4707fb97b76/out/vs/workbench/api/node/extensionHostProcess.js:25:699)
	at file:///home/achraf/.vscode-server/bin/e249dada235c2083c83813bd65b7f4707fb97b76/out/vs/workbench/api/node/extensionHostProcess.js:116:14992
	at file:///home/achraf/.vscode-server/bin/e249dada235c2083c83813bd65b7f4707fb97b76/out/vs/workbench/api/node/extensionHostProcess.js:25:1009
	at Object.dispose (file:///home/achraf/.vscode-server/bin/e249dada235c2083c83813bd65b7f4707fb97b76/out/vs/workbench/api/node/extensionHostProcess.js:8:705)
	at PW.eb (file:///home/achraf/.vscode-server/bin/e249dada235c2083c83813bd65b7f4707fb97b76/out/vs/workbench/api/node/extensionHostProcess.js:116:11919)
	at file:///home/achraf/.vscode-server/bin/e249dada235c2083c83813bd65b7f4707fb97b76/out/vs/workbench/api/node/extensionHostProcess.js:116:9874
	at Array.map (<anonymous>)
	at PW.$ (file:///home/achraf/.vscode-server/bin/e249dada235c2083c83813bd65b7f4707fb97b76/out/vs/workbench/api/node/extensionHostProcess.js:116:9862)
	at PW.terminate (file:///home/achraf/.vscode-server/bin/e249dada235c2083c83813bd65b7f4707fb97b76/out/vs/workbench/api/node/extensionHostProcess.js:116:10105)
	at wC.terminate (file:///home/achraf/.vscode-server/bin/e249dada235c2083c83813bd65b7f4707fb97b76/out/vs/workbench/api/node/extensionHostProcess.js:117:1434)
	at ts (file:///home/achraf/.vscode-server/bin/e249dada235c2083c83813bd65b7f4707fb97b76/out/vs/workbench/api/node/extensionHostProcess.js:190:15080)
	at Ah.value (file:///home/achraf/.vscode-server/bin/e249dada235c2083c83813bd65b7f4707fb97b76/out/vs/workbench/api/node/extensionHostProcess.js:190:13241)
	at D.B (file:///home/achraf/.vscode-server/bin/e249dada235c2083c83813bd65b7f4707fb97b76/out/vs/workbench/api/node/extensionHostProcess.js:27:2373)
	at D.fire (file:///home/achraf/.vscode-server/bin/e249dada235c2083c83813bd65b7f4707fb97b76/out/vs/workbench/api/node/extensionHostProcess.js:27:2591)
	at Xn.fire (file:///home/achraf/.vscode-server/bin/e249dada235c2083c83813bd65b7f4707fb97b76/out/vs/workbench/api/node/extensionHostProcess.js:29:9458)
	at Gm.A (file:///home/achraf/.vscode-server/bin/e249dada235c2083c83813bd65b7f4707fb97b76/out/vs/workbench/api/node/extensionHostProcess.js:29:12574)
	at Ah.value (file:///home/achraf/.vscode-server/bin/e249dada235c2083c83813bd65b7f4707fb97b76/out/vs/workbench/api/node/extensionHostProcess.js:29:11975)
	at D.B (file:///home/achraf/.vscode-server/bin/e249dada235c2083c83813bd65b7f4707fb97b76/out/vs/workbench/api/node/extensionHostProcess.js:27:2373)
	at D.fire (file:///home/achraf/.vscode-server/bin/e249dada235c2083c83813bd65b7f4707fb97b76/out/vs/workbench/api/node/extensionHostProcess.js:27:2591)
	at m6.acceptChunk (file:///home/achraf/.vscode-server/bin/e249dada235c2083c83813bd65b7f4707fb97b76/out/vs/workbench/api/node/extensionHostProcess.js:29:7941)
	at Ah.value (file:///home/achraf/.vscode-server/bin/e249dada235c2083c83813bd65b7f4707fb97b76/out/vs/workbench/api/node/extensionHostProcess.js:29:7227)
	at D.B (file:///home/achraf/.vscode-server/bin/e249dada235c2083c83813bd65b7f4707fb97b76/out/vs/workbench/api/node/extensionHostProcess.js:27:2373)
	at D.fire (file:///home/achraf/.vscode-server/bin/e249dada235c2083c83813bd65b7f4707fb97b76/out/vs/workbench/api/node/extensionHostProcess.js:27:2591)
	at BA.z (file:///home/achraf/.vscode-server/bin/e249dada235c2083c83813bd65b7f4707fb97b76/out/vs/workbench/api/node/extensionHostProcess.js:29:21254)
	at BA.acceptFrame (file:///home/achraf/.vscode-server/bin/e249dada235c2083c83813bd65b7f4707fb97b76/out/vs/workbench/api/node/extensionHostProcess.js:29:21060)
	at jA.n (file:///home/achraf/.vscode-server/bin/e249dada235c2083c83813bd65b7f4707fb97b76/out/vs/workbench/api/node/extensionHostProcess.js:29:19588)
	at file:///home/achraf/.vscode-server/bin/e249dada235c2083c83813bd65b7f4707fb97b76/out/vs/workbench/api/node/extensionHostProcess.js:29:16820
	at Socket.t (file:///home/achraf/.vscode-server/bin/e249dada235c2083c83813bd65b7f4707fb97b76/out/vs/workbench/api/node/extensionHostProcess.js:29:14761)
	at Socket.emit (node:events:518:28)
	at addChunk (node:internal/streams/readable:561:12)
	at readableAddChunkPushByteMode (node:internal/streams/readable:512:3)
	at Readable.push (node:internal/streams/readable:392:5)
	at TCP.onStreamRead (node:internal/stream_base_commons:191:23) setContext undefined
2025-02-27 21:20:10.181 [info] Extension host with pid 965 exiting with code 0
