2025-03-08 11:29:07.229 [info] Extension host with pid 845 started
2025-03-08 11:29:07.278 [info] Lock '/home/achraf/.vscode-server/data/User/workspaceStorage/86d45550490db6ed81f978ae1aa2a9e1/vscode.lock': Lock acquired.
2025-03-08 11:29:07.835 [info] ExtensionService#_doActivateExtension vscode.emmet, startup: false, activationEvent: 'onLanguage'
2025-03-08 11:29:07.838 [info] ExtensionService#_doActivateExtension NomicFoundation.hardhat-solidity, startup: false, activationEvent: 'onLanguage:solidity'
2025-03-08 11:29:08.910 [info] ExtensionService#_doActivateExtension vscode.git-base, startup: true, activationEvent: '*', root cause: vscode.git
2025-03-08 11:29:08.977 [info] ExtensionService#_doActivateExtension vscode.git, startup: true, activationEvent: '*'
2025-03-08 11:29:08.978 [info] ExtensionService#_doActivateExtension vscode.github, startup: true, activationEvent: '*'
2025-03-08 11:29:09.860 [info] Eager extensions activated
2025-03-08 11:29:09.861 [info] ExtensionService#_doActivateExtension vscode.debug-auto-launch, startup: false, activationEvent: 'onStartupFinished'
2025-03-08 11:29:09.862 [info] ExtensionService#_doActivateExtension vscode.merge-conflict, startup: false, activationEvent: 'onStartupFinished'
2025-03-08 11:29:09.863 [info] ExtensionService#_doActivateExtension esbenp.prettier-vscode, startup: false, activationEvent: 'onStartupFinished'
2025-03-08 11:29:14.796 [warning] [Decorations] CAPPING events from decorations provider vscode.git 3695
2025-03-08 11:29:17.065 [warning] [Decorations] CAPPING events from decorations provider vscode.git 3695
2025-03-08 11:29:31.697 [warning] [Decorations] CAPPING events from decorations provider vscode.git 3695
2025-03-08 11:29:37.093 [warning] [Decorations] CAPPING events from decorations provider vscode.git 3695
2025-03-08 11:29:39.903 [warning] [Decorations] CAPPING events from decorations provider vscode.git 3695
2025-03-08 11:29:45.417 [warning] [Decorations] CAPPING events from decorations provider vscode.git 3695
2025-03-08 11:29:50.734 [warning] [Decorations] CAPPING events from decorations provider vscode.git 3695
2025-03-08 11:30:41.022 [warning] [Decorations] CAPPING events from decorations provider vscode.git 3695
2025-03-08 11:30:42.418 [warning] [Decorations] CAPPING events from decorations provider vscode.git 3695
2025-03-08 11:30:48.025 [warning] [Decorations] CAPPING events from decorations provider vscode.git 3695
2025-03-08 11:30:50.347 [info] ExtensionService#_doActivateExtension vscode.npm, startup: false, activationEvent: 'onTerminalQuickFixRequest:ms-vscode.npm-command'
2025-03-08 11:30:53.263 [warning] [Decorations] CAPPING events from decorations provider vscode.git 3695
2025-03-08 11:30:58.665 [warning] [Decorations] CAPPING events from decorations provider vscode.git 3695
2025-03-08 11:31:16.820 [warning] [Decorations] CAPPING events from decorations provider vscode.git 3695
2025-03-08 11:31:18.759 [warning] [Decorations] CAPPING events from decorations provider vscode.git 3695
2025-03-08 11:31:30.674 [warning] [Decorations] CAPPING events from decorations provider vscode.git 3695
2025-03-08 11:31:36.025 [warning] [Decorations] CAPPING events from decorations provider vscode.git 3695
2025-03-08 11:31:37.796 [info] ExtensionService#_doActivateExtension vscode.typescript-language-features, startup: false, activationEvent: 'onLanguage:javascript'
2025-03-08 11:31:42.395 [warning] [Decorations] CAPPING events from decorations provider vscode.git 3696
2025-03-08 11:31:53.132 [warning] [Decorations] CAPPING events from decorations provider vscode.git 3705
2025-03-08 11:32:24.556 [warning] [Decorations] CAPPING events from decorations provider vscode.git 3703
2025-03-08 11:32:29.882 [warning] [Decorations] CAPPING events from decorations provider vscode.git 3703
2025-03-08 11:32:35.112 [warning] [Decorations] CAPPING events from decorations provider vscode.git 3703
2025-03-08 11:32:40.500 [warning] [Decorations] CAPPING events from decorations provider vscode.git 3703
2025-03-08 11:32:49.022 [warning] [Decorations] CAPPING events from decorations provider vscode.git 3703
2025-03-08 11:32:54.318 [warning] [Decorations] CAPPING events from decorations provider vscode.git 3703
2025-03-08 11:32:59.586 [warning] [Decorations] CAPPING events from decorations provider vscode.git 3703
2025-03-08 11:33:04.844 [warning] [Decorations] CAPPING events from decorations provider vscode.git 3703
2025-03-08 11:33:10.030 [warning] [Decorations] CAPPING events from decorations provider vscode.git 3703
2025-03-08 11:33:16.182 [warning] [Decorations] CAPPING events from decorations provider vscode.git 3703
2025-03-08 11:33:22.118 [warning] [Decorations] CAPPING events from decorations provider vscode.git 3703
2025-03-08 11:33:27.370 [warning] [Decorations] CAPPING events from decorations provider vscode.git 3703
2025-03-08 11:33:56.150 [warning] [Decorations] CAPPING events from decorations provider vscode.git 3703
2025-03-08 11:34:01.496 [warning] [Decorations] CAPPING events from decorations provider vscode.git 3703
2025-03-08 11:34:06.733 [warning] [Decorations] CAPPING events from decorations provider vscode.git 3703
2025-03-08 11:34:11.989 [warning] [Decorations] CAPPING events from decorations provider vscode.git 3703
2025-03-08 11:34:17.280 [warning] [Decorations] CAPPING events from decorations provider vscode.git 3703
2025-03-08 11:34:22.555 [warning] [Decorations] CAPPING events from decorations provider vscode.git 3703
2025-03-08 11:34:41.888 [warning] [Decorations] CAPPING events from decorations provider vscode.git 3703
2025-03-08 11:35:00.270 [warning] [Decorations] CAPPING events from decorations provider vscode.git 3703
2025-03-08 11:35:05.485 [warning] [Decorations] CAPPING events from decorations provider vscode.git 3703
2025-03-08 11:35:12.880 [warning] [Decorations] CAPPING events from decorations provider vscode.git 3703
2025-03-08 11:35:18.197 [warning] [Decorations] CAPPING events from decorations provider vscode.git 3703
2025-03-08 11:35:23.463 [warning] [Decorations] CAPPING events from decorations provider vscode.git 3703
2025-03-08 11:35:28.810 [warning] [Decorations] CAPPING events from decorations provider vscode.git 3703
2025-03-08 11:35:34.714 [warning] [Decorations] CAPPING events from decorations provider vscode.git 3703
2025-03-08 11:35:53.209 [warning] [Decorations] CAPPING events from decorations provider vscode.git 3703
2025-03-08 11:35:54.526 [warning] [Decorations] CAPPING events from decorations provider vscode.git 3703
2025-03-08 11:36:02.175 [warning] [Decorations] CAPPING events from decorations provider vscode.git 3703
2025-03-08 11:36:08.190 [warning] [Decorations] CAPPING events from decorations provider vscode.git 3703
2025-03-08 11:36:13.549 [warning] [Decorations] CAPPING events from decorations provider vscode.git 3703
2025-03-08 11:36:18.819 [warning] [Decorations] CAPPING events from decorations provider vscode.git 3703
2025-03-08 11:36:24.041 [warning] [Decorations] CAPPING events from decorations provider vscode.git 3703
2025-03-08 11:36:29.440 [warning] [Decorations] CAPPING events from decorations provider vscode.git 3703
2025-03-08 11:36:34.707 [warning] [Decorations] CAPPING events from decorations provider vscode.git 3703
2025-03-08 11:36:40.742 [warning] [Decorations] CAPPING events from decorations provider vscode.git 3703
2025-03-08 11:36:59.740 [warning] [Decorations] CAPPING events from decorations provider vscode.git 3703
2025-03-08 11:37:05.021 [warning] [Decorations] CAPPING events from decorations provider vscode.git 3703
2025-03-08 11:37:10.969 [warning] [Decorations] CAPPING events from decorations provider vscode.git 3703
2025-03-08 11:37:34.923 [warning] [Decorations] CAPPING events from decorations provider vscode.git 3703
2025-03-08 11:37:40.149 [warning] [Decorations] CAPPING events from decorations provider vscode.git 3703
2025-03-08 11:38:01.458 [warning] [Decorations] CAPPING events from decorations provider vscode.git 3705
2025-03-08 11:38:06.734 [warning] [Decorations] CAPPING events from decorations provider vscode.git 3706
2025-03-08 11:38:12.036 [warning] [Decorations] CAPPING events from decorations provider vscode.git 3706
2025-03-08 11:38:20.664 [warning] [Decorations] CAPPING events from decorations provider vscode.git 3708
2025-03-08 11:38:25.998 [warning] [Decorations] CAPPING events from decorations provider vscode.git 3707
2025-03-08 11:38:31.295 [warning] [Decorations] CAPPING events from decorations provider vscode.git 3707
2025-03-08 11:38:36.599 [warning] [Decorations] CAPPING events from decorations provider vscode.git 3707
2025-03-08 11:39:02.234 [warning] [Decorations] CAPPING events from decorations provider vscode.git 3707
2025-03-08 11:39:07.580 [warning] [Decorations] CAPPING events from decorations provider vscode.git 3707
2025-03-08 11:40:11.727 [warning] [Decorations] CAPPING events from decorations provider vscode.git 3707
2025-03-08 11:40:17.137 [warning] [Decorations] CAPPING events from decorations provider vscode.git 3710
2025-03-08 11:40:22.512 [warning] [Decorations] CAPPING events from decorations provider vscode.git 3709
2025-03-08 11:40:33.587 [warning] [Decorations] CAPPING events from decorations provider vscode.git 3709
2025-03-08 11:40:38.825 [warning] [Decorations] CAPPING events from decorations provider vscode.git 3709
2025-03-08 11:40:44.108 [warning] [Decorations] CAPPING events from decorations provider vscode.git 3709
2025-03-08 11:41:05.797 [warning] [Decorations] CAPPING events from decorations provider vscode.git 3709
2025-03-08 11:41:11.517 [warning] [Decorations] CAPPING events from decorations provider vscode.git 3709
2025-03-08 11:41:16.932 [warning] [Decorations] CAPPING events from decorations provider vscode.git 3713
2025-03-08 11:41:22.141 [warning] [Decorations] CAPPING events from decorations provider vscode.git 3713
2025-03-08 11:41:27.382 [warning] [Decorations] CAPPING events from decorations provider vscode.git 3713
2025-03-08 11:41:36.477 [warning] [Decorations] CAPPING events from decorations provider vscode.git 3713
2025-03-08 11:41:41.778 [warning] [Decorations] CAPPING events from decorations provider vscode.git 3713
2025-03-08 11:41:46.943 [warning] [Decorations] CAPPING events from decorations provider vscode.git 3713
2025-03-08 11:41:52.213 [warning] [Decorations] CAPPING events from decorations provider vscode.git 3713
2025-03-08 11:42:15.229 [warning] [Decorations] CAPPING events from decorations provider vscode.git 3713
2025-03-08 11:42:20.590 [warning] [Decorations] CAPPING events from decorations provider vscode.git 3713
2025-03-08 11:42:27.649 [warning] [Decorations] CAPPING events from decorations provider vscode.git 3713
2025-03-08 11:42:28.865 [warning] [Decorations] CAPPING events from decorations provider vscode.git 3713
2025-03-08 11:42:32.914 [warning] [Decorations] CAPPING events from decorations provider vscode.git 3713
2025-03-08 11:42:45.105 [warning] [Decorations] CAPPING events from decorations provider vscode.git 3713
2025-03-08 11:42:50.335 [warning] [Decorations] CAPPING events from decorations provider vscode.git 3715
2025-03-08 11:42:55.739 [warning] [Decorations] CAPPING events from decorations provider vscode.git 3714
2025-03-08 11:44:20.747 [warning] [Decorations] CAPPING events from decorations provider vscode.git 3714
2025-03-08 11:44:25.940 [warning] [Decorations] CAPPING events from decorations provider vscode.git 3714
2025-03-08 11:44:31.302 [warning] [Decorations] CAPPING events from decorations provider vscode.git 3709
2025-03-08 11:44:36.682 [warning] [Decorations] CAPPING events from decorations provider vscode.git 3709
2025-03-08 11:44:41.878 [warning] [Decorations] CAPPING events from decorations provider vscode.git 3709
2025-03-08 11:44:47.070 [warning] [Decorations] CAPPING events from decorations provider vscode.git 3709
2025-03-08 11:44:53.013 [warning] [Decorations] CAPPING events from decorations provider vscode.git 3709
2025-03-08 11:44:58.327 [warning] [Decorations] CAPPING events from decorations provider vscode.git 3709
2025-03-08 11:45:03.558 [warning] [Decorations] CAPPING events from decorations provider vscode.git 3709
2025-03-08 11:45:08.791 [warning] [Decorations] CAPPING events from decorations provider vscode.git 3709
2025-03-08 11:45:19.133 [warning] [Decorations] CAPPING events from decorations provider vscode.git 3709
2025-03-08 11:45:24.997 [warning] [Decorations] CAPPING events from decorations provider vscode.git 3709
2025-03-08 11:46:09.377 [warning] [Decorations] CAPPING events from decorations provider vscode.git 3709
2025-03-08 11:46:14.609 [warning] [Decorations] CAPPING events from decorations provider vscode.git 3709
2025-03-08 11:46:19.877 [warning] [Decorations] CAPPING events from decorations provider vscode.git 3709
2025-03-08 11:46:25.069 [warning] [Decorations] CAPPING events from decorations provider vscode.git 3709
2025-03-08 11:46:31.020 [warning] [Decorations] CAPPING events from decorations provider vscode.git 3709
2025-03-08 11:46:40.759 [warning] [Decorations] CAPPING events from decorations provider vscode.git 3709
2025-03-08 11:46:46.107 [warning] [Decorations] CAPPING events from decorations provider vscode.git 3709
2025-03-08 11:47:04.976 [warning] [Decorations] CAPPING events from decorations provider vscode.git 3709
2025-03-08 11:47:10.514 [warning] [Decorations] CAPPING events from decorations provider vscode.git 3709
2025-03-08 11:47:45.624 [warning] [Decorations] CAPPING events from decorations provider vscode.git 3755
2025-03-08 11:47:50.995 [warning] [Decorations] CAPPING events from decorations provider vscode.git 3703
2025-03-08 11:48:00.918 [warning] [Decorations] CAPPING events from decorations provider vscode.git 3703
2025-03-08 11:48:06.136 [warning] [Decorations] CAPPING events from decorations provider vscode.git 3707
2025-03-08 11:48:11.917 [warning] [Decorations] CAPPING events from decorations provider vscode.git 3700
2025-03-08 11:48:19.279 [warning] [Decorations] CAPPING events from decorations provider vscode.git 3700
2025-03-08 11:48:30.468 [warning] [Decorations] CAPPING events from decorations provider vscode.git 3703
2025-03-08 11:48:35.722 [warning] [Decorations] CAPPING events from decorations provider vscode.git 3702
2025-03-08 11:48:41.690 [warning] [Decorations] CAPPING events from decorations provider vscode.git 3702
2025-03-08 11:48:47.071 [warning] [Decorations] CAPPING events from decorations provider vscode.git 3702
2025-03-08 11:48:52.260 [warning] [Decorations] CAPPING events from decorations provider vscode.git 3702
2025-03-08 11:48:57.756 [warning] [Decorations] CAPPING events from decorations provider vscode.git 3702
2025-03-08 11:49:03.016 [warning] [Decorations] CAPPING events from decorations provider vscode.git 3702
2025-03-08 11:49:08.244 [warning] [Decorations] CAPPING events from decorations provider vscode.git 3702
2025-03-08 11:49:14.124 [warning] [Decorations] CAPPING events from decorations provider vscode.git 3702
2025-03-08 11:49:19.346 [warning] [Decorations] CAPPING events from decorations provider vscode.git 3703
2025-03-08 11:49:24.535 [warning] [Decorations] CAPPING events from decorations provider vscode.git 3702
2025-03-08 11:49:29.804 [warning] [Decorations] CAPPING events from decorations provider vscode.git 3702
2025-03-08 11:49:35.045 [warning] [Decorations] CAPPING events from decorations provider vscode.git 3702
2025-03-08 11:49:40.368 [warning] [Decorations] CAPPING events from decorations provider vscode.git 3702
2025-03-08 11:49:47.374 [warning] [Decorations] CAPPING events from decorations provider vscode.git 3702
2025-03-08 11:49:52.708 [warning] [Decorations] CAPPING events from decorations provider vscode.git 3702
2025-03-08 11:49:58.896 [warning] [Decorations] CAPPING events from decorations provider vscode.git 3703
2025-03-08 11:50:04.179 [warning] [Decorations] CAPPING events from decorations provider vscode.git 3702
2025-03-08 11:50:09.414 [warning] [Decorations] CAPPING events from decorations provider vscode.git 3702
2025-03-08 11:50:14.677 [warning] [Decorations] CAPPING events from decorations provider vscode.git 3702
2025-03-08 11:50:20.550 [warning] [Decorations] CAPPING events from decorations provider vscode.git 3702
2025-03-08 11:50:25.809 [warning] [Decorations] CAPPING events from decorations provider vscode.git 3702
2025-03-08 11:50:31.022 [warning] [Decorations] CAPPING events from decorations provider vscode.git 3702
2025-03-08 11:50:36.246 [warning] [Decorations] CAPPING events from decorations provider vscode.git 3702
2025-03-08 11:51:32.641 [warning] [Decorations] CAPPING events from decorations provider vscode.git 3703
2025-03-08 11:51:37.848 [warning] [Decorations] CAPPING events from decorations provider vscode.git 3705
2025-03-08 11:51:44.073 [warning] [Decorations] CAPPING events from decorations provider vscode.git 3705
2025-03-08 11:51:49.495 [warning] [Decorations] CAPPING events from decorations provider vscode.git 3704
2025-03-08 11:51:54.745 [warning] [Decorations] CAPPING events from decorations provider vscode.git 3704
2025-03-08 11:52:03.384 [warning] [Decorations] CAPPING events from decorations provider vscode.git 3706
2025-03-08 11:52:08.849 [warning] [Decorations] CAPPING events from decorations provider vscode.git 3705
2025-03-08 11:52:41.875 [warning] [Decorations] CAPPING events from decorations provider vscode.git 3705
2025-03-08 11:52:47.113 [warning] [Decorations] CAPPING events from decorations provider vscode.git 3707
2025-03-08 11:52:54.297 [warning] [Decorations] CAPPING events from decorations provider vscode.git 3707
2025-03-08 11:52:59.717 [warning] [Decorations] CAPPING events from decorations provider vscode.git 3706
2025-03-08 11:53:06.649 [warning] [Decorations] CAPPING events from decorations provider vscode.git 3706
2025-03-08 11:53:15.745 [warning] [Decorations] CAPPING events from decorations provider vscode.git 3708
2025-03-08 11:53:20.998 [warning] [Decorations] CAPPING events from decorations provider vscode.git 3707
2025-03-08 11:53:26.324 [warning] [Decorations] CAPPING events from decorations provider vscode.git 3707
2025-03-08 11:53:31.577 [warning] [Decorations] CAPPING events from decorations provider vscode.git 3707
2025-03-08 11:53:37.511 [warning] [Decorations] CAPPING events from decorations provider vscode.git 3707
2025-03-08 11:53:42.706 [warning] [Decorations] CAPPING events from decorations provider vscode.git 3707
2025-03-08 11:53:47.993 [warning] [Decorations] CAPPING events from decorations provider vscode.git 3707
2025-03-08 11:53:53.252 [warning] [Decorations] CAPPING events from decorations provider vscode.git 3707
2025-03-08 11:53:58.491 [warning] [Decorations] CAPPING events from decorations provider vscode.git 3707
2025-03-08 11:54:03.732 [warning] [Decorations] CAPPING events from decorations provider vscode.git 3707
2025-03-08 11:54:09.579 [warning] [Decorations] CAPPING events from decorations provider vscode.git 3707
2025-03-08 11:54:14.919 [warning] [Decorations] CAPPING events from decorations provider vscode.git 3707
2025-03-08 11:54:20.244 [warning] [Decorations] CAPPING events from decorations provider vscode.git 3708
2025-03-08 11:54:25.430 [warning] [Decorations] CAPPING events from decorations provider vscode.git 3708
2025-03-08 11:54:30.634 [warning] [Decorations] CAPPING events from decorations provider vscode.git 3709
2025-03-08 11:54:38.870 [warning] [Decorations] CAPPING events from decorations provider vscode.git 3710
2025-03-08 11:54:45.404 [warning] [Decorations] CAPPING events from decorations provider vscode.git 3709
2025-03-08 11:55:22.202 [warning] [Decorations] CAPPING events from decorations provider vscode.git 3709
2025-03-08 11:55:27.416 [warning] [Decorations] CAPPING events from decorations provider vscode.git 3709
2025-03-08 11:55:32.613 [warning] [Decorations] CAPPING events from decorations provider vscode.git 3709
2025-03-08 11:55:37.838 [warning] [Decorations] CAPPING events from decorations provider vscode.git 3709
2025-03-08 11:55:43.037 [warning] [Decorations] CAPPING events from decorations provider vscode.git 3709
2025-03-08 11:55:48.844 [warning] [Decorations] CAPPING events from decorations provider vscode.git 3709
2025-03-08 11:55:54.155 [warning] [Decorations] CAPPING events from decorations provider vscode.git 3709
2025-03-08 11:56:04.207 [warning] [Decorations] CAPPING events from decorations provider vscode.git 3709
2025-03-08 11:56:09.385 [warning] [Decorations] CAPPING events from decorations provider vscode.git 3708
2025-03-08 11:56:14.593 [warning] [Decorations] CAPPING events from decorations provider vscode.git 3708
2025-03-08 11:56:20.467 [warning] [Decorations] CAPPING events from decorations provider vscode.git 3708
2025-03-08 11:56:25.662 [warning] [Decorations] CAPPING events from decorations provider vscode.git 3708
2025-03-08 11:56:30.946 [warning] [Decorations] CAPPING events from decorations provider vscode.git 3708
2025-03-08 11:56:38.960 [warning] [Decorations] CAPPING events from decorations provider vscode.git 3708
2025-03-08 11:56:44.245 [warning] [Decorations] CAPPING events from decorations provider vscode.git 3708
2025-03-08 11:57:07.735 [warning] [Decorations] CAPPING events from decorations provider vscode.git 3708
2025-03-08 11:57:11.954 [warning] [Decorations] CAPPING events from decorations provider vscode.git 3708
2025-03-08 11:57:13.030 [warning] [Decorations] CAPPING events from decorations provider vscode.git 3708
2025-03-08 11:57:18.396 [warning] [Decorations] CAPPING events from decorations provider vscode.git 3708
2025-03-08 11:57:23.699 [warning] [Decorations] CAPPING events from decorations provider vscode.git 3708
2025-03-08 11:57:29.502 [warning] [Decorations] CAPPING events from decorations provider vscode.git 3708
2025-03-08 11:57:34.727 [warning] [Decorations] CAPPING events from decorations provider vscode.git 3708
2025-03-08 11:57:39.922 [warning] [Decorations] CAPPING events from decorations provider vscode.git 3708
2025-03-08 11:57:45.128 [warning] [Decorations] CAPPING events from decorations provider vscode.git 3708
2025-03-08 11:57:53.942 [warning] [Decorations] CAPPING events from decorations provider vscode.git 3708
2025-03-08 11:57:54.993 [warning] [Decorations] CAPPING events from decorations provider vscode.git 3708
2025-03-08 11:57:59.810 [warning] [Decorations] CAPPING events from decorations provider vscode.git 3708
2025-03-08 11:58:39.732 [warning] [Decorations] CAPPING events from decorations provider vscode.git 3708
2025-03-08 11:58:43.700 [warning] [Decorations] CAPPING events from decorations provider vscode.git 3707
2025-03-08 11:58:49.020 [warning] [Decorations] CAPPING events from decorations provider vscode.git 3707
2025-03-08 11:58:56.221 [warning] [Decorations] CAPPING events from decorations provider vscode.git 3707
2025-03-08 11:59:01.491 [warning] [Decorations] CAPPING events from decorations provider vscode.git 3707
2025-03-08 11:59:07.293 [warning] [Decorations] CAPPING events from decorations provider vscode.git 3707
2025-03-08 11:59:52.386 [warning] [Decorations] CAPPING events from decorations provider vscode.git 3707
2025-03-08 11:59:54.766 [warning] [Decorations] CAPPING events from decorations provider vscode.git 3707
2025-03-08 12:00:24.269 [warning] [Decorations] CAPPING events from decorations provider vscode.git 3707
2025-03-08 12:00:29.572 [warning] [Decorations] CAPPING events from decorations provider vscode.git 3707
2025-03-08 12:00:42.876 [warning] [Decorations] CAPPING events from decorations provider vscode.git 3707
2025-03-08 12:00:45.425 [warning] [Decorations] CAPPING events from decorations provider vscode.git 3707
2025-03-08 12:04:13.503 [warning] [Decorations] CAPPING events from decorations provider vscode.git 3707
2025-03-08 12:04:18.702 [warning] [Decorations] CAPPING events from decorations provider vscode.git 3707
2025-03-08 12:04:23.944 [warning] [Decorations] CAPPING events from decorations provider vscode.git 3707
2025-03-08 12:04:35.923 [warning] [Decorations] CAPPING events from decorations provider vscode.git 3707
2025-03-08 12:04:41.237 [warning] [Decorations] CAPPING events from decorations provider vscode.git 3707
2025-03-08 12:04:46.488 [warning] [Decorations] CAPPING events from decorations provider vscode.git 3707
2025-03-08 12:04:51.723 [warning] [Decorations] CAPPING events from decorations provider vscode.git 3707
2025-03-08 12:04:57.026 [warning] [Decorations] CAPPING events from decorations provider vscode.git 3707
2025-03-08 12:05:02.347 [warning] [Decorations] CAPPING events from decorations provider vscode.git 3707
2025-03-08 12:05:08.171 [warning] [Decorations] CAPPING events from decorations provider vscode.git 3707
2025-03-08 12:05:13.401 [warning] [Decorations] CAPPING events from decorations provider vscode.git 3707
2025-03-08 12:05:18.618 [warning] [Decorations] CAPPING events from decorations provider vscode.git 3707
2025-03-08 12:05:23.880 [warning] [Decorations] CAPPING events from decorations provider vscode.git 3707
2025-03-08 12:09:15.735 [warning] [Decorations] CAPPING events from decorations provider vscode.git 3707
2025-03-08 12:09:21.007 [warning] [Decorations] CAPPING events from decorations provider vscode.git 3707
2025-03-08 12:09:26.366 [warning] [Decorations] CAPPING events from decorations provider vscode.git 3756
2025-03-08 12:09:33.923 [warning] [Decorations] CAPPING events from decorations provider vscode.git 3713
2025-03-08 12:09:43.192 [warning] [Decorations] CAPPING events from decorations provider vscode.git 3713
2025-03-08 12:09:48.393 [warning] [Decorations] CAPPING events from decorations provider vscode.git 3713
2025-03-08 12:09:53.600 [warning] [Decorations] CAPPING events from decorations provider vscode.git 3713
2025-03-08 12:09:58.806 [warning] [Decorations] CAPPING events from decorations provider vscode.git 3713
2025-03-08 12:10:05.747 [warning] [Decorations] CAPPING events from decorations provider vscode.git 3713
