2025-03-07 13:44:42.460 [info] Extension host with pid 903 started
2025-03-07 13:44:42.548 [info] Lock '/home/achraf/.vscode-server/data/User/workspaceStorage/86d45550490db6ed81f978ae1aa2a9e1/vscode.lock': Lock acquired.
2025-03-07 13:44:43.205 [info] ExtensionService#_doActivateExtension vscode.emmet, startup: false, activationEvent: 'onLanguage'
2025-03-07 13:44:43.207 [info] ExtensionService#_doActivateExtension JuanBlanco.solidity, startup: false, activationEvent: 'onLanguage:solidity'
2025-03-07 13:44:43.208 [info] ExtensionService#_doActivateExtension NomicFoundation.hardhat-solidity, startup: false, activationEvent: 'onLanguage:solidity'
2025-03-07 13:44:46.441 [info] ExtensionService#_doActivateExtension vscode.git-base, startup: true, activationEvent: '*', root cause: vscode.git
2025-03-07 13:44:46.457 [info] ExtensionService#_doActivateExtension vscode.npm, startup: true, activationEvent: 'workspaceContains:package.json'
2025-03-07 13:44:46.673 [info] ExtensionService#_doActivateExtension vscode.git, startup: true, activationEvent: '*'
2025-03-07 13:44:46.673 [info] ExtensionService#_doActivateExtension vscode.github, startup: true, activationEvent: '*'
2025-03-07 13:44:47.748 [info] Eager extensions activated
2025-03-07 13:44:47.761 [info] ExtensionService#_doActivateExtension vscode.debug-auto-launch, startup: false, activationEvent: 'onStartupFinished'
2025-03-07 13:44:47.763 [info] ExtensionService#_doActivateExtension vscode.merge-conflict, startup: false, activationEvent: 'onStartupFinished'
2025-03-07 13:44:51.185 [error] ExtensionError: Error in extension nomicfoundation.hardhat-solidity: FAILED to handle event
	at Th.value (file:///home/achraf/.vscode-server/bin/6609ac3d66f4eade5cf376d1cb76f13985724bcb/out/vs/workbench/api/node/extensionHostProcess.js:172:35559)
	at D.B (file:///home/achraf/.vscode-server/bin/6609ac3d66f4eade5cf376d1cb76f13985724bcb/out/vs/workbench/api/node/extensionHostProcess.js:27:2375)
	at D.C (file:///home/achraf/.vscode-server/bin/6609ac3d66f4eade5cf376d1cb76f13985724bcb/out/vs/workbench/api/node/extensionHostProcess.js:27:2445)
	at D.fire (file:///home/achraf/.vscode-server/bin/6609ac3d66f4eade5cf376d1cb76f13985724bcb/out/vs/workbench/api/node/extensionHostProcess.js:27:2662)
	at wM.$acceptConfigurationChanged (file:///home/achraf/.vscode-server/bin/6609ac3d66f4eade5cf376d1cb76f13985724bcb/out/vs/workbench/api/node/extensionHostProcess.js:112:3150)
	at file:///home/achraf/.vscode-server/bin/6609ac3d66f4eade5cf376d1cb76f13985724bcb/out/vs/workbench/api/node/extensionHostProcess.js:112:2700
	at process.processTicksAndRejections (node:internal/process/task_queues:95:5)
2025-03-07 13:44:53.154 [info] ExtensionService#_doActivateExtension vscode.configuration-editing, startup: false, activationEvent: 'onLanguage:json'
2025-03-07 13:44:53.156 [info] ExtensionService#_doActivateExtension vscode.extension-editing, startup: false, activationEvent: 'onLanguage:json'
2025-03-07 13:44:53.156 [info] ExtensionService#_doActivateExtension vscode.json-language-features, startup: false, activationEvent: 'onLanguage:json'
2025-03-07 13:45:00.892 [warning] [Decorations] CAPPING events from decorations provider vscode.git 3614
2025-03-07 13:45:03.300 [warning] [Decorations] CAPPING events from decorations provider vscode.git 3616
2025-03-07 13:45:41.893 [warning] [Decorations] CAPPING events from decorations provider vscode.git 3616
2025-03-07 13:46:14.770 [warning] [Decorations] CAPPING events from decorations provider vscode.git 3616
2025-03-07 13:46:20.152 [warning] [Decorations] CAPPING events from decorations provider vscode.git 3616
2025-03-07 13:46:22.091 [info] ExtensionService#_doActivateExtension vscode.typescript-language-features, startup: false, activationEvent: 'onLanguage:javascript'
2025-03-07 13:46:25.718 [warning] [Decorations] CAPPING events from decorations provider vscode.git 3617
2025-03-07 13:46:30.992 [warning] [Decorations] CAPPING events from decorations provider vscode.git 3619
2025-03-07 13:46:43.479 [warning] [Decorations] CAPPING events from decorations provider vscode.git 3619
2025-03-07 13:46:48.911 [warning] [Decorations] CAPPING events from decorations provider vscode.git 3619
2025-03-07 13:46:55.049 [warning] [Decorations] CAPPING events from decorations provider vscode.git 3619
2025-03-07 13:47:13.186 [warning] [Decorations] CAPPING events from decorations provider vscode.git 3621
2025-03-07 13:47:19.292 [warning] [Decorations] CAPPING events from decorations provider vscode.git 3620
2025-03-07 13:47:30.696 [warning] [Decorations] CAPPING events from decorations provider vscode.git 3619
2025-03-07 13:47:36.902 [warning] [Decorations] CAPPING events from decorations provider vscode.git 3619
2025-03-07 13:47:43.116 [warning] [Decorations] CAPPING events from decorations provider vscode.git 3621
2025-03-07 13:47:49.165 [warning] [Decorations] CAPPING events from decorations provider vscode.git 3619
2025-03-07 13:47:54.382 [warning] [Decorations] CAPPING events from decorations provider vscode.git 3619
2025-03-07 13:47:59.708 [warning] [Decorations] CAPPING events from decorations provider vscode.git 3619
2025-03-07 13:48:13.859 [warning] [Decorations] CAPPING events from decorations provider vscode.git 3619
2025-03-07 13:48:19.109 [warning] [Decorations] CAPPING events from decorations provider vscode.git 3619
2025-03-07 13:48:49.265 [warning] [Decorations] CAPPING events from decorations provider vscode.git 3621
2025-03-07 13:49:48.701 [warning] [Decorations] CAPPING events from decorations provider vscode.git 3620
2025-03-07 13:52:45.654 [warning] [Decorations] CAPPING events from decorations provider vscode.git 3619
2025-03-07 13:52:51.355 [warning] [Decorations] CAPPING events from decorations provider vscode.git 3619
2025-03-07 13:52:56.742 [warning] [Decorations] CAPPING events from decorations provider vscode.git 3619
2025-03-07 13:53:02.032 [warning] [Decorations] CAPPING events from decorations provider vscode.git 3621
2025-03-07 13:53:09.299 [warning] [Decorations] CAPPING events from decorations provider vscode.git 3620
2025-03-07 13:53:14.624 [warning] [Decorations] CAPPING events from decorations provider vscode.git 3619
2025-03-07 13:55:50.505 [warning] [Decorations] CAPPING events from decorations provider vscode.git 3620
2025-03-07 13:56:07.402 [warning] [Decorations] CAPPING events from decorations provider vscode.git 3619
2025-03-07 13:56:12.582 [warning] [Decorations] CAPPING events from decorations provider vscode.git 3619
2025-03-07 13:56:17.900 [warning] [Decorations] CAPPING events from decorations provider vscode.git 3619
2025-03-07 13:56:23.108 [warning] [Decorations] CAPPING events from decorations provider vscode.git 3619
2025-03-07 13:56:28.359 [warning] [Decorations] CAPPING events from decorations provider vscode.git 3619
2025-03-07 13:56:40.774 [warning] [Decorations] CAPPING events from decorations provider vscode.git 3620
2025-03-07 13:56:46.025 [warning] [Decorations] CAPPING events from decorations provider vscode.git 3619
2025-03-07 13:56:51.525 [warning] [Decorations] CAPPING events from decorations provider vscode.git 3619
2025-03-07 13:56:56.794 [warning] [Decorations] CAPPING events from decorations provider vscode.git 3619
2025-03-07 13:57:02.047 [warning] [Decorations] CAPPING events from decorations provider vscode.git 3619
2025-03-07 13:57:07.357 [warning] [Decorations] CAPPING events from decorations provider vscode.git 3620
2025-03-07 13:57:12.940 [warning] [Decorations] CAPPING events from decorations provider vscode.git 3619
2025-03-07 13:57:18.454 [warning] [Decorations] CAPPING events from decorations provider vscode.git 3619
2025-03-07 13:57:24.072 [warning] [Decorations] CAPPING events from decorations provider vscode.git 3619
2025-03-07 13:57:30.921 [warning] [Decorations] CAPPING events from decorations provider vscode.git 3619
2025-03-07 13:57:36.337 [warning] [Decorations] CAPPING events from decorations provider vscode.git 3619
2025-03-07 13:57:41.742 [warning] [Decorations] CAPPING events from decorations provider vscode.git 3619
2025-03-07 13:57:47.117 [warning] [Decorations] CAPPING events from decorations provider vscode.git 3619
2025-03-07 13:57:52.476 [warning] [Decorations] CAPPING events from decorations provider vscode.git 3619
2025-03-07 13:57:57.982 [warning] [Decorations] CAPPING events from decorations provider vscode.git 3619
2025-03-07 13:58:03.216 [warning] [Decorations] CAPPING events from decorations provider vscode.git 3619
2025-03-07 13:58:08.453 [warning] [Decorations] CAPPING events from decorations provider vscode.git 3619
2025-03-07 13:58:14.554 [warning] [Decorations] CAPPING events from decorations provider vscode.git 3619
2025-03-07 13:58:20.104 [warning] [Decorations] CAPPING events from decorations provider vscode.git 3620
2025-03-07 13:58:25.337 [warning] [Decorations] CAPPING events from decorations provider vscode.git 3619
2025-03-07 13:58:30.637 [warning] [Decorations] CAPPING events from decorations provider vscode.git 3620
2025-03-07 13:58:35.857 [warning] [Decorations] CAPPING events from decorations provider vscode.git 3619
2025-03-07 13:58:41.046 [warning] [Decorations] CAPPING events from decorations provider vscode.git 3619
2025-03-07 13:58:46.265 [warning] [Decorations] CAPPING events from decorations provider vscode.git 3619
2025-03-07 13:58:51.758 [warning] [Decorations] CAPPING events from decorations provider vscode.git 3619
2025-03-07 13:58:57.754 [warning] [Decorations] CAPPING events from decorations provider vscode.git 3620
2025-03-07 13:59:02.962 [warning] [Decorations] CAPPING events from decorations provider vscode.git 3619
2025-03-07 13:59:15.153 [warning] [Decorations] CAPPING events from decorations provider vscode.git 3621
2025-03-07 13:59:20.446 [warning] [Decorations] CAPPING events from decorations provider vscode.git 3619
2025-03-07 13:59:25.802 [warning] [Decorations] CAPPING events from decorations provider vscode.git 3619
2025-03-07 13:59:30.999 [warning] [Decorations] CAPPING events from decorations provider vscode.git 3619
2025-03-07 13:59:36.206 [warning] [Decorations] CAPPING events from decorations provider vscode.git 3619
2025-03-07 13:59:41.409 [warning] [Decorations] CAPPING events from decorations provider vscode.git 3619
2025-03-07 13:59:46.602 [warning] [Decorations] CAPPING events from decorations provider vscode.git 3619
2025-03-07 13:59:51.991 [warning] [Decorations] CAPPING events from decorations provider vscode.git 3619
2025-03-07 13:59:57.213 [warning] [Decorations] CAPPING events from decorations provider vscode.git 3619
2025-03-07 14:00:02.524 [warning] [Decorations] CAPPING events from decorations provider vscode.git 3619
2025-03-07 14:00:07.755 [warning] [Decorations] CAPPING events from decorations provider vscode.git 3619
2025-03-07 14:00:15.897 [warning] [Decorations] CAPPING events from decorations provider vscode.git 3620
2025-03-07 14:00:21.118 [warning] [Decorations] CAPPING events from decorations provider vscode.git 3619
2025-03-07 14:00:26.346 [warning] [Decorations] CAPPING events from decorations provider vscode.git 3619
2025-03-07 14:00:31.542 [warning] [Decorations] CAPPING events from decorations provider vscode.git 3619
2025-03-07 14:00:36.894 [warning] [Decorations] CAPPING events from decorations provider vscode.git 3619
2025-03-07 14:00:42.123 [warning] [Decorations] CAPPING events from decorations provider vscode.git 3619
2025-03-07 14:00:47.321 [warning] [Decorations] CAPPING events from decorations provider vscode.git 3619
2025-03-07 14:00:52.806 [warning] [Decorations] CAPPING events from decorations provider vscode.git 3619
2025-03-07 14:00:58.073 [warning] [Decorations] CAPPING events from decorations provider vscode.git 3619
2025-03-07 14:01:03.297 [warning] [Decorations] CAPPING events from decorations provider vscode.git 3620
2025-03-07 14:01:14.506 [warning] [Decorations] CAPPING events from decorations provider vscode.git 3620
2025-03-07 14:01:19.780 [warning] [Decorations] CAPPING events from decorations provider vscode.git 3619
2025-03-07 14:01:24.992 [warning] [Decorations] CAPPING events from decorations provider vscode.git 3619
2025-03-07 14:01:31.093 [warning] [Decorations] CAPPING events from decorations provider vscode.git 3619
2025-03-07 14:01:36.276 [warning] [Decorations] CAPPING events from decorations provider vscode.git 3619
2025-03-07 14:02:57.654 [warning] [Decorations] CAPPING events from decorations provider vscode.git 3620
2025-03-07 14:03:02.898 [warning] [Decorations] CAPPING events from decorations provider vscode.git 3619
2025-03-07 14:03:08.183 [warning] [Decorations] CAPPING events from decorations provider vscode.git 3619
2025-03-07 14:03:16.446 [warning] [Decorations] CAPPING events from decorations provider vscode.git 3619
2025-03-07 14:03:21.705 [warning] [Decorations] CAPPING events from decorations provider vscode.git 3619
2025-03-07 14:03:26.948 [warning] [Decorations] CAPPING events from decorations provider vscode.git 3619
2025-03-07 14:03:32.208 [warning] [Decorations] CAPPING events from decorations provider vscode.git 3619
2025-03-07 14:03:37.416 [warning] [Decorations] CAPPING events from decorations provider vscode.git 3619
2025-03-07 14:03:42.705 [warning] [Decorations] CAPPING events from decorations provider vscode.git 3619
2025-03-07 14:03:47.901 [warning] [Decorations] CAPPING events from decorations provider vscode.git 3619
2025-03-07 14:03:53.081 [warning] [Decorations] CAPPING events from decorations provider vscode.git 3619
2025-03-07 14:03:58.279 [warning] [Decorations] CAPPING events from decorations provider vscode.git 3619
2025-03-07 14:04:03.532 [warning] [Decorations] CAPPING events from decorations provider vscode.git 3619
2025-03-07 14:04:08.793 [warning] [Decorations] CAPPING events from decorations provider vscode.git 3619
2025-03-07 14:04:14.138 [warning] [Decorations] CAPPING events from decorations provider vscode.git 3619
2025-03-07 14:04:19.468 [warning] [Decorations] CAPPING events from decorations provider vscode.git 3619
2025-03-07 14:04:24.999 [warning] [Decorations] CAPPING events from decorations provider vscode.git 3620
2025-03-07 14:04:30.283 [warning] [Decorations] CAPPING events from decorations provider vscode.git 3619
2025-03-07 14:04:35.552 [warning] [Decorations] CAPPING events from decorations provider vscode.git 3619
2025-03-07 14:04:40.765 [warning] [Decorations] CAPPING events from decorations provider vscode.git 3619
2025-03-07 14:06:04.236 [warning] [Decorations] CAPPING events from decorations provider vscode.git 3619
2025-03-07 14:06:09.489 [warning] [Decorations] CAPPING events from decorations provider vscode.git 3619
2025-03-07 14:06:14.676 [warning] [Decorations] CAPPING events from decorations provider vscode.git 3619
2025-03-07 14:06:19.874 [warning] [Decorations] CAPPING events from decorations provider vscode.git 3619
2025-03-07 14:06:25.082 [warning] [Decorations] CAPPING events from decorations provider vscode.git 3619
2025-03-07 14:06:30.334 [warning] [Decorations] CAPPING events from decorations provider vscode.git 3619
2025-03-07 14:06:35.588 [warning] [Decorations] CAPPING events from decorations provider vscode.git 3619
2025-03-07 14:06:40.929 [warning] [Decorations] CAPPING events from decorations provider vscode.git 3619
2025-03-07 14:06:46.145 [warning] [Decorations] CAPPING events from decorations provider vscode.git 3619
2025-03-07 14:06:51.723 [warning] [Decorations] CAPPING events from decorations provider vscode.git 3619
2025-03-07 14:06:57.021 [warning] [Decorations] CAPPING events from decorations provider vscode.git 3619
2025-03-07 14:07:02.274 [warning] [Decorations] CAPPING events from decorations provider vscode.git 3619
2025-03-07 14:07:07.480 [warning] [Decorations] CAPPING events from decorations provider vscode.git 3619
2025-03-07 14:07:12.697 [warning] [Decorations] CAPPING events from decorations provider vscode.git 3619
2025-03-07 14:07:17.914 [warning] [Decorations] CAPPING events from decorations provider vscode.git 3619
2025-03-07 14:07:23.115 [warning] [Decorations] CAPPING events from decorations provider vscode.git 3619
2025-03-07 14:07:29.220 [warning] [Decorations] CAPPING events from decorations provider vscode.git 3619
2025-03-07 14:07:34.591 [warning] [Decorations] CAPPING events from decorations provider vscode.git 3619
2025-03-07 14:07:39.788 [warning] [Decorations] CAPPING events from decorations provider vscode.git 3619
2025-03-07 14:07:44.995 [warning] [Decorations] CAPPING events from decorations provider vscode.git 3619
2025-03-07 14:07:50.207 [warning] [Decorations] CAPPING events from decorations provider vscode.git 3619
2025-03-07 14:07:55.413 [warning] [Decorations] CAPPING events from decorations provider vscode.git 3619
2025-03-07 14:08:00.604 [warning] [Decorations] CAPPING events from decorations provider vscode.git 3619
2025-03-07 14:08:05.803 [warning] [Decorations] CAPPING events from decorations provider vscode.git 3619
2025-03-07 14:08:11.005 [warning] [Decorations] CAPPING events from decorations provider vscode.git 3619
2025-03-07 14:08:17.194 [warning] [Decorations] CAPPING events from decorations provider vscode.git 3619
2025-03-07 14:08:22.405 [warning] [Decorations] CAPPING events from decorations provider vscode.git 3619
2025-03-07 14:08:27.721 [warning] [Decorations] CAPPING events from decorations provider vscode.git 3619
2025-03-07 14:08:32.945 [warning] [Decorations] CAPPING events from decorations provider vscode.git 3619
2025-03-07 14:08:38.127 [warning] [Decorations] CAPPING events from decorations provider vscode.git 3619
2025-03-07 14:08:43.327 [warning] [Decorations] CAPPING events from decorations provider vscode.git 3619
2025-03-07 14:08:48.553 [warning] [Decorations] CAPPING events from decorations provider vscode.git 3619
2025-03-07 14:08:53.761 [warning] [Decorations] CAPPING events from decorations provider vscode.git 3619
2025-03-07 14:08:58.961 [warning] [Decorations] CAPPING events from decorations provider vscode.git 3619
2025-03-07 14:09:04.167 [warning] [Decorations] CAPPING events from decorations provider vscode.git 3619
2025-03-07 14:09:09.364 [warning] [Decorations] CAPPING events from decorations provider vscode.git 3619
2025-03-07 14:09:14.552 [warning] [Decorations] CAPPING events from decorations provider vscode.git 3620
2025-03-07 14:09:19.743 [warning] [Decorations] CAPPING events from decorations provider vscode.git 3619
2025-03-07 14:09:24.959 [warning] [Decorations] CAPPING events from decorations provider vscode.git 3619
2025-03-07 14:09:30.216 [warning] [Decorations] CAPPING events from decorations provider vscode.git 3619
2025-03-07 14:09:35.402 [warning] [Decorations] CAPPING events from decorations provider vscode.git 3619
2025-03-07 14:09:40.586 [warning] [Decorations] CAPPING events from decorations provider vscode.git 3619
2025-03-07 14:09:45.962 [warning] [Decorations] CAPPING events from decorations provider vscode.git 3619
2025-03-07 14:09:51.190 [warning] [Decorations] CAPPING events from decorations provider vscode.git 3619
2025-03-07 14:09:59.012 [warning] [Decorations] CAPPING events from decorations provider vscode.git 3619
2025-03-07 14:10:09.213 [warning] [Decorations] CAPPING events from decorations provider vscode.git 3620
2025-03-07 14:10:14.480 [warning] [Decorations] CAPPING events from decorations provider vscode.git 3619
2025-03-07 14:10:20.623 [warning] [Decorations] CAPPING events from decorations provider vscode.git 3619
2025-03-07 14:10:25.841 [warning] [Decorations] CAPPING events from decorations provider vscode.git 3619
2025-03-07 14:10:35.559 [warning] [Decorations] CAPPING events from decorations provider vscode.git 3619
2025-03-07 14:10:40.885 [warning] [Decorations] CAPPING events from decorations provider vscode.git 3619
2025-03-07 14:10:46.158 [warning] [Decorations] CAPPING events from decorations provider vscode.git 3619
2025-03-07 14:10:51.818 [warning] [Decorations] CAPPING events from decorations provider vscode.git 3619
2025-03-07 14:10:59.510 [warning] [Decorations] CAPPING events from decorations provider vscode.git 3620
2025-03-07 14:11:04.790 [warning] [Decorations] CAPPING events from decorations provider vscode.git 3619
2025-03-07 14:11:10.034 [warning] [Decorations] CAPPING events from decorations provider vscode.git 3619
2025-03-07 14:11:18.223 [warning] [Decorations] CAPPING events from decorations provider vscode.git 3620
2025-03-07 14:11:23.421 [warning] [Decorations] CAPPING events from decorations provider vscode.git 3619
2025-03-07 14:11:28.604 [warning] [Decorations] CAPPING events from decorations provider vscode.git 3619
2025-03-07 14:11:34.016 [warning] [Decorations] CAPPING events from decorations provider vscode.git 3620
2025-03-07 14:11:39.198 [warning] [Decorations] CAPPING events from decorations provider vscode.git 3619
2025-03-07 14:11:44.417 [warning] [Decorations] CAPPING events from decorations provider vscode.git 3619
2025-03-07 14:11:56.314 [warning] [Decorations] CAPPING events from decorations provider vscode.git 3620
2025-03-07 14:12:01.513 [warning] [Decorations] CAPPING events from decorations provider vscode.git 3620
2025-03-07 14:12:06.738 [warning] [Decorations] CAPPING events from decorations provider vscode.git 3619
2025-03-07 14:12:11.933 [warning] [Decorations] CAPPING events from decorations provider vscode.git 3619
2025-03-07 14:12:17.122 [warning] [Decorations] CAPPING events from decorations provider vscode.git 3619
2025-03-07 14:12:22.342 [warning] [Decorations] CAPPING events from decorations provider vscode.git 3620
2025-03-07 14:12:27.549 [warning] [Decorations] CAPPING events from decorations provider vscode.git 3619
2025-03-07 14:12:32.732 [warning] [Decorations] CAPPING events from decorations provider vscode.git 3619
2025-03-07 14:12:37.955 [warning] [Decorations] CAPPING events from decorations provider vscode.git 3620
2025-03-07 14:12:43.176 [warning] [Decorations] CAPPING events from decorations provider vscode.git 3619
2025-03-07 14:12:48.367 [warning] [Decorations] CAPPING events from decorations provider vscode.git 3619
2025-03-07 14:12:53.930 [warning] [Decorations] CAPPING events from decorations provider vscode.git 3619
2025-03-07 14:12:59.197 [warning] [Decorations] CAPPING events from decorations provider vscode.git 3620
2025-03-07 14:13:04.386 [warning] [Decorations] CAPPING events from decorations provider vscode.git 3619
2025-03-07 14:13:09.646 [warning] [Decorations] CAPPING events from decorations provider vscode.git 3619
2025-03-07 14:13:15.139 [warning] [Decorations] CAPPING events from decorations provider vscode.git 3619
2025-03-07 14:13:20.372 [warning] [Decorations] CAPPING events from decorations provider vscode.git 3620
2025-03-07 14:13:25.575 [warning] [Decorations] CAPPING events from decorations provider vscode.git 3620
2025-03-07 14:13:30.769 [warning] [Decorations] CAPPING events from decorations provider vscode.git 3619
2025-03-07 14:13:35.970 [warning] [Decorations] CAPPING events from decorations provider vscode.git 3619
2025-03-07 14:13:41.200 [warning] [Decorations] CAPPING events from decorations provider vscode.git 3620
2025-03-07 14:13:46.450 [warning] [Decorations] CAPPING events from decorations provider vscode.git 3619
2025-03-07 14:13:51.687 [warning] [Decorations] CAPPING events from decorations provider vscode.git 3619
2025-03-07 14:13:56.959 [warning] [Decorations] CAPPING events from decorations provider vscode.git 3619
2025-03-07 14:14:03.489 [warning] [Decorations] CAPPING events from decorations provider vscode.git 3620
2025-03-07 14:14:08.745 [warning] [Decorations] CAPPING events from decorations provider vscode.git 3619
2025-03-07 14:14:13.937 [warning] [Decorations] CAPPING events from decorations provider vscode.git 3619
2025-03-07 14:14:19.213 [warning] [Decorations] CAPPING events from decorations provider vscode.git 3619
2025-03-07 14:14:24.427 [warning] [Decorations] CAPPING events from decorations provider vscode.git 3619
2025-03-07 14:14:29.627 [warning] [Decorations] CAPPING events from decorations provider vscode.git 3619
2025-03-07 14:14:34.885 [warning] [Decorations] CAPPING events from decorations provider vscode.git 3619
2025-03-07 14:14:40.110 [warning] [Decorations] CAPPING events from decorations provider vscode.git 3619
2025-03-07 14:14:45.468 [warning] [Decorations] CAPPING events from decorations provider vscode.git 3619
2025-03-07 14:14:50.719 [warning] [Decorations] CAPPING events from decorations provider vscode.git 3619
2025-03-07 14:14:56.218 [warning] [Decorations] CAPPING events from decorations provider vscode.git 3620
2025-03-07 14:15:01.587 [warning] [Decorations] CAPPING events from decorations provider vscode.git 3619
2025-03-07 14:15:06.919 [warning] [Decorations] CAPPING events from decorations provider vscode.git 3619
2025-03-07 14:15:12.076 [warning] [Decorations] CAPPING events from decorations provider vscode.git 3619
2025-03-07 14:15:17.292 [warning] [Decorations] CAPPING events from decorations provider vscode.git 3619
2025-03-07 14:15:22.537 [warning] [Decorations] CAPPING events from decorations provider vscode.git 3619
2025-03-07 14:15:27.797 [warning] [Decorations] CAPPING events from decorations provider vscode.git 3619
2025-03-07 14:15:33.182 [warning] [Decorations] CAPPING events from decorations provider vscode.git 3619
2025-03-07 14:15:38.441 [warning] [Decorations] CAPPING events from decorations provider vscode.git 3620
2025-03-07 14:15:43.666 [warning] [Decorations] CAPPING events from decorations provider vscode.git 3619
2025-03-07 14:15:48.896 [warning] [Decorations] CAPPING events from decorations provider vscode.git 3619
2025-03-07 14:15:54.123 [warning] [Decorations] CAPPING events from decorations provider vscode.git 3619
2025-03-07 14:15:59.326 [warning] [Decorations] CAPPING events from decorations provider vscode.git 3620
2025-03-07 14:16:04.579 [warning] [Decorations] CAPPING events from decorations provider vscode.git 3619
2025-03-07 14:16:09.918 [warning] [Decorations] CAPPING events from decorations provider vscode.git 3619
2025-03-07 14:16:15.270 [warning] [Decorations] CAPPING events from decorations provider vscode.git 3619
2025-03-07 14:16:20.562 [warning] [Decorations] CAPPING events from decorations provider vscode.git 3619
2025-03-07 14:16:25.857 [warning] [Decorations] CAPPING events from decorations provider vscode.git 3619
2025-03-07 14:16:31.253 [warning] [Decorations] CAPPING events from decorations provider vscode.git 3619
2025-03-07 14:16:36.559 [warning] [Decorations] CAPPING events from decorations provider vscode.git 3620
2025-03-07 14:16:41.825 [warning] [Decorations] CAPPING events from decorations provider vscode.git 3619
2025-03-07 14:16:47.098 [warning] [Decorations] CAPPING events from decorations provider vscode.git 3619
2025-03-07 14:16:52.398 [warning] [Decorations] CAPPING events from decorations provider vscode.git 3619
2025-03-07 14:16:57.698 [warning] [Decorations] CAPPING events from decorations provider vscode.git 3621
2025-03-07 14:17:23.806 [warning] [Decorations] CAPPING events from decorations provider vscode.git 3619
2025-03-07 14:17:29.052 [warning] [Decorations] CAPPING events from decorations provider vscode.git 3619
2025-03-07 14:17:34.631 [warning] [Decorations] CAPPING events from decorations provider vscode.git 3619
2025-03-07 14:17:39.921 [warning] [Decorations] CAPPING events from decorations provider vscode.git 3619
2025-03-07 14:17:45.194 [warning] [Decorations] CAPPING events from decorations provider vscode.git 3619
2025-03-07 14:17:50.454 [warning] [Decorations] CAPPING events from decorations provider vscode.git 3619
2025-03-07 14:18:00.503 [warning] [Decorations] CAPPING events from decorations provider vscode.git 3620
2025-03-07 14:18:05.773 [warning] [Decorations] CAPPING events from decorations provider vscode.git 3619
2025-03-07 14:18:10.987 [warning] [Decorations] CAPPING events from decorations provider vscode.git 3619
2025-03-07 14:18:16.206 [warning] [Decorations] CAPPING events from decorations provider vscode.git 3619
2025-03-07 14:18:23.324 [warning] [Decorations] CAPPING events from decorations provider vscode.git 3619
2025-03-07 14:18:28.656 [warning] [Decorations] CAPPING events from decorations provider vscode.git 3619
2025-03-07 14:18:33.976 [warning] [Decorations] CAPPING events from decorations provider vscode.git 3619
2025-03-07 14:18:39.237 [warning] [Decorations] CAPPING events from decorations provider vscode.git 3619
2025-03-07 14:18:44.497 [warning] [Decorations] CAPPING events from decorations provider vscode.git 3619
2025-03-07 14:18:49.682 [warning] [Decorations] CAPPING events from decorations provider vscode.git 3619
2025-03-07 14:18:55.069 [warning] [Decorations] CAPPING events from decorations provider vscode.git 3619
2025-03-07 14:19:00.289 [warning] [Decorations] CAPPING events from decorations provider vscode.git 3619
2025-03-07 14:19:05.538 [warning] [Decorations] CAPPING events from decorations provider vscode.git 3619
2025-03-07 14:19:10.834 [warning] [Decorations] CAPPING events from decorations provider vscode.git 3619
2025-03-07 14:19:16.044 [warning] [Decorations] CAPPING events from decorations provider vscode.git 3619
2025-03-07 14:19:21.288 [warning] [Decorations] CAPPING events from decorations provider vscode.git 3620
2025-03-07 14:19:26.498 [warning] [Decorations] CAPPING events from decorations provider vscode.git 3619
2025-03-07 14:19:49.344 [warning] [Decorations] CAPPING events from decorations provider vscode.git 3621
2025-03-07 14:19:54.557 [warning] [Decorations] CAPPING events from decorations provider vscode.git 3619
2025-03-07 14:19:59.874 [warning] [Decorations] CAPPING events from decorations provider vscode.git 3619
2025-03-07 14:20:05.110 [warning] [Decorations] CAPPING events from decorations provider vscode.git 3620
2025-03-07 14:20:10.403 [warning] [Decorations] CAPPING events from decorations provider vscode.git 3619
2025-03-07 14:20:15.710 [warning] [Decorations] CAPPING events from decorations provider vscode.git 3619
2025-03-07 14:20:21.074 [warning] [Decorations] CAPPING events from decorations provider vscode.git 3619
2025-03-07 14:20:39.966 [warning] [Decorations] CAPPING events from decorations provider vscode.git 3620
2025-03-07 14:20:45.207 [warning] [Decorations] CAPPING events from decorations provider vscode.git 3619
2025-03-07 14:20:50.419 [warning] [Decorations] CAPPING events from decorations provider vscode.git 3621
2025-03-07 14:20:55.654 [warning] [Decorations] CAPPING events from decorations provider vscode.git 3619
2025-03-07 14:22:17.960 [warning] [Decorations] CAPPING events from decorations provider vscode.git 3619
2025-03-07 14:22:23.171 [warning] [Decorations] CAPPING events from decorations provider vscode.git 3619
2025-03-07 14:22:28.482 [warning] [Decorations] CAPPING events from decorations provider vscode.git 3619
2025-03-07 14:22:33.712 [warning] [Decorations] CAPPING events from decorations provider vscode.git 3619
2025-03-07 14:22:39.016 [warning] [Decorations] CAPPING events from decorations provider vscode.git 3620
2025-03-07 14:22:44.227 [warning] [Decorations] CAPPING events from decorations provider vscode.git 3619
2025-03-07 14:22:49.585 [warning] [Decorations] CAPPING events from decorations provider vscode.git 3620
2025-03-07 14:22:55.550 [warning] [Decorations] CAPPING events from decorations provider vscode.git 3620
2025-03-07 14:23:00.831 [warning] [Decorations] CAPPING events from decorations provider vscode.git 3619
2025-03-07 14:23:06.064 [warning] [Decorations] CAPPING events from decorations provider vscode.git 3619
2025-03-07 14:23:14.362 [warning] [Decorations] CAPPING events from decorations provider vscode.git 3619
2025-03-07 14:23:36.340 [warning] [Decorations] CAPPING events from decorations provider vscode.git 3619
2025-03-07 14:24:35.086 [warning] [Decorations] CAPPING events from decorations provider vscode.git 3619
2025-03-07 14:24:40.359 [warning] [Decorations] CAPPING events from decorations provider vscode.git 3620
2025-03-07 14:24:45.648 [warning] [Decorations] CAPPING events from decorations provider vscode.git 3620
2025-03-07 14:25:26.105 [warning] [Decorations] CAPPING events from decorations provider vscode.git 3619
2025-03-07 14:25:31.331 [warning] [Decorations] CAPPING events from decorations provider vscode.git 3619
2025-03-07 14:25:36.652 [warning] [Decorations] CAPPING events from decorations provider vscode.git 3619
2025-03-07 14:25:41.965 [warning] [Decorations] CAPPING events from decorations provider vscode.git 3619
2025-03-07 14:25:47.196 [warning] [Decorations] CAPPING events from decorations provider vscode.git 3619
2025-03-07 14:25:52.441 [warning] [Decorations] CAPPING events from decorations provider vscode.git 3620
2025-03-07 14:25:58.703 [warning] [Decorations] CAPPING events from decorations provider vscode.git 3620
2025-03-07 14:26:04.023 [warning] [Decorations] CAPPING events from decorations provider vscode.git 3619
2025-03-07 14:26:09.361 [warning] [Decorations] CAPPING events from decorations provider vscode.git 3620
2025-03-07 14:26:14.600 [warning] [Decorations] CAPPING events from decorations provider vscode.git 3620
2025-03-07 14:26:19.880 [warning] [Decorations] CAPPING events from decorations provider vscode.git 3619
2025-03-07 14:26:25.135 [warning] [Decorations] CAPPING events from decorations provider vscode.git 3619
2025-03-07 14:26:45.435 [warning] [Decorations] CAPPING events from decorations provider vscode.git 3619
2025-03-07 14:27:14.723 [warning] [Decorations] CAPPING events from decorations provider vscode.git 3619
2025-03-07 14:27:38.642 [warning] [Decorations] CAPPING events from decorations provider vscode.git 3619
2025-03-07 14:27:43.934 [warning] [Decorations] CAPPING events from decorations provider vscode.git 3619
2025-03-07 14:27:49.122 [warning] [Decorations] CAPPING events from decorations provider vscode.git 3619
2025-03-07 14:27:54.386 [warning] [Decorations] CAPPING events from decorations provider vscode.git 3619
2025-03-07 14:27:59.759 [warning] [Decorations] CAPPING events from decorations provider vscode.git 3619
2025-03-07 14:28:04.998 [warning] [Decorations] CAPPING events from decorations provider vscode.git 3620
2025-03-07 14:28:10.284 [warning] [Decorations] CAPPING events from decorations provider vscode.git 3620
2025-03-07 14:28:15.532 [warning] [Decorations] CAPPING events from decorations provider vscode.git 3619
2025-03-07 14:28:20.767 [warning] [Decorations] CAPPING events from decorations provider vscode.git 3619
2025-03-07 14:28:26.065 [warning] [Decorations] CAPPING events from decorations provider vscode.git 3620
2025-03-07 14:29:21.178 [warning] [Decorations] CAPPING events from decorations provider vscode.git 3623
2025-03-07 14:29:26.480 [warning] [Decorations] CAPPING events from decorations provider vscode.git 3620
2025-03-07 14:29:31.801 [warning] [Decorations] CAPPING events from decorations provider vscode.git 3621
2025-03-07 14:29:37.130 [warning] [Decorations] CAPPING events from decorations provider vscode.git 3620
2025-03-07 14:29:42.413 [warning] [Decorations] CAPPING events from decorations provider vscode.git 3620
2025-03-07 14:29:47.625 [warning] [Decorations] CAPPING events from decorations provider vscode.git 3620
2025-03-07 14:29:52.887 [warning] [Decorations] CAPPING events from decorations provider vscode.git 3621
2025-03-07 14:29:58.129 [warning] [Decorations] CAPPING events from decorations provider vscode.git 3620
2025-03-07 14:30:03.369 [warning] [Decorations] CAPPING events from decorations provider vscode.git 3620
2025-03-07 14:30:08.613 [warning] [Decorations] CAPPING events from decorations provider vscode.git 3620
2025-03-07 14:30:14.017 [warning] [Decorations] CAPPING events from decorations provider vscode.git 3620
2025-03-07 14:30:19.393 [warning] [Decorations] CAPPING events from decorations provider vscode.git 3620
2025-03-07 14:30:24.755 [warning] [Decorations] CAPPING events from decorations provider vscode.git 3620
2025-03-07 14:30:47.969 [warning] [Decorations] CAPPING events from decorations provider vscode.git 3621
2025-03-07 14:30:53.234 [info] ExtensionService#_doActivateExtension esbenp.prettier-vscode, startup: false, activationEvent: 'onStartupFinished'
2025-03-07 14:30:53.660 [warning] [Decorations] CAPPING events from decorations provider vscode.git 3640
2025-03-07 14:30:59.263 [warning] [Decorations] CAPPING events from decorations provider vscode.git 3639
2025-03-07 14:31:04.505 [warning] [Decorations] CAPPING events from decorations provider vscode.git 3639
2025-03-07 14:31:09.983 [warning] [Decorations] CAPPING events from decorations provider vscode.git 3639
2025-03-07 14:31:39.894 [warning] [Decorations] CAPPING events from decorations provider vscode.git 3639
2025-03-07 14:31:45.216 [warning] [Decorations] CAPPING events from decorations provider vscode.git 3639
2025-03-07 14:31:50.439 [warning] [Decorations] CAPPING events from decorations provider vscode.git 3639
2025-03-07 14:31:55.648 [warning] [Decorations] CAPPING events from decorations provider vscode.git 3640
2025-03-07 14:32:00.843 [warning] [Decorations] CAPPING events from decorations provider vscode.git 3639
2025-03-07 14:32:06.157 [warning] [Decorations] CAPPING events from decorations provider vscode.git 3639
2025-03-07 14:32:11.486 [warning] [Decorations] CAPPING events from decorations provider vscode.git 3639
2025-03-07 14:32:35.014 [warning] [Decorations] CAPPING events from decorations provider vscode.git 3640
2025-03-07 14:32:40.291 [warning] [Decorations] CAPPING events from decorations provider vscode.git 3639
2025-03-07 14:32:45.532 [warning] [Decorations] CAPPING events from decorations provider vscode.git 3639
2025-03-07 14:32:52.499 [warning] [Decorations] CAPPING events from decorations provider vscode.git 3640
2025-03-07 14:32:57.784 [warning] [Decorations] CAPPING events from decorations provider vscode.git 3639
2025-03-07 14:33:03.119 [warning] [Decorations] CAPPING events from decorations provider vscode.git 3639
2025-03-07 14:33:08.458 [warning] [Decorations] CAPPING events from decorations provider vscode.git 3639
2025-03-07 14:33:13.666 [warning] [Decorations] CAPPING events from decorations provider vscode.git 3641
2025-03-07 14:33:18.918 [warning] [Decorations] CAPPING events from decorations provider vscode.git 3639
2025-03-07 14:33:24.154 [warning] [Decorations] CAPPING events from decorations provider vscode.git 3639
2025-03-07 14:33:29.402 [warning] [Decorations] CAPPING events from decorations provider vscode.git 3639
2025-03-07 14:33:34.683 [warning] [Decorations] CAPPING events from decorations provider vscode.git 3639
2025-03-07 14:33:45.707 [warning] [Decorations] CAPPING events from decorations provider vscode.git 3641
2025-03-07 14:41:58.510 [warning] [Decorations] CAPPING events from decorations provider vscode.git 3639
2025-03-07 14:42:05.744 [warning] [Decorations] CAPPING events from decorations provider vscode.git 3639
2025-03-07 14:45:49.267 [warning] [Decorations] CAPPING events from decorations provider vscode.git 3639
2025-03-07 14:45:54.503 [warning] [Decorations] CAPPING events from decorations provider vscode.git 3639
2025-03-07 14:45:59.746 [warning] [Decorations] CAPPING events from decorations provider vscode.git 3639
2025-03-07 14:49:03.249 [warning] [Decorations] CAPPING events from decorations provider vscode.git 3639
2025-03-07 14:50:44.292 [warning] [Decorations] CAPPING events from decorations provider vscode.git 3639
