["INFO" - 9:55:39 AM] Extension Name: esbenp.prettier-vscode.
["INFO" - 9:55:39 AM] Extension Version: 11.0.0.
["INFO" - 11:28:15 AM] Attempted to load Prettier module from /home/achraf/solidity-projects/node_modules/prettier/index.js
["ERROR" - 11:28:15 AM] Failed to load module. If you have prettier or plugins referenced in package.json, ensure you have run `npm install`
["ERROR" - 11:28:15 AM] Cannot find Prettier package.json
Error: Cannot find Prettier package.json
	at t.ModuleResolver.loadPrettierVersionFromPackageJson (/home/achraf/.vscode-server/extensions/esbenp.prettier-vscode-11.0.0/dist/extension.js:1:4041)
	at t.ModuleResolver.getPrettierInstance (/home/achraf/.vscode-server/extensions/esbenp.prettier-vscode-11.0.0/dist/extension.js:1:5348)
	at t.default.handleActiveTextEditorChanged (/home/achraf/.vscode-server/extensions/esbenp.prettier-vscode-11.0.0/dist/extension.js:1:10959)
	at handleActiveTextEditorChangedSync (/home/achraf/.vscode-server/extensions/esbenp.prettier-vscode-11.0.0/dist/extension.js:1:10561)
	at Th.value (file:///home/achraf/.vscode-server/bin/6609ac3d66f4eade5cf376d1cb76f13985724bcb/out/vs/workbench/api/node/extensionHostProcess.js:172:35535)
	at D.B (file:///home/achraf/.vscode-server/bin/6609ac3d66f4eade5cf376d1cb76f13985724bcb/out/vs/workbench/api/node/extensionHostProcess.js:27:2375)
	at D.C (file:///home/achraf/.vscode-server/bin/6609ac3d66f4eade5cf376d1cb76f13985724bcb/out/vs/workbench/api/node/extensionHostProcess.js:27:2445)
	at D.fire (file:///home/achraf/.vscode-server/bin/6609ac3d66f4eade5cf376d1cb76f13985724bcb/out/vs/workbench/api/node/extensionHostProcess.js:27:2662)
	at Th.value (file:///home/achraf/.vscode-server/bin/6609ac3d66f4eade5cf376d1cb76f13985724bcb/out/vs/workbench/api/node/extensionHostProcess.js:171:62516)
	at D.B (file:///home/achraf/.vscode-server/bin/6609ac3d66f4eade5cf376d1cb76f13985724bcb/out/vs/workbench/api/node/extensionHostProcess.js:27:2375)
	at D.fire (file:///home/achraf/.vscode-server/bin/6609ac3d66f4eade5cf376d1cb76f13985724bcb/out/vs/workbench/api/node/extensionHostProcess.js:27:2593)
	at Xw.acceptDocumentsAndEditorsDelta (file:///home/achraf/.vscode-server/bin/6609ac3d66f4eade5cf376d1cb76f13985724bcb/out/vs/workbench/api/node/extensionHostProcess.js:119:11751)
	at Xw.$acceptDocumentsAndEditorsDelta (file:///home/achraf/.vscode-server/bin/6609ac3d66f4eade5cf376d1cb76f13985724bcb/out/vs/workbench/api/node/extensionHostProcess.js:119:10210)
	at qy.S (file:///home/achraf/.vscode-server/bin/6609ac3d66f4eade5cf376d1cb76f13985724bcb/out/vs/workbench/api/node/extensionHostProcess.js:29:159602)
	at qy.Q (file:///home/achraf/.vscode-server/bin/6609ac3d66f4eade5cf376d1cb76f13985724bcb/out/vs/workbench/api/node/extensionHostProcess.js:29:159382)
	at qy.M (file:///home/achraf/.vscode-server/bin/6609ac3d66f4eade5cf376d1cb76f13985724bcb/out/vs/workbench/api/node/extensionHostProcess.js:29:158471)
	at qy.L (file:///home/achraf/.vscode-server/bin/6609ac3d66f4eade5cf376d1cb76f13985724bcb/out/vs/workbench/api/node/extensionHostProcess.js:29:157576)
	at Th.value (file:///home/achraf/.vscode-server/bin/6609ac3d66f4eade5cf376d1cb76f13985724bcb/out/vs/workbench/api/node/extensionHostProcess.js:29:156373)
	at D.B (file:///home/achraf/.vscode-server/bin/6609ac3d66f4eade5cf376d1cb76f13985724bcb/out/vs/workbench/api/node/extensionHostProcess.js:27:2375)
	at D.fire (file:///home/achraf/.vscode-server/bin/6609ac3d66f4eade5cf376d1cb76f13985724bcb/out/vs/workbench/api/node/extensionHostProcess.js:27:2593)
	at Gn.fire (file:///home/achraf/.vscode-server/bin/6609ac3d66f4eade5cf376d1cb76f13985724bcb/out/vs/workbench/api/node/extensionHostProcess.js:29:9459)
	at Th.value (file:///home/achraf/.vscode-server/bin/6609ac3d66f4eade5cf376d1cb76f13985724bcb/out/vs/workbench/api/node/extensionHostProcess.js:190:13324)
	at D.B (file:///home/achraf/.vscode-server/bin/6609ac3d66f4eade5cf376d1cb76f13985724bcb/out/vs/workbench/api/node/extensionHostProcess.js:27:2375)
	at D.fire (file:///home/achraf/.vscode-server/bin/6609ac3d66f4eade5cf376d1cb76f13985724bcb/out/vs/workbench/api/node/extensionHostProcess.js:27:2593)
	at Gn.fire (file:///home/achraf/.vscode-server/bin/6609ac3d66f4eade5cf376d1cb76f13985724bcb/out/vs/workbench/api/node/extensionHostProcess.js:29:9459)
	at Ym.A (file:///home/achraf/.vscode-server/bin/6609ac3d66f4eade5cf376d1cb76f13985724bcb/out/vs/workbench/api/node/extensionHostProcess.js:29:12575)
	at Th.value (file:///home/achraf/.vscode-server/bin/6609ac3d66f4eade5cf376d1cb76f13985724bcb/out/vs/workbench/api/node/extensionHostProcess.js:29:10995)
	at D.B (file:///home/achraf/.vscode-server/bin/6609ac3d66f4eade5cf376d1cb76f13985724bcb/out/vs/workbench/api/node/extensionHostProcess.js:27:2375)
	at D.fire (file:///home/achraf/.vscode-server/bin/6609ac3d66f4eade5cf376d1cb76f13985724bcb/out/vs/workbench/api/node/extensionHostProcess.js:27:2593)
	at C6.acceptChunk (file:///home/achraf/.vscode-server/bin/6609ac3d66f4eade5cf376d1cb76f13985724bcb/out/vs/workbench/api/node/extensionHostProcess.js:29:7942)
	at Th.value (file:///home/achraf/.vscode-server/bin/6609ac3d66f4eade5cf376d1cb76f13985724bcb/out/vs/workbench/api/node/extensionHostProcess.js:29:7228)
	at D.B (file:///home/achraf/.vscode-server/bin/6609ac3d66f4eade5cf376d1cb76f13985724bcb/out/vs/workbench/api/node/extensionHostProcess.js:27:2375)
	at D.fire (file:///home/achraf/.vscode-server/bin/6609ac3d66f4eade5cf376d1cb76f13985724bcb/out/vs/workbench/api/node/extensionHostProcess.js:27:2593)
	at tT.z (file:///home/achraf/.vscode-server/bin/6609ac3d66f4eade5cf376d1cb76f13985724bcb/out/vs/workbench/api/node/extensionHostProcess.js:29:21747)
	at tT.acceptFrame (file:///home/achraf/.vscode-server/bin/6609ac3d66f4eade5cf376d1cb76f13985724bcb/out/vs/workbench/api/node/extensionHostProcess.js:29:21553)
	at eT.n (file:///home/achraf/.vscode-server/bin/6609ac3d66f4eade5cf376d1cb76f13985724bcb/out/vs/workbench/api/node/extensionHostProcess.js:29:20080)
	at file:///home/achraf/.vscode-server/bin/6609ac3d66f4eade5cf376d1cb76f13985724bcb/out/vs/workbench/api/node/extensionHostProcess.js:29:17312
	at Socket.t (file:///home/achraf/.vscode-server/bin/6609ac3d66f4eade5cf376d1cb76f13985724bcb/out/vs/workbench/api/node/extensionHostProcess.js:29:15252)
	at Socket.emit (node:events:518:28)
	at Socket.emit (node:domain:489:12)
	at addChunk (node:internal/streams/readable:561:12)
	at readableAddChunkPushByteMode (node:internal/streams/readable:512:3)
	at Readable.push (node:internal/streams/readable:392:5)
	at TCP.onStreamRead (node:internal/stream_base_commons:191:23)
