2025-02-27 21:21:31.862 [info] [main] Log level: Info
2025-02-27 21:21:31.862 [info] [main] Validating found git in: "git"
2025-02-27 21:21:31.862 [info] [main] Using git "2.43.0" from "git"
2025-02-27 21:21:31.862 [info] [Model][doInitialScan] Initial repository scan started
2025-02-27 21:21:31.862 [info] > git rev-parse --show-toplevel [803ms]
2025-02-27 21:21:31.862 [info] > git rev-parse --git-dir --git-common-dir [3ms]
2025-02-27 21:21:31.862 [info] [Model][openRepository] Opened repository: /home/achraf
2025-02-27 21:21:31.914 [info] > git rev-parse --show-toplevel [19ms]
2025-02-27 21:21:31.922 [info] > git config --get commit.template [42ms]
2025-02-27 21:21:31.964 [info] [Git][getRemotes] No remotes found in the git config file
2025-02-27 21:21:31.965 [info] > git rev-parse --show-toplevel [23ms]
2025-02-27 21:21:31.972 [info] [Model][doInitialScan] Initial repository scan completed - repositories (1), closed repositories (0), parent repositories (0), unsafe repositories (0)
2025-02-27 21:21:32.028 [info] > git for-each-ref --format=%(refname)%00%(upstream:short)%00%(objectname)%00%(upstream:track)%00%(upstream:remotename)%00%(upstream:remoteref) refs/heads/master refs/remotes/master [65ms]
2025-02-27 21:21:32.032 [warning] [Git][getBranch] No such branch: master
2025-02-27 21:21:32.097 [info] > git for-each-ref --sort -committerdate --format %(refname) %(objectname) %(*objectname) [33ms]
2025-02-27 21:21:32.222 [info] > git ls-files --stage -- /home/achraf/solidity-projects/jsExo.js [22ms]
2025-02-27 21:21:32.233 [info] > git show --textconv :solidity-projects/jsExo.js [43ms]
2025-02-27 21:21:32.247 [info] > git hash-object -t tree /dev/null [15ms]
2025-02-27 21:21:32.247 [warning] [GitFileSystemProvider][stat] File not found - git:/home/achraf/solidity-projects/jsExo.js.git?%7B%22path%22%3A%22%2Fhome%2Fachraf%2Fsolidity-projects%2FjsExo.js%22%2C%22ref%22%3A%22%22%7D
2025-02-27 21:21:32.261 [info] > git hash-object -t tree /dev/null [16ms]
2025-02-27 21:21:32.261 [warning] [GitFileSystemProvider][readFile] File not found - git:/home/achraf/solidity-projects/jsExo.js.git?%7B%22path%22%3A%22%2Fhome%2Fachraf%2Fsolidity-projects%2FjsExo.js%22%2C%22ref%22%3A%22%22%7D
2025-02-27 21:21:32.497 [info] > git check-ignore -v -z --stdin [3ms]
2025-02-27 21:21:35.829 [info] > git status -z -uall [3772ms]
2025-02-27 21:21:36.998 [info] > git for-each-ref --format=%(refname)%00%(upstream:short)%00%(objectname)%00%(upstream:track)%00%(upstream:remotename)%00%(upstream:remoteref) refs/heads/master refs/remotes/master [1048ms]
2025-02-27 21:21:36.998 [warning] [Git][getBranch] No such branch: master
2025-02-27 21:21:36.999 [error] [GitHistoryProvider][resolveHEADMergeBase] Failed to resolve merge base for master: Error: No such branch: master.
2025-02-27 21:21:37.028 [info] > git config --get commit.template [47ms]
2025-02-27 21:21:37.099 [info] [Git][getRemotes] No remotes found in the git config file
2025-02-27 21:21:37.124 [info] > git for-each-ref --format=%(refname)%00%(upstream:short)%00%(objectname)%00%(upstream:track)%00%(upstream:remotename)%00%(upstream:remoteref) refs/heads/master refs/remotes/master [26ms]
2025-02-27 21:21:37.124 [warning] [Git][getBranch] No such branch: master
2025-02-27 21:21:37.162 [info] > git for-each-ref --sort -committerdate --format %(refname) %(objectname) %(*objectname) [2ms]
2025-02-27 21:21:37.276 [info] > git status -z -uall [135ms]
2025-02-27 21:22:21.719 [info] [Git][getRemotes] No remotes found in the git config file
2025-02-27 21:22:21.730 [info] > git config --get commit.template [17ms]
2025-02-27 21:22:21.732 [info] > git for-each-ref --format=%(refname)%00%(upstream:short)%00%(objectname)%00%(upstream:track)%00%(upstream:remotename)%00%(upstream:remoteref) refs/heads/master refs/remotes/master [14ms]
2025-02-27 21:22:21.732 [warning] [Git][getBranch] No such branch: master
2025-02-27 21:22:21.753 [info] > git for-each-ref --sort -committerdate --format %(refname) %(objectname) %(*objectname) [3ms]
2025-02-27 21:22:21.829 [info] > git status -z -uall [92ms]
2025-02-27 21:22:31.756 [info] [Git][getRemotes] No remotes found in the git config file
2025-02-27 21:22:31.759 [info] > git config --get commit.template [13ms]
2025-02-27 21:22:31.761 [info] > git for-each-ref --format=%(refname)%00%(upstream:short)%00%(objectname)%00%(upstream:track)%00%(upstream:remotename)%00%(upstream:remoteref) refs/heads/master refs/remotes/master [5ms]
2025-02-27 21:22:31.761 [warning] [Git][getBranch] No such branch: master
2025-02-27 21:22:31.782 [info] > git for-each-ref --sort -committerdate --format %(refname) %(objectname) %(*objectname) [3ms]
2025-02-27 21:22:31.907 [info] > git status -z -uall [134ms]
2025-02-27 21:22:37.023 [info] [Git][getRemotes] No remotes found in the git config file
2025-02-27 21:22:37.028 [info] > git config --get commit.template [18ms]
2025-02-27 21:22:37.030 [info] > git for-each-ref --format=%(refname)%00%(upstream:short)%00%(objectname)%00%(upstream:track)%00%(upstream:remotename)%00%(upstream:remoteref) refs/heads/master refs/remotes/master [8ms]
2025-02-27 21:22:37.031 [warning] [Git][getBranch] No such branch: master
2025-02-27 21:22:37.073 [info] > git for-each-ref --sort -committerdate --format %(refname) %(objectname) %(*objectname) [14ms]
2025-02-27 21:22:37.172 [info] > git status -z -uall [130ms]
2025-02-27 21:22:42.249 [info] > git config --get commit.template [2ms]
2025-02-27 21:22:42.256 [info] [Git][getRemotes] No remotes found in the git config file
2025-02-27 21:22:42.259 [info] > git for-each-ref --format=%(refname)%00%(upstream:short)%00%(objectname)%00%(upstream:track)%00%(upstream:remotename)%00%(upstream:remoteref) refs/heads/master refs/remotes/master [4ms]
2025-02-27 21:22:42.260 [warning] [Git][getBranch] No such branch: master
2025-02-27 21:22:42.273 [info] > git for-each-ref --sort -committerdate --format %(refname) %(objectname) %(*objectname) [1ms]
2025-02-27 21:22:42.377 [info] > git status -z -uall [114ms]
2025-02-27 21:22:47.479 [info] [Git][getRemotes] No remotes found in the git config file
2025-02-27 21:22:47.481 [info] > git config --get commit.template [23ms]
2025-02-27 21:22:47.482 [info] > git for-each-ref --format=%(refname)%00%(upstream:short)%00%(objectname)%00%(upstream:track)%00%(upstream:remotename)%00%(upstream:remoteref) refs/heads/master refs/remotes/master [3ms]
2025-02-27 21:22:47.483 [warning] [Git][getBranch] No such branch: master
2025-02-27 21:22:47.501 [info] > git for-each-ref --sort -committerdate --format %(refname) %(objectname) %(*objectname) [4ms]
2025-02-27 21:22:47.577 [info] > git status -z -uall [89ms]
2025-02-27 21:22:58.152 [info] > git config --get commit.template [9ms]
2025-02-27 21:22:58.166 [info] [Git][getRemotes] No remotes found in the git config file
2025-02-27 21:22:58.167 [info] > git for-each-ref --format=%(refname)%00%(upstream:short)%00%(objectname)%00%(upstream:track)%00%(upstream:remotename)%00%(upstream:remoteref) refs/heads/master refs/remotes/master [1ms]
2025-02-27 21:22:58.167 [warning] [Git][getBranch] No such branch: master
2025-02-27 21:22:58.197 [info] > git for-each-ref --sort -committerdate --format %(refname) %(objectname) %(*objectname) [3ms]
2025-02-27 21:22:58.297 [info] > git status -z -uall [117ms]
2025-02-27 21:23:01.160 [info] > git check-ignore -v -z --stdin [7ms]
2025-02-27 21:23:03.362 [info] [Git][getRemotes] No remotes found in the git config file
2025-02-27 21:23:03.371 [info] > git config --get commit.template [9ms]
2025-02-27 21:23:03.372 [info] > git for-each-ref --format=%(refname)%00%(upstream:short)%00%(objectname)%00%(upstream:track)%00%(upstream:remotename)%00%(upstream:remoteref) refs/heads/master refs/remotes/master [2ms]
2025-02-27 21:23:03.372 [warning] [Git][getBranch] No such branch: master
2025-02-27 21:23:03.386 [info] > git for-each-ref --sort -committerdate --format %(refname) %(objectname) %(*objectname) [3ms]
2025-02-27 21:23:03.455 [info] > git status -z -uall [79ms]
2025-02-27 21:23:08.551 [info] [Git][getRemotes] No remotes found in the git config file
2025-02-27 21:23:08.556 [info] > git config --get commit.template [32ms]
2025-02-27 21:23:08.561 [info] > git for-each-ref --format=%(refname)%00%(upstream:short)%00%(objectname)%00%(upstream:track)%00%(upstream:remotename)%00%(upstream:remoteref) refs/heads/master refs/remotes/master [11ms]
2025-02-27 21:23:08.561 [warning] [Git][getBranch] No such branch: master
2025-02-27 21:23:08.581 [info] > git for-each-ref --sort -committerdate --format %(refname) %(objectname) %(*objectname) [4ms]
2025-02-27 21:23:08.672 [info] > git status -z -uall [103ms]
2025-02-27 21:23:13.758 [info] [Git][getRemotes] No remotes found in the git config file
2025-02-27 21:23:13.762 [info] > git config --get commit.template [14ms]
2025-02-27 21:23:13.763 [info] > git for-each-ref --format=%(refname)%00%(upstream:short)%00%(objectname)%00%(upstream:track)%00%(upstream:remotename)%00%(upstream:remoteref) refs/heads/master refs/remotes/master [6ms]
2025-02-27 21:23:13.763 [warning] [Git][getBranch] No such branch: master
2025-02-27 21:23:13.809 [info] > git for-each-ref --sort -committerdate --format %(refname) %(objectname) %(*objectname) [21ms]
2025-02-27 21:23:13.919 [info] > git status -z -uall [142ms]
2025-02-27 21:23:18.985 [info] [Git][getRemotes] No remotes found in the git config file
2025-02-27 21:23:18.990 [info] > git config --get commit.template [13ms]
2025-02-27 21:23:18.993 [info] > git for-each-ref --format=%(refname)%00%(upstream:short)%00%(objectname)%00%(upstream:track)%00%(upstream:remotename)%00%(upstream:remoteref) refs/heads/master refs/remotes/master [8ms]
2025-02-27 21:23:18.993 [warning] [Git][getBranch] No such branch: master
2025-02-27 21:23:19.015 [info] > git for-each-ref --sort -committerdate --format %(refname) %(objectname) %(*objectname) [3ms]
2025-02-27 21:23:19.098 [info] > git status -z -uall [99ms]
2025-02-27 21:23:24.251 [info] [Git][getRemotes] No remotes found in the git config file
2025-02-27 21:23:24.259 [info] > git config --get commit.template [12ms]
2025-02-27 21:23:24.260 [info] > git for-each-ref --format=%(refname)%00%(upstream:short)%00%(objectname)%00%(upstream:track)%00%(upstream:remotename)%00%(upstream:remoteref) refs/heads/master refs/remotes/master [3ms]
2025-02-27 21:23:24.261 [warning] [Git][getBranch] No such branch: master
2025-02-27 21:23:24.279 [info] > git for-each-ref --sort -committerdate --format %(refname) %(objectname) %(*objectname) [7ms]
2025-02-27 21:23:24.362 [info] > git status -z -uall [97ms]
2025-02-27 21:23:29.476 [info] [Git][getRemotes] No remotes found in the git config file
2025-02-27 21:23:29.479 [info] > git config --get commit.template [29ms]
2025-02-27 21:23:29.483 [info] > git for-each-ref --format=%(refname)%00%(upstream:short)%00%(objectname)%00%(upstream:track)%00%(upstream:remotename)%00%(upstream:remoteref) refs/heads/master refs/remotes/master [8ms]
2025-02-27 21:23:29.483 [warning] [Git][getBranch] No such branch: master
2025-02-27 21:23:29.510 [info] > git for-each-ref --sort -committerdate --format %(refname) %(objectname) %(*objectname) [7ms]
2025-02-27 21:23:29.580 [info] > git status -z -uall [87ms]
2025-02-27 21:23:31.665 [info] > git log --format=%H%n%aN%n%aE%n%at%n%ct%n%P%n%D%n%B -z -n51 --shortstat --follow -- /home/achraf/solidity-projects/jsExo.js [2ms]
2025-02-27 21:23:31.665 [info] fatal: your current branch 'master' does not have any commits yet
2025-02-27 21:23:34.670 [info] [Git][getRemotes] No remotes found in the git config file
2025-02-27 21:23:34.672 [info] > git for-each-ref --format=%(refname)%00%(upstream:short)%00%(objectname)%00%(upstream:track)%00%(upstream:remotename)%00%(upstream:remoteref) refs/heads/master refs/remotes/master [4ms]
2025-02-27 21:23:34.672 [warning] [Git][getBranch] No such branch: master
2025-02-27 21:23:34.673 [info] > git config --get commit.template [20ms]
2025-02-27 21:23:34.689 [info] > git for-each-ref --sort -committerdate --format %(refname) %(objectname) %(*objectname) [3ms]
2025-02-27 21:23:34.766 [info] > git status -z -uall [86ms]
2025-02-27 21:24:04.268 [info] [Git][getRemotes] No remotes found in the git config file
2025-02-27 21:24:04.272 [info] > git config --get commit.template [15ms]
2025-02-27 21:24:04.275 [info] > git for-each-ref --format=%(refname)%00%(upstream:short)%00%(objectname)%00%(upstream:track)%00%(upstream:remotename)%00%(upstream:remoteref) refs/heads/master refs/remotes/master [9ms]
2025-02-27 21:24:04.276 [warning] [Git][getBranch] No such branch: master
2025-02-27 21:24:04.297 [info] > git for-each-ref --sort -committerdate --format %(refname) %(objectname) %(*objectname) [4ms]
2025-02-27 21:24:04.376 [info] > git status -z -uall [92ms]
2025-02-27 21:24:09.498 [info] [Git][getRemotes] No remotes found in the git config file
2025-02-27 21:24:09.503 [info] > git config --get commit.template [47ms]
2025-02-27 21:24:09.509 [info] > git for-each-ref --format=%(refname)%00%(upstream:short)%00%(objectname)%00%(upstream:track)%00%(upstream:remotename)%00%(upstream:remoteref) refs/heads/master refs/remotes/master [11ms]
2025-02-27 21:24:09.511 [warning] [Git][getBranch] No such branch: master
2025-02-27 21:24:09.537 [info] > git for-each-ref --sort -committerdate --format %(refname) %(objectname) %(*objectname) [8ms]
2025-02-27 21:24:09.632 [info] > git status -z -uall [112ms]
2025-02-27 21:24:14.755 [info] [Git][getRemotes] No remotes found in the git config file
2025-02-27 21:24:14.758 [info] > git config --get commit.template [21ms]
2025-02-27 21:24:14.763 [info] > git for-each-ref --format=%(refname)%00%(upstream:short)%00%(objectname)%00%(upstream:track)%00%(upstream:remotename)%00%(upstream:remoteref) refs/heads/master refs/remotes/master [6ms]
2025-02-27 21:24:14.763 [warning] [Git][getBranch] No such branch: master
2025-02-27 21:24:14.784 [info] > git for-each-ref --sort -committerdate --format %(refname) %(objectname) %(*objectname) [9ms]
2025-02-27 21:24:14.869 [info] > git status -z -uall [100ms]
2025-02-27 21:24:19.970 [info] [Git][getRemotes] No remotes found in the git config file
2025-02-27 21:24:19.975 [info] > git config --get commit.template [39ms]
2025-02-27 21:24:19.982 [info] > git for-each-ref --format=%(refname)%00%(upstream:short)%00%(objectname)%00%(upstream:track)%00%(upstream:remotename)%00%(upstream:remoteref) refs/heads/master refs/remotes/master [13ms]
2025-02-27 21:24:19.983 [warning] [Git][getBranch] No such branch: master
2025-02-27 21:24:20.008 [info] > git for-each-ref --sort -committerdate --format %(refname) %(objectname) %(*objectname) [4ms]
2025-02-27 21:24:20.073 [info] > git status -z -uall [79ms]
2025-02-27 21:24:25.166 [info] [Git][getRemotes] No remotes found in the git config file
2025-02-27 21:24:25.171 [info] > git config --get commit.template [38ms]
2025-02-27 21:24:25.178 [info] > git for-each-ref --format=%(refname)%00%(upstream:short)%00%(objectname)%00%(upstream:track)%00%(upstream:remotename)%00%(upstream:remoteref) refs/heads/master refs/remotes/master [14ms]
2025-02-27 21:24:25.179 [warning] [Git][getBranch] No such branch: master
2025-02-27 21:24:25.204 [info] > git for-each-ref --sort -committerdate --format %(refname) %(objectname) %(*objectname) [4ms]
2025-02-27 21:24:25.278 [info] > git status -z -uall [89ms]
2025-02-27 21:24:30.380 [info] [Git][getRemotes] No remotes found in the git config file
2025-02-27 21:24:30.383 [info] > git config --get commit.template [33ms]
2025-02-27 21:24:30.385 [info] > git for-each-ref --format=%(refname)%00%(upstream:short)%00%(objectname)%00%(upstream:track)%00%(upstream:remotename)%00%(upstream:remoteref) refs/heads/master refs/remotes/master [5ms]
2025-02-27 21:24:30.385 [warning] [Git][getBranch] No such branch: master
2025-02-27 21:24:30.411 [info] > git for-each-ref --sort -committerdate --format %(refname) %(objectname) %(*objectname) [4ms]
2025-02-27 21:24:30.473 [info] > git status -z -uall [78ms]
2025-02-27 21:24:35.567 [info] [Git][getRemotes] No remotes found in the git config file
2025-02-27 21:24:35.579 [info] > git config --get commit.template [40ms]
2025-02-27 21:24:35.583 [info] > git for-each-ref --format=%(refname)%00%(upstream:short)%00%(objectname)%00%(upstream:track)%00%(upstream:remotename)%00%(upstream:remoteref) refs/heads/master refs/remotes/master [17ms]
2025-02-27 21:24:35.584 [warning] [Git][getBranch] No such branch: master
2025-02-27 21:24:35.608 [info] > git for-each-ref --sort -committerdate --format %(refname) %(objectname) %(*objectname) [5ms]
2025-02-27 21:24:35.679 [info] > git status -z -uall [85ms]
2025-02-27 21:24:40.752 [info] [Git][getRemotes] No remotes found in the git config file
2025-02-27 21:24:40.780 [info] > git config --get commit.template [33ms]
2025-02-27 21:24:40.793 [info] > git for-each-ref --format=%(refname)%00%(upstream:short)%00%(objectname)%00%(upstream:track)%00%(upstream:remotename)%00%(upstream:remoteref) refs/heads/master refs/remotes/master [18ms]
2025-02-27 21:24:40.795 [warning] [Git][getBranch] No such branch: master
2025-02-27 21:24:40.832 [info] > git for-each-ref --sort -committerdate --format %(refname) %(objectname) %(*objectname) [6ms]
2025-02-27 21:24:40.898 [info] > git status -z -uall [84ms]
2025-02-27 21:24:45.998 [info] [Git][getRemotes] No remotes found in the git config file
2025-02-27 21:24:46.003 [info] > git config --get commit.template [27ms]
2025-02-27 21:24:46.010 [info] > git for-each-ref --format=%(refname)%00%(upstream:short)%00%(objectname)%00%(upstream:track)%00%(upstream:remotename)%00%(upstream:remoteref) refs/heads/master refs/remotes/master [14ms]
2025-02-27 21:24:46.011 [warning] [Git][getBranch] No such branch: master
2025-02-27 21:24:46.039 [info] > git for-each-ref --sort -committerdate --format %(refname) %(objectname) %(*objectname) [10ms]
2025-02-27 21:24:46.121 [info] > git status -z -uall [102ms]
2025-02-27 21:24:51.222 [info] [Git][getRemotes] No remotes found in the git config file
2025-02-27 21:24:51.227 [info] > git config --get commit.template [27ms]
2025-02-27 21:24:51.237 [info] > git for-each-ref --format=%(refname)%00%(upstream:short)%00%(objectname)%00%(upstream:track)%00%(upstream:remotename)%00%(upstream:remoteref) refs/heads/master refs/remotes/master [17ms]
2025-02-27 21:24:51.238 [warning] [Git][getBranch] No such branch: master
2025-02-27 21:24:51.281 [info] > git for-each-ref --sort -committerdate --format %(refname) %(objectname) %(*objectname) [3ms]
2025-02-27 21:24:51.354 [info] > git status -z -uall [94ms]
2025-02-27 21:24:56.416 [info] [Git][getRemotes] No remotes found in the git config file
2025-02-27 21:24:56.421 [info] > git config --get commit.template [17ms]
2025-02-27 21:24:56.422 [info] > git for-each-ref --format=%(refname)%00%(upstream:short)%00%(objectname)%00%(upstream:track)%00%(upstream:remotename)%00%(upstream:remoteref) refs/heads/master refs/remotes/master [6ms]
2025-02-27 21:24:56.423 [warning] [Git][getBranch] No such branch: master
2025-02-27 21:24:56.450 [info] > git for-each-ref --sort -committerdate --format %(refname) %(objectname) %(*objectname) [6ms]
2025-02-27 21:24:56.536 [info] > git status -z -uall [104ms]
2025-02-27 21:25:32.337 [info] [Git][getRemotes] No remotes found in the git config file
2025-02-27 21:25:32.339 [info] > git config --get commit.template [15ms]
2025-02-27 21:25:32.340 [info] > git for-each-ref --format=%(refname)%00%(upstream:short)%00%(objectname)%00%(upstream:track)%00%(upstream:remotename)%00%(upstream:remoteref) refs/heads/master refs/remotes/master [3ms]
2025-02-27 21:25:32.340 [warning] [Git][getBranch] No such branch: master
2025-02-27 21:25:32.355 [info] > git for-each-ref --sort -committerdate --format %(refname) %(objectname) %(*objectname) [3ms]
2025-02-27 21:25:32.417 [info] > git status -z -uall [70ms]
2025-02-27 21:25:39.370 [info] [Git][getRemotes] No remotes found in the git config file
2025-02-27 21:25:39.373 [info] > git config --get commit.template [20ms]
2025-02-27 21:25:39.375 [info] > git for-each-ref --format=%(refname)%00%(upstream:short)%00%(objectname)%00%(upstream:track)%00%(upstream:remotename)%00%(upstream:remoteref) refs/heads/master refs/remotes/master [6ms]
2025-02-27 21:25:39.376 [warning] [Git][getBranch] No such branch: master
2025-02-27 21:25:39.411 [info] > git for-each-ref --sort -committerdate --format %(refname) %(objectname) %(*objectname) [10ms]
2025-02-27 21:25:39.482 [info] > git status -z -uall [95ms]
2025-02-27 21:25:44.579 [info] [Git][getRemotes] No remotes found in the git config file
2025-02-27 21:25:44.584 [info] > git config --get commit.template [38ms]
2025-02-27 21:25:44.598 [info] > git for-each-ref --format=%(refname)%00%(upstream:short)%00%(objectname)%00%(upstream:track)%00%(upstream:remotename)%00%(upstream:remoteref) refs/heads/master refs/remotes/master [20ms]
2025-02-27 21:25:44.599 [warning] [Git][getBranch] No such branch: master
2025-02-27 21:25:44.649 [info] > git for-each-ref --sort -committerdate --format %(refname) %(objectname) %(*objectname) [5ms]
2025-02-27 21:25:44.724 [info] > git status -z -uall [101ms]
2025-02-27 21:25:49.836 [info] [Git][getRemotes] No remotes found in the git config file
2025-02-27 21:25:49.840 [info] > git config --get commit.template [29ms]
2025-02-27 21:25:49.845 [info] > git for-each-ref --format=%(refname)%00%(upstream:short)%00%(objectname)%00%(upstream:track)%00%(upstream:remotename)%00%(upstream:remoteref) refs/heads/master refs/remotes/master [10ms]
2025-02-27 21:25:49.845 [warning] [Git][getBranch] No such branch: master
2025-02-27 21:25:49.867 [info] > git for-each-ref --sort -committerdate --format %(refname) %(objectname) %(*objectname) [7ms]
2025-02-27 21:25:49.951 [info] > git status -z -uall [99ms]
2025-02-27 21:25:55.053 [info] [Git][getRemotes] No remotes found in the git config file
2025-02-27 21:25:55.060 [info] > git config --get commit.template [46ms]
2025-02-27 21:25:55.064 [info] > git for-each-ref --format=%(refname)%00%(upstream:short)%00%(objectname)%00%(upstream:track)%00%(upstream:remotename)%00%(upstream:remoteref) refs/heads/master refs/remotes/master [12ms]
2025-02-27 21:25:55.064 [warning] [Git][getBranch] No such branch: master
2025-02-27 21:25:55.094 [info] > git for-each-ref --sort -committerdate --format %(refname) %(objectname) %(*objectname) [7ms]
2025-02-27 21:25:55.185 [info] > git status -z -uall [106ms]
2025-02-27 21:26:00.330 [info] [Git][getRemotes] No remotes found in the git config file
2025-02-27 21:26:00.332 [info] > git config --get commit.template [20ms]
2025-02-27 21:26:00.333 [info] > git for-each-ref --format=%(refname)%00%(upstream:short)%00%(objectname)%00%(upstream:track)%00%(upstream:remotename)%00%(upstream:remoteref) refs/heads/master refs/remotes/master [4ms]
2025-02-27 21:26:00.333 [warning] [Git][getBranch] No such branch: master
2025-02-27 21:26:00.348 [info] > git for-each-ref --sort -committerdate --format %(refname) %(objectname) %(*objectname) [4ms]
2025-02-27 21:26:00.418 [info] > git status -z -uall [79ms]
2025-02-27 21:26:05.519 [info] [Git][getRemotes] No remotes found in the git config file
2025-02-27 21:26:05.549 [info] > git for-each-ref --format=%(refname)%00%(upstream:short)%00%(objectname)%00%(upstream:track)%00%(upstream:remotename)%00%(upstream:remoteref) refs/heads/master refs/remotes/master [31ms]
2025-02-27 21:26:05.550 [warning] [Git][getBranch] No such branch: master
2025-02-27 21:26:05.550 [info] > git config --get commit.template [71ms]
2025-02-27 21:26:05.569 [info] > git for-each-ref --sort -committerdate --format %(refname) %(objectname) %(*objectname) [3ms]
2025-02-27 21:26:05.635 [info] > git status -z -uall [77ms]
2025-02-27 21:26:10.675 [info] [Git][getRemotes] No remotes found in the git config file
2025-02-27 21:26:10.685 [info] > git config --get commit.template [11ms]
2025-02-27 21:26:10.691 [info] > git for-each-ref --format=%(refname)%00%(upstream:short)%00%(objectname)%00%(upstream:track)%00%(upstream:remotename)%00%(upstream:remoteref) refs/heads/master refs/remotes/master [8ms]
2025-02-27 21:26:10.692 [warning] [Git][getBranch] No such branch: master
2025-02-27 21:26:10.705 [info] > git for-each-ref --sort -committerdate --format %(refname) %(objectname) %(*objectname) [3ms]
2025-02-27 21:26:10.837 [info] > git status -z -uall [140ms]
2025-02-27 21:26:16.044 [info] [Git][getRemotes] No remotes found in the git config file
2025-02-27 21:26:16.050 [info] > git config --get commit.template [35ms]
2025-02-27 21:26:16.057 [info] > git for-each-ref --format=%(refname)%00%(upstream:short)%00%(objectname)%00%(upstream:track)%00%(upstream:remotename)%00%(upstream:remoteref) refs/heads/master refs/remotes/master [14ms]
2025-02-27 21:26:16.059 [warning] [Git][getBranch] No such branch: master
2025-02-27 21:26:16.088 [info] > git for-each-ref --sort -committerdate --format %(refname) %(objectname) %(*objectname) [4ms]
2025-02-27 21:26:16.156 [info] > git status -z -uall [79ms]
2025-02-27 21:26:21.244 [info] [Git][getRemotes] No remotes found in the git config file
2025-02-27 21:26:21.259 [info] > git config --get commit.template [45ms]
2025-02-27 21:26:21.265 [info] > git for-each-ref --format=%(refname)%00%(upstream:short)%00%(objectname)%00%(upstream:track)%00%(upstream:remotename)%00%(upstream:remoteref) refs/heads/master refs/remotes/master [22ms]
2025-02-27 21:26:21.266 [warning] [Git][getBranch] No such branch: master
2025-02-27 21:26:21.321 [info] > git for-each-ref --sort -committerdate --format %(refname) %(objectname) %(*objectname) [10ms]
2025-02-27 21:26:21.397 [info] > git status -z -uall [109ms]
2025-02-27 21:26:26.489 [info] [Git][getRemotes] No remotes found in the git config file
2025-02-27 21:26:26.495 [info] > git config --get commit.template [38ms]
2025-02-27 21:26:26.504 [info] > git for-each-ref --format=%(refname)%00%(upstream:short)%00%(objectname)%00%(upstream:track)%00%(upstream:remotename)%00%(upstream:remoteref) refs/heads/master refs/remotes/master [17ms]
2025-02-27 21:26:26.505 [warning] [Git][getBranch] No such branch: master
2025-02-27 21:26:26.553 [info] > git for-each-ref --sort -committerdate --format %(refname) %(objectname) %(*objectname) [7ms]
2025-02-27 21:26:26.635 [info] > git status -z -uall [108ms]
2025-02-27 21:26:31.701 [info] [Git][getRemotes] No remotes found in the git config file
2025-02-27 21:26:31.704 [info] > git config --get commit.template [20ms]
2025-02-27 21:26:31.711 [info] > git for-each-ref --format=%(refname)%00%(upstream:short)%00%(objectname)%00%(upstream:track)%00%(upstream:remotename)%00%(upstream:remoteref) refs/heads/master refs/remotes/master [11ms]
2025-02-27 21:26:31.712 [warning] [Git][getBranch] No such branch: master
2025-02-27 21:26:31.735 [info] > git for-each-ref --sort -committerdate --format %(refname) %(objectname) %(*objectname) [3ms]
2025-02-27 21:26:31.819 [info] > git status -z -uall [101ms]
2025-02-27 21:26:36.914 [info] [Git][getRemotes] No remotes found in the git config file
2025-02-27 21:26:36.919 [info] > git config --get commit.template [34ms]
2025-02-27 21:26:36.926 [info] > git for-each-ref --format=%(refname)%00%(upstream:short)%00%(objectname)%00%(upstream:track)%00%(upstream:remotename)%00%(upstream:remoteref) refs/heads/master refs/remotes/master [13ms]
2025-02-27 21:26:36.926 [warning] [Git][getBranch] No such branch: master
2025-02-27 21:26:36.947 [info] > git for-each-ref --sort -committerdate --format %(refname) %(objectname) %(*objectname) [3ms]
2025-02-27 21:26:37.026 [info] > git status -z -uall [91ms]
2025-02-27 21:26:42.123 [info] [Git][getRemotes] No remotes found in the git config file
2025-02-27 21:26:42.129 [info] > git config --get commit.template [35ms]
2025-02-27 21:26:42.138 [info] > git for-each-ref --format=%(refname)%00%(upstream:short)%00%(objectname)%00%(upstream:track)%00%(upstream:remotename)%00%(upstream:remoteref) refs/heads/master refs/remotes/master [16ms]
2025-02-27 21:26:42.138 [warning] [Git][getBranch] No such branch: master
2025-02-27 21:26:42.163 [info] > git for-each-ref --sort -committerdate --format %(refname) %(objectname) %(*objectname) [8ms]
2025-02-27 21:26:42.249 [info] > git status -z -uall [101ms]
2025-02-27 21:26:47.356 [info] [Git][getRemotes] No remotes found in the git config file
2025-02-27 21:26:47.362 [info] > git config --get commit.template [33ms]
2025-02-27 21:26:47.375 [info] > git for-each-ref --format=%(refname)%00%(upstream:short)%00%(objectname)%00%(upstream:track)%00%(upstream:remotename)%00%(upstream:remoteref) refs/heads/master refs/remotes/master [21ms]
2025-02-27 21:26:47.377 [warning] [Git][getBranch] No such branch: master
2025-02-27 21:26:47.434 [info] > git for-each-ref --sort -committerdate --format %(refname) %(objectname) %(*objectname) [11ms]
2025-02-27 21:26:47.503 [info] > git status -z -uall [101ms]
2025-02-27 21:26:52.626 [info] [Git][getRemotes] No remotes found in the git config file
2025-02-27 21:26:52.630 [info] > git config --get commit.template [54ms]
2025-02-27 21:26:52.637 [info] > git for-each-ref --format=%(refname)%00%(upstream:short)%00%(objectname)%00%(upstream:track)%00%(upstream:remotename)%00%(upstream:remoteref) refs/heads/master refs/remotes/master [12ms]
2025-02-27 21:26:52.637 [warning] [Git][getBranch] No such branch: master
2025-02-27 21:26:52.656 [info] > git for-each-ref --sort -committerdate --format %(refname) %(objectname) %(*objectname) [6ms]
2025-02-27 21:26:52.742 [info] > git status -z -uall [99ms]
2025-02-27 21:26:57.840 [info] [Git][getRemotes] No remotes found in the git config file
2025-02-27 21:26:57.846 [info] > git config --get commit.template [40ms]
2025-02-27 21:26:57.861 [info] > git for-each-ref --format=%(refname)%00%(upstream:short)%00%(objectname)%00%(upstream:track)%00%(upstream:remotename)%00%(upstream:remoteref) refs/heads/master refs/remotes/master [21ms]
2025-02-27 21:26:57.862 [warning] [Git][getBranch] No such branch: master
2025-02-27 21:26:57.908 [info] > git for-each-ref --sort -committerdate --format %(refname) %(objectname) %(*objectname) [4ms]
2025-02-27 21:26:57.989 [info] > git status -z -uall [104ms]
2025-02-27 21:27:03.089 [info] [Git][getRemotes] No remotes found in the git config file
2025-02-27 21:27:03.091 [info] > git config --get commit.template [31ms]
2025-02-27 21:27:03.097 [info] > git for-each-ref --format=%(refname)%00%(upstream:short)%00%(objectname)%00%(upstream:track)%00%(upstream:remotename)%00%(upstream:remoteref) refs/heads/master refs/remotes/master [7ms]
2025-02-27 21:27:03.097 [warning] [Git][getBranch] No such branch: master
2025-02-27 21:27:03.117 [info] > git for-each-ref --sort -committerdate --format %(refname) %(objectname) %(*objectname) [5ms]
2025-02-27 21:27:03.190 [info] > git status -z -uall [86ms]
2025-02-27 21:27:08.292 [info] > git config --get commit.template [26ms]
2025-02-27 21:27:08.320 [info] [Git][getRemotes] No remotes found in the git config file
2025-02-27 21:27:08.334 [info] > git for-each-ref --format=%(refname)%00%(upstream:short)%00%(objectname)%00%(upstream:track)%00%(upstream:remotename)%00%(upstream:remoteref) refs/heads/master refs/remotes/master [15ms]
2025-02-27 21:27:08.335 [warning] [Git][getBranch] No such branch: master
2025-02-27 21:27:08.370 [info] > git for-each-ref --sort -committerdate --format %(refname) %(objectname) %(*objectname) [17ms]
2025-02-27 21:27:08.429 [info] > git status -z -uall [81ms]
2025-02-27 21:27:13.548 [info] [Git][getRemotes] No remotes found in the git config file
2025-02-27 21:27:13.553 [info] > git config --get commit.template [47ms]
2025-02-27 21:27:13.553 [info] > git for-each-ref --format=%(refname)%00%(upstream:short)%00%(objectname)%00%(upstream:track)%00%(upstream:remotename)%00%(upstream:remoteref) refs/heads/master refs/remotes/master [5ms]
2025-02-27 21:27:13.554 [warning] [Git][getBranch] No such branch: master
2025-02-27 21:27:13.575 [info] > git for-each-ref --sort -committerdate --format %(refname) %(objectname) %(*objectname) [6ms]
2025-02-27 21:27:13.658 [info] > git status -z -uall [96ms]
2025-02-27 21:27:18.733 [info] [Git][getRemotes] No remotes found in the git config file
2025-02-27 21:27:18.736 [info] > git config --get commit.template [17ms]
2025-02-27 21:27:18.737 [info] > git for-each-ref --format=%(refname)%00%(upstream:short)%00%(objectname)%00%(upstream:track)%00%(upstream:remotename)%00%(upstream:remoteref) refs/heads/master refs/remotes/master [5ms]
2025-02-27 21:27:18.737 [warning] [Git][getBranch] No such branch: master
2025-02-27 21:27:18.759 [info] > git for-each-ref --sort -committerdate --format %(refname) %(objectname) %(*objectname) [7ms]
2025-02-27 21:27:18.821 [info] > git status -z -uall [74ms]
2025-02-27 21:27:23.930 [info] [Git][getRemotes] No remotes found in the git config file
2025-02-27 21:27:23.932 [info] > git config --get commit.template [38ms]
2025-02-27 21:27:23.934 [info] > git for-each-ref --format=%(refname)%00%(upstream:short)%00%(objectname)%00%(upstream:track)%00%(upstream:remotename)%00%(upstream:remoteref) refs/heads/master refs/remotes/master [5ms]
2025-02-27 21:27:23.935 [warning] [Git][getBranch] No such branch: master
2025-02-27 21:27:23.975 [info] > git for-each-ref --sort -committerdate --format %(refname) %(objectname) %(*objectname) [9ms]
2025-02-27 21:27:24.029 [info] > git status -z -uall [69ms]
2025-02-27 21:27:29.123 [info] [Git][getRemotes] No remotes found in the git config file
2025-02-27 21:27:29.125 [info] > git config --get commit.template [32ms]
2025-02-27 21:27:29.128 [info] > git for-each-ref --format=%(refname)%00%(upstream:short)%00%(objectname)%00%(upstream:track)%00%(upstream:remotename)%00%(upstream:remoteref) refs/heads/master refs/remotes/master [6ms]
2025-02-27 21:27:29.128 [warning] [Git][getBranch] No such branch: master
2025-02-27 21:27:29.144 [info] > git for-each-ref --sort -committerdate --format %(refname) %(objectname) %(*objectname) [2ms]
2025-02-27 21:27:29.215 [info] > git status -z -uall [81ms]
2025-02-27 21:27:34.338 [info] [Git][getRemotes] No remotes found in the git config file
2025-02-27 21:27:34.342 [info] > git for-each-ref --format=%(refname)%00%(upstream:short)%00%(objectname)%00%(upstream:track)%00%(upstream:remotename)%00%(upstream:remoteref) refs/heads/master refs/remotes/master [8ms]
2025-02-27 21:27:34.342 [warning] [Git][getBranch] No such branch: master
2025-02-27 21:27:34.343 [info] > git config --get commit.template [46ms]
2025-02-27 21:27:34.395 [info] > git for-each-ref --sort -committerdate --format %(refname) %(objectname) %(*objectname) [3ms]
2025-02-27 21:27:34.509 [info] > git status -z -uall [148ms]
2025-02-27 21:27:39.576 [info] [Git][getRemotes] No remotes found in the git config file
2025-02-27 21:27:39.578 [info] > git config --get commit.template [5ms]
2025-02-27 21:27:39.581 [info] > git for-each-ref --format=%(refname)%00%(upstream:short)%00%(objectname)%00%(upstream:track)%00%(upstream:remotename)%00%(upstream:remoteref) refs/heads/master refs/remotes/master [5ms]
2025-02-27 21:27:39.581 [warning] [Git][getBranch] No such branch: master
2025-02-27 21:27:39.598 [info] > git for-each-ref --sort -committerdate --format %(refname) %(objectname) %(*objectname) [2ms]
2025-02-27 21:27:39.666 [info] > git status -z -uall [78ms]
2025-02-27 21:27:44.739 [info] [Git][getRemotes] No remotes found in the git config file
2025-02-27 21:27:44.743 [info] > git for-each-ref --format=%(refname)%00%(upstream:short)%00%(objectname)%00%(upstream:track)%00%(upstream:remotename)%00%(upstream:remoteref) refs/heads/master refs/remotes/master [4ms]
2025-02-27 21:27:44.745 [warning] [Git][getBranch] No such branch: master
2025-02-27 21:27:44.746 [info] > git config --get commit.template [16ms]
2025-02-27 21:27:44.761 [info] > git for-each-ref --sort -committerdate --format %(refname) %(objectname) %(*objectname) [3ms]
2025-02-27 21:27:44.828 [info] > git status -z -uall [75ms]
2025-02-27 21:27:49.934 [info] [Git][getRemotes] No remotes found in the git config file
2025-02-27 21:27:49.936 [info] > git config --get commit.template [22ms]
2025-02-27 21:27:49.947 [info] > git for-each-ref --format=%(refname)%00%(upstream:short)%00%(objectname)%00%(upstream:track)%00%(upstream:remotename)%00%(upstream:remoteref) refs/heads/master refs/remotes/master [13ms]
2025-02-27 21:27:49.947 [warning] [Git][getBranch] No such branch: master
2025-02-27 21:27:49.963 [info] > git for-each-ref --sort -committerdate --format %(refname) %(objectname) %(*objectname) [1ms]
2025-02-27 21:27:50.057 [info] > git status -z -uall [104ms]
2025-02-27 21:27:55.143 [info] [Git][getRemotes] No remotes found in the git config file
2025-02-27 21:27:55.144 [info] > git config --get commit.template [11ms]
2025-02-27 21:27:55.153 [info] > git for-each-ref --format=%(refname)%00%(upstream:short)%00%(objectname)%00%(upstream:track)%00%(upstream:remotename)%00%(upstream:remoteref) refs/heads/master refs/remotes/master [10ms]
2025-02-27 21:27:55.153 [warning] [Git][getBranch] No such branch: master
2025-02-27 21:27:55.170 [info] > git for-each-ref --sort -committerdate --format %(refname) %(objectname) %(*objectname) [5ms]
2025-02-27 21:27:55.262 [info] > git status -z -uall [103ms]
2025-02-27 21:28:00.344 [info] [Git][getRemotes] No remotes found in the git config file
2025-02-27 21:28:00.346 [info] > git config --get commit.template [11ms]
2025-02-27 21:28:00.354 [info] > git for-each-ref --format=%(refname)%00%(upstream:short)%00%(objectname)%00%(upstream:track)%00%(upstream:remotename)%00%(upstream:remoteref) refs/heads/master refs/remotes/master [11ms]
2025-02-27 21:28:00.354 [warning] [Git][getBranch] No such branch: master
2025-02-27 21:28:00.376 [info] > git for-each-ref --sort -committerdate --format %(refname) %(objectname) %(*objectname) [5ms]
2025-02-27 21:28:00.450 [info] > git status -z -uall [88ms]
2025-02-27 21:28:05.560 [info] > git config --get commit.template [29ms]
2025-02-27 21:28:05.561 [info] [Git][getRemotes] No remotes found in the git config file
2025-02-27 21:28:05.572 [info] > git for-each-ref --format=%(refname)%00%(upstream:short)%00%(objectname)%00%(upstream:track)%00%(upstream:remotename)%00%(upstream:remoteref) refs/heads/master refs/remotes/master [15ms]
2025-02-27 21:28:05.572 [warning] [Git][getBranch] No such branch: master
2025-02-27 21:28:05.594 [info] > git for-each-ref --sort -committerdate --format %(refname) %(objectname) %(*objectname) [7ms]
2025-02-27 21:28:05.679 [info] > git status -z -uall [100ms]
