2025-03-03 16:12:57.617 [info] read schema from vscode: vscode://schemas/vscode-extensions
2025-03-03 16:12:58.542 [info] read schema from vscode: vscode://schemas/toolsParameters
2025-03-03 16:12:58.575 [info] read schema from vscode: vscode://schemas/settings/configurationDefaults
2025-03-03 16:12:58.963 [info] read schema from vscode: vscode://schemas/settings/resourceLanguage
2025-03-03 16:12:58.993 [info] read schema from vscode: vscode://schemas/token-styling
2025-03-03 16:12:58.995 [info] read schema from vscode: vscode://schemas/textmate-colors
2025-03-03 16:12:58.999 [info] read schema from vscode: vscode://schemas/workbench-colors
2025-03-03 16:13:02.391 [info] cancelled
2025-03-03 16:38:17.967 [info] schema change detected vscode://schemas/settings/resourceLanguage
2025-03-03 16:38:18.025 [info] read schema from vscode: vscode://schemas/vscode-extensions
2025-03-03 16:38:18.084 [info] schema change detected vscode://schemas/settings/configurationDefaults
2025-03-03 16:38:18.252 [info] read schema from vscode: vscode://schemas/settings/configurationDefaults
2025-03-03 16:38:18.567 [info] read schema from vscode: vscode://schemas/settings/resourceLanguage
2025-03-03 16:38:19.511 [info] schema change detected vscode://schemas/settings/resourceLanguage
2025-03-03 16:38:19.516 [info] read schema from vscode: vscode://schemas/vscode-extensions
2025-03-03 16:38:19.611 [info] schema change detected vscode://schemas/settings/configurationDefaults
2025-03-03 16:38:19.762 [info] read schema from vscode: vscode://schemas/settings/configurationDefaults
2025-03-03 16:38:20.028 [info] read schema from vscode: vscode://schemas/settings/resourceLanguage
2025-03-03 16:39:58.617 [info] schema change detected vscode://schemas/settings/configurationDefaults
2025-03-03 16:39:58.628 [info] schema change detected vscode://schemas/settings/configurationDefaults
2025-03-03 16:40:00.289 [info] schema change detected vscode://schemas/settings/resourceLanguage
2025-03-03 16:40:00.333 [info] schema change detected vscode://schemas/settings/configurationDefaults
2025-03-03 16:40:01.639 [info] schema change detected vscode://schemas/settings/configurationDefaults
2025-03-03 16:40:35.087 [info] schema change detected vscode://schemas/settings/configurationDefaults
